TN:
SF:src/analyze.ts
FN:8,getProjectName
FN:29,getKeyFiles
FN:46,getAllDependencies
FN:83,hasManifest
FN:104,parsePnpmWorkspaceYaml
FN:135,addWorkspaceChildren
FN:146,discoverPackageRoots
FN:209,mergeLanguages
FN:232,mergeFrameworks
FN:248,mergeDependencies
FN:257,detectBuildCommands
FN:372,analyze
FNF:12
FNH:11
FNDA:60,getProjectName
FNDA:60,getKeyFiles
FNDA:30,getAllDependencies
FNDA:30,hasManifest
FNDA:0,parsePnpmWorkspaceYaml
FNDA:90,addWorkspaceChildren
FNDA:30,discoverPackageRoots
FNDA:30,mergeLanguages
FNDA:30,mergeFrameworks
FNDA:30,mergeDependencies
FNDA:30,detectBuildCommands
FNDA:30,analyze
DA:1,1
DA:8,60
DA:9,60
DA:10,60
DA:11,60
DA:12,60
DA:14,30
DA:15,30
DA:16,30
DA:17,42
DA:18,60
DA:20,22
DA:21,22
DA:22,22
DA:23,40
DA:24,60
DA:26,22
DA:27,22
DA:29,60
DA:30,60
DA:31,60
DA:32,60
DA:33,60
DA:34,60
DA:35,60
DA:36,60
DA:37,60
DA:38,60
DA:40,60
DA:41,60
DA:42,60
DA:43,60
DA:44,60
DA:46,30
DA:47,30
DA:50,30
DA:51,30
DA:56,30
DA:57,60
DA:58,60
DA:59,30
DA:62,30
DA:63,30
DA:64,30
DA:65,24
DA:66,24
DA:67,30
DA:68,30
DA:71,30
DA:72,30
DA:73,30
DA:74,30
DA:75,0
DA:76,0
DA:77,30
DA:78,30
DA:80,30
DA:81,30
DA:83,30
DA:84,30
DA:85,30
DA:86,30
DA:87,30
DA:88,30
DA:89,30
DA:90,30
DA:91,30
DA:92,30
DA:93,30
DA:94,30
DA:95,30
DA:96,30
DA:97,30
DA:98,30
DA:104,0
DA:105,0
DA:106,0
DA:108,0
DA:109,0
DA:111,0
DA:112,0
DA:113,0
DA:114,0
DA:115,0
DA:117,0
DA:118,0
DA:119,0
DA:120,0
DA:121,0
DA:123,0
DA:124,0
DA:125,0
DA:126,0
DA:127,0
DA:128,0
DA:129,0
DA:130,0
DA:132,0
DA:133,0
DA:135,90
DA:136,90
DA:138,0
DA:139,0
DA:140,0
DA:141,0
DA:142,0
DA:143,0
DA:144,0
DA:146,30
DA:147,30
DA:149,30
DA:150,29
DA:151,29
DA:154,30
DA:155,30
DA:156,30
DA:157,0
DA:158,0
DA:159,0
DA:160,0
DA:161,0
DA:162,30
DA:164,30
DA:167,30
DA:168,30
DA:171,30
DA:172,0
DA:173,0
DA:174,0
DA:175,0
DA:176,0
DA:177,30
DA:179,30
DA:182,30
DA:183,0
DA:184,0
DA:185,0
DA:186,0
DA:189,30
DA:190,0
DA:191,0
DA:192,0
DA:193,0
DA:195,30
DA:196,90
DA:197,90
DA:202,30
DA:203,1
DA:204,1
DA:206,30
DA:207,30
DA:209,30
DA:210,30
DA:212,30
DA:213,30
DA:214,39
DA:215,39
DA:216,39
DA:217,39
DA:218,39
DA:219,30
DA:221,30
DA:222,30
DA:223,30
DA:224,39
DA:225,39
DA:226,39
DA:227,39
DA:228,30
DA:229,30
DA:230,30
DA:232,30
DA:233,30
DA:234,30
DA:236,30
DA:237,30
DA:238,35
DA:239,35
DA:240,35
DA:241,35
DA:242,35
DA:243,30
DA:245,30
DA:246,30
DA:248,30
DA:249,30
DA:250,30
DA:251,30
DA:252,30
DA:253,30
DA:254,30
DA:257,30
DA:258,30
DA:261,30
DA:262,30
DA:265,30
DA:268,30
DA:269,30
DA:270,30
DA:271,30
DA:272,30
DA:274,30
DA:275,33
DA:276,33
DA:277,23
DA:278,60
DA:279,60
DA:280,16
DA:281,33
DA:282,33
DA:283,23
DA:284,45
DA:285,45
DA:286,16
DA:287,33
DA:288,33
DA:289,30
DA:292,30
DA:293,30
DA:294,30
DA:297,30
DA:298,30
DA:299,30
DA:300,0
DA:301,0
DA:302,0
DA:305,0
DA:306,0
DA:307,0
DA:308,0
DA:310,30
DA:311,0
DA:312,0
DA:314,30
DA:315,0
DA:316,0
DA:317,30
DA:318,30
DA:321,30
DA:322,30
DA:323,30
DA:324,30
DA:325,30
DA:326,30
DA:327,30
DA:328,30
DA:331,30
DA:332,30
DA:333,30
DA:335,30
DA:336,30
DA:337,30
DA:338,30
DA:339,30
DA:340,30
DA:343,30
DA:344,4
DA:345,4
DA:346,4
DA:349,30
DA:350,0
DA:351,0
DA:352,0
DA:355,30
DA:356,0
DA:357,0
DA:358,0
DA:361,30
DA:362,20
DA:363,20
DA:364,30
DA:365,0
DA:366,0
DA:367,0
DA:369,30
DA:370,30
DA:372,1
DA:373,30
DA:374,30
DA:375,30
DA:376,30
DA:377,30
DA:378,30
DA:379,30
DA:380,30
DA:381,30
DA:382,30
DA:383,30
DA:385,30
DA:386,30
DA:387,30
DA:388,30
DA:390,30
DA:391,30
DA:392,30
DA:393,30
DA:394,30
DA:395,30
DA:396,30
DA:397,30
DA:398,30
DA:399,30
DA:400,30
DA:401,30
DA:402,30
DA:403,30
DA:404,30
DA:405,30
DA:406,30
LF:309
LH:237
BRDA:8,0,0,60
BRDA:11,1,0,30
BRDA:12,2,0,42
BRDA:12,3,0,30
BRDA:17,4,0,8
BRDA:17,5,0,0
BRDA:18,6,0,40
BRDA:18,7,0,22
BRDA:23,8,0,0
BRDA:24,9,0,22
BRDA:29,10,0,60
BRDA:41,11,0,1440
BRDA:42,12,0,1440
BRDA:43,13,0,76
BRDA:46,14,0,30
BRDA:56,15,0,23
BRDA:56,16,0,60
BRDA:58,17,0,15
BRDA:59,18,0,15
BRDA:68,19,0,26
BRDA:73,20,0,0
BRDA:73,21,0,0
BRDA:64,22,0,24
BRDA:66,23,0,20
BRDA:83,24,0,30
BRDA:97,25,0,114
BRDA:135,26,0,90
BRDA:136,27,0,0
BRDA:136,28,0,0
BRDA:146,29,0,30
BRDA:149,30,0,29
BRDA:156,31,0,0
BRDA:171,32,0,0
BRDA:171,33,0,0
BRDA:182,34,0,0
BRDA:189,35,0,0
BRDA:195,36,0,90
BRDA:202,37,0,1
BRDA:209,38,0,30
BRDA:213,39,0,39
BRDA:221,40,0,0
BRDA:221,41,0,39
BRDA:223,42,0,39
BRDA:229,43,0,9
BRDA:232,44,0,30
BRDA:237,45,0,35
BRDA:239,46,0,0
BRDA:248,47,0,30
BRDA:251,48,0,80
BRDA:257,49,0,30
BRDA:265,50,0,9
BRDA:274,51,0,23
BRDA:274,52,0,16
BRDA:274,53,0,33
BRDA:275,54,0,6
BRDA:276,55,0,15
BRDA:277,56,0,60
BRDA:278,57,0,0
BRDA:279,58,0,16
BRDA:279,59,0,15
BRDA:280,60,0,33
BRDA:281,61,0,6
BRDA:282,62,0,15
BRDA:283,63,0,45
BRDA:284,64,0,0
BRDA:285,65,0,16
BRDA:285,66,0,15
BRDA:286,67,0,33
BRDA:287,68,0,6
BRDA:288,69,0,15
BRDA:289,70,0,15
BRDA:292,71,0,0
BRDA:297,72,0,0
BRDA:297,73,0,0
BRDA:299,74,0,0
BRDA:310,75,0,0
BRDA:314,76,0,0
BRDA:324,77,0,13
BRDA:324,78,0,0
BRDA:324,79,0,4
BRDA:325,80,0,13
BRDA:325,81,0,4
BRDA:326,82,0,0
BRDA:326,83,0,0
BRDA:327,84,0,26
BRDA:335,85,0,0
BRDA:335,86,0,0
BRDA:336,87,0,0
BRDA:337,88,0,0
BRDA:338,89,0,0
BRDA:339,90,0,0
BRDA:343,91,0,24
BRDA:343,92,0,4
BRDA:349,93,0,20
BRDA:349,94,0,0
BRDA:355,95,0,20
BRDA:355,96,0,0
BRDA:361,97,0,20
BRDA:364,98,0,0
BRDA:372,99,0,30
BRDA:392,100,0,0
BRDA:375,101,0,30
BRF:102
BRH:68
end_of_record
TN:
SF:src/bootstrap.ts
FN:58,buildInstallCmd
FN:67,installSkill
FN:101,runBootstrap
FN:199,formatBootstrapReport
FN:205,pad
FNF:5
FNH:5
FNDA:72,buildInstallCmd
FNDA:12,installSkill
FNDA:24,runBootstrap
FNDA:7,formatBootstrapReport
FNDA:50,pad
DA:1,1
DA:58,72
DA:59,72
DA:60,72
DA:61,72
DA:67,12
DA:68,12
DA:69,12
DA:70,12
DA:71,12
DA:73,0
DA:74,0
DA:75,12
DA:77,12
DA:78,12
DA:79,12
DA:80,12
DA:81,12
DA:83,12
DA:85,12
DA:86,12
DA:87,12
DA:88,12
DA:89,12
DA:90,12
DA:91,12
DA:92,12
DA:101,1
DA:102,24
DA:103,24
DA:105,24
DA:108,24
DA:109,24
DA:110,24
DA:111,24
DA:113,24
DA:114,72
DA:115,72
DA:116,72
DA:117,72
DA:118,72
DA:119,72
DA:120,72
DA:121,72
DA:123,72
DA:124,15
DA:125,3
DA:126,3
DA:127,15
DA:128,12
DA:129,12
DA:130,11
DA:131,12
DA:132,1
DA:133,1
DA:134,1
DA:135,12
DA:136,15
DA:138,72
DA:139,72
DA:142,24
DA:143,4
DA:144,4
DA:145,4
DA:146,4
DA:147,4
DA:148,4
DA:149,4
DA:150,4
DA:153,24
DA:154,43
DA:155,43
DA:156,43
DA:157,43
DA:158,43
DA:159,43
DA:160,43
DA:161,43
DA:164,24
DA:165,0
DA:166,0
DA:167,0
DA:168,0
DA:169,0
DA:170,0
DA:171,0
DA:172,0
DA:174,24
DA:175,24
DA:176,24
DA:177,24
DA:179,24
DA:180,24
DA:181,24
DA:182,24
DA:183,24
DA:184,24
DA:185,24
DA:186,24
DA:187,24
DA:188,24
DA:189,24
DA:190,24
DA:191,24
DA:192,24
DA:199,1
DA:200,7
DA:201,7
DA:202,6
DA:203,1
DA:205,7
DA:207,7
DA:208,7
DA:209,7
DA:210,7
DA:211,7
DA:212,7
DA:213,7
DA:214,7
DA:215,7
DA:216,7
DA:217,7
DA:219,7
DA:220,0
DA:221,0
DA:222,0
DA:223,0
DA:225,7
DA:226,7
DA:227,7
DA:229,7
DA:230,25
DA:231,25
DA:232,23
DA:233,22
DA:234,22
DA:236,25
DA:237,25
DA:238,25
DA:239,25
DA:240,23
DA:241,23
DA:242,25
DA:243,0
DA:244,0
DA:245,25
DA:246,0
DA:247,0
DA:248,25
DA:250,7
DA:252,7
DA:253,6
DA:254,6
DA:255,6
DA:256,6
DA:257,7
DA:258,1
DA:259,1
DA:260,1
DA:261,1
DA:262,1
DA:263,1
DA:264,1
DA:265,1
DA:266,1
DA:267,1
DA:268,1
DA:269,1
DA:270,1
DA:272,7
DA:273,7
DA:274,7
LF:172
LH:154
BRDA:58,0,0,72
BRDA:59,1,0,57
BRDA:59,2,0,15
BRDA:67,3,0,12
BRDA:71,4,0,0
BRDA:83,5,0,11
BRDA:83,6,0,1
BRDA:85,7,0,0
BRDA:86,8,0,1
BRDA:86,9,0,0
BRDA:90,10,0,0
BRDA:101,11,0,24
BRDA:113,12,0,72
BRDA:118,13,0,39
BRDA:118,14,0,33
BRDA:123,15,0,15
BRDA:124,16,0,3
BRDA:127,17,0,12
BRDA:129,18,0,11
BRDA:131,19,0,1
BRDA:142,20,0,4
BRDA:148,21,0,0
BRDA:153,22,0,43
BRDA:159,23,0,36
BRDA:159,24,0,7
BRDA:164,25,0,0
BRDA:109,26,0,33
BRDA:110,27,0,39
BRDA:174,28,0,119
BRDA:175,29,0,119
BRDA:176,30,0,119
BRDA:177,31,0,119
BRDA:182,32,0,2
BRDA:199,33,0,7
BRDA:201,34,0,6
BRDA:202,35,0,1
BRDA:214,36,0,0
BRDA:216,37,0,0
BRDA:219,38,0,0
BRDA:225,39,0,6
BRDA:225,40,0,1
BRDA:229,41,0,25
BRDA:231,42,0,2
BRDA:231,43,0,23
BRDA:232,44,0,1
BRDA:232,45,0,22
BRDA:233,46,0,0
BRDA:239,47,0,24
BRDA:239,48,0,2
BRDA:239,49,0,23
BRDA:242,50,0,0
BRDA:242,51,0,0
BRDA:245,52,0,0
BRDA:245,53,0,0
BRDA:252,54,0,6
BRDA:257,55,0,1
BRDA:261,56,0,0
BRDA:262,57,0,0
BRDA:205,58,0,50
BRF:59
BRH:43
end_of_record
TN:
SF:src/doctor.ts
FN:49,checkMcpRuntimeExists
FN:65,checkMcpRuntimeHealthcheck
FN:117,checkMcpConfigPresent
FN:131,parseMcpConfig
FN:141,getServerEntry
FN:147,checkMcpAiOsEntry
FN:173,checkMcpCommandResolves
FN:225,checkAiOsConfigPresent
FN:255,checkToolsFilePresent
FN:285,checkSkillsDeployed
FN:317,runDoctor
FN:361,printDoctorReport
FNF:12
FNH:12
FNDA:24,checkMcpRuntimeExists
FNDA:24,checkMcpRuntimeHealthcheck
FNDA:48,checkMcpConfigPresent
FNDA:96,parseMcpConfig
FNDA:58,getServerEntry
FNDA:48,checkMcpAiOsEntry
FNDA:48,checkMcpCommandResolves
FNDA:24,checkAiOsConfigPresent
FNDA:24,checkToolsFilePresent
FNDA:24,checkSkillsDeployed
FNDA:24,runDoctor
FNDA:4,printDoctorReport
DA:1,1
DA:49,24
DA:50,24
DA:51,24
DA:52,24
DA:53,24
DA:54,24
DA:55,24
DA:56,24
DA:57,3
DA:58,21
DA:59,24
DA:60,3
DA:61,21
DA:62,24
DA:63,24
DA:65,24
DA:66,24
DA:67,24
DA:69,24
DA:70,21
DA:71,21
DA:72,21
DA:73,21
DA:74,21
DA:75,21
DA:76,21
DA:77,21
DA:79,3
DA:80,3
DA:81,3
DA:82,3
DA:83,3
DA:84,3
DA:86,3
DA:87,3
DA:89,3
DA:90,3
DA:91,3
DA:92,3
DA:93,3
DA:94,3
DA:95,0
DA:96,24
DA:97,3
DA:98,0
DA:99,24
DA:100,24
DA:117,48
DA:118,48
DA:119,48
DA:120,48
DA:121,48
DA:122,48
DA:123,48
DA:124,48
DA:125,48
DA:126,10
DA:127,38
DA:128,48
DA:129,48
DA:131,96
DA:132,96
DA:133,96
DA:134,20
DA:135,20
DA:136,96
DA:137,0
DA:138,0
DA:139,96
DA:141,58
DA:142,58
DA:143,20
DA:144,20
DA:145,58
DA:147,48
DA:148,48
DA:149,48
DA:150,38
DA:151,38
DA:152,38
DA:153,38
DA:154,38
DA:155,38
DA:156,38
DA:157,38
DA:158,10
DA:159,10
DA:160,10
DA:161,10
DA:162,10
DA:163,10
DA:164,10
DA:165,8
DA:166,2
DA:167,48
DA:168,8
DA:169,2
DA:170,48
DA:171,48
DA:173,48
DA:174,48
DA:175,48
DA:177,48
DA:178,40
DA:179,40
DA:180,40
DA:181,40
DA:182,40
DA:183,40
DA:184,40
DA:185,40
DA:187,48
DA:188,48
DA:191,48
DA:192,6
DA:193,48
DA:196,48
DA:197,48
DA:198,4
DA:199,4
DA:200,48
DA:201,48
DA:202,6
DA:203,6
DA:204,6
DA:205,6
DA:206,6
DA:207,6
DA:208,2
DA:209,4
DA:210,6
DA:211,2
DA:212,4
DA:213,6
DA:214,6
DA:217,2
DA:218,2
DA:219,2
DA:220,2
DA:221,2
DA:222,2
DA:223,2
DA:225,24
DA:226,24
DA:227,24
DA:228,22
DA:229,22
DA:230,22
DA:231,22
DA:232,22
DA:233,22
DA:234,22
DA:235,22
DA:236,2
DA:237,2
DA:238,2
DA:239,2
DA:240,2
DA:241,2
DA:242,2
DA:243,2
DA:244,24
DA:245,1
DA:246,1
DA:247,1
DA:248,1
DA:249,1
DA:250,1
DA:251,1
DA:252,1
DA:253,24
DA:255,24
DA:256,24
DA:257,24
DA:258,23
DA:259,23
DA:260,23
DA:261,23
DA:262,23
DA:263,23
DA:264,23
DA:265,23
DA:266,1
DA:267,1
DA:268,1
DA:269,1
DA:270,1
DA:271,1
DA:272,1
DA:273,1
DA:274,24
DA:275,0
DA:276,0
DA:277,0
DA:278,0
DA:279,0
DA:280,0
DA:281,0
DA:282,0
DA:283,24
DA:285,24
DA:287,24
DA:288,24
DA:289,24
DA:290,24
DA:292,24
DA:293,47
DA:294,2
DA:295,2
DA:296,2
DA:297,2
DA:298,2
DA:299,2
DA:300,2
DA:301,47
DA:303,22
DA:304,22
DA:305,22
DA:306,22
DA:307,22
DA:308,22
DA:309,22
DA:310,22
DA:317,1
DA:318,24
DA:319,24
DA:320,24
DA:321,24
DA:322,24
DA:323,24
DA:324,24
DA:326,24
DA:327,24
DA:328,24
DA:329,24
DA:330,24
DA:331,24
DA:332,24
DA:334,24
DA:335,24
DA:336,24
DA:337,24
DA:338,24
DA:339,24
DA:340,24
DA:341,24
DA:342,24
DA:343,24
DA:344,24
DA:345,24
DA:346,24
DA:348,24
DA:349,24
DA:351,24
DA:352,24
DA:353,24
DA:354,24
DA:355,24
DA:356,24
DA:357,24
DA:358,24
DA:361,1
DA:362,4
DA:364,4
DA:365,4
DA:366,4
DA:368,4
DA:369,4
DA:370,4
DA:371,4
DA:372,4
DA:373,3
DA:374,3
DA:375,4
DA:376,3
DA:377,3
DA:378,4
DA:380,4
DA:382,4
DA:383,4
DA:385,4
DA:386,1
DA:387,4
DA:388,2
DA:389,2
DA:390,3
DA:391,1
DA:392,1
DA:393,1
DA:395,4
DA:397,4
DA:398,4
LF:293
LH:281
BRDA:49,0,0,24
BRDA:51,1,0,3
BRDA:56,2,0,3
BRDA:57,3,0,21
BRDA:59,4,0,3
BRDA:60,5,0,21
BRDA:65,6,0,24
BRDA:69,7,0,21
BRDA:77,8,0,3
BRDA:94,9,0,0
BRDA:96,10,0,3
BRDA:97,11,0,0
BRDA:117,12,0,48
BRDA:124,13,0,10
BRDA:124,14,0,38
BRDA:125,15,0,10
BRDA:126,16,0,38
BRDA:131,17,0,96
BRDA:133,18,0,76
BRDA:133,19,0,20
BRDA:136,20,0,0
BRDA:141,21,0,58
BRDA:142,22,0,38
BRDA:142,23,0,20
BRDA:147,24,0,48
BRDA:149,25,0,38
BRDA:157,26,0,10
BRDA:164,27,0,8
BRDA:165,28,0,2
BRDA:167,29,0,8
BRDA:168,30,0,2
BRDA:173,31,0,48
BRDA:177,32,0,40
BRDA:185,33,0,8
BRDA:187,34,0,0
BRDA:188,35,0,0
BRDA:197,36,0,6
BRDA:197,37,0,4
BRDA:198,38,0,4
BRDA:201,39,0,0
BRDA:201,40,0,0
BRDA:201,41,0,0
BRDA:201,42,0,8
BRDA:201,43,0,6
BRDA:202,44,0,2
BRDA:207,45,0,2
BRDA:208,46,0,4
BRDA:210,47,0,2
BRDA:211,48,0,4
BRDA:214,49,0,2
BRDA:191,50,0,6
BRDA:225,51,0,24
BRDA:227,52,0,22
BRDA:235,53,0,2
BRDA:244,54,0,1
BRDA:255,55,0,24
BRDA:257,56,0,23
BRDA:265,57,0,1
BRDA:274,58,0,0
BRDA:285,59,0,24
BRDA:292,60,0,47
BRDA:293,61,0,2
BRDA:301,62,0,22
BRDA:317,63,0,24
BRDA:348,64,0,264
BRDA:348,65,0,190
BRDA:349,66,0,264
BRDA:349,67,0,74
BRDA:361,68,0,4
BRDA:369,69,0,1
BRDA:369,70,0,3
BRDA:369,71,0,2
BRDA:369,72,0,1
BRDA:370,73,0,3
BRDA:370,74,0,2
BRDA:370,75,0,2
BRDA:372,76,0,3
BRDA:375,77,0,3
BRDA:375,78,0,3
BRDA:385,79,0,2
BRDA:385,80,0,1
BRDA:387,81,0,3
BRDA:387,82,0,2
BRDA:390,83,0,1
BRDA:397,84,0,2
BRDA:397,85,0,2
BRDA:383,86,0,4
BRF:87
BRH:78
end_of_record
TN:
SF:src/generate.ts
FN:1,(empty-report)
FNF:1
FNH:0
FNDA:0,(empty-report)
DA:1,0
DA:2,0
DA:4,0
DA:5,0
DA:6,0
DA:7,0
LF:6
LH:0
BRDA:1,0,0,0
BRF:1
BRH:0
end_of_record
TN:
SF:src/mcp-tools.ts
FN:16,always
FN:73,condition
FN:79,condition
FN:93,condition
FN:333,getMcpToolsForStack
FN:339,getAllMcpTools
FN:354,getToolsWithStackSplit
FNF:7
FNH:7
FNDA:459,always
FNDA:17,condition
FNDA:17,condition
FNDA:17,condition
FNDA:1,getMcpToolsForStack
FNDA:6,getAllMcpTools
FNDA:6,getToolsWithStackSplit
DA:16,1
DA:18,1
DA:19,1
DA:20,1
DA:21,1
DA:22,1
DA:23,1
DA:24,1
DA:25,1
DA:26,1
DA:27,1
DA:28,1
DA:29,1
DA:30,1
DA:31,1
DA:32,1
DA:33,1
DA:34,1
DA:35,1
DA:36,1
DA:37,1
DA:38,1
DA:39,1
DA:40,1
DA:41,1
DA:42,1
DA:43,1
DA:44,1
DA:45,1
DA:46,1
DA:47,1
DA:48,1
DA:49,1
DA:50,1
DA:51,1
DA:52,1
DA:53,1
DA:54,1
DA:55,1
DA:56,1
DA:57,1
DA:58,1
DA:59,1
DA:60,1
DA:61,1
DA:62,1
DA:63,1
DA:64,1
DA:65,1
DA:66,1
DA:67,1
DA:68,1
DA:69,1
DA:70,1
DA:71,1
DA:72,1
DA:73,1
DA:74,1
DA:75,1
DA:76,1
DA:77,1
DA:78,1
DA:79,1
DA:80,17
DA:81,17
DA:82,17
DA:83,1
DA:84,1
DA:85,1
DA:86,1
DA:87,1
DA:88,1
DA:89,1
DA:90,1
DA:91,1
DA:92,1
DA:93,1
DA:94,17
DA:95,17
DA:96,0
DA:97,0
DA:98,0
DA:99,0
DA:100,0
DA:101,0
DA:102,0
DA:103,0
DA:104,0
DA:105,0
DA:106,0
DA:107,0
DA:108,0
DA:109,0
DA:110,0
DA:111,17
DA:112,17
DA:113,1
DA:114,1
DA:115,1
DA:116,1
DA:117,1
DA:118,1
DA:119,1
DA:120,1
DA:121,1
DA:122,1
DA:123,1
DA:124,1
DA:125,1
DA:126,1
DA:127,1
DA:128,1
DA:129,1
DA:130,1
DA:131,1
DA:132,1
DA:133,1
DA:134,1
DA:135,1
DA:136,1
DA:137,1
DA:138,1
DA:139,1
DA:140,1
DA:141,1
DA:142,1
DA:143,1
DA:144,1
DA:145,1
DA:146,1
DA:147,1
DA:148,1
DA:149,1
DA:150,1
DA:151,1
DA:152,1
DA:153,1
DA:154,1
DA:155,1
DA:156,1
DA:157,1
DA:158,1
DA:159,1
DA:160,1
DA:161,1
DA:162,1
DA:163,1
DA:164,1
DA:165,1
DA:166,1
DA:167,1
DA:168,1
DA:169,1
DA:170,1
DA:171,1
DA:172,1
DA:173,1
DA:174,1
DA:175,1
DA:176,1
DA:177,1
DA:178,1
DA:179,1
DA:180,1
DA:181,1
DA:182,1
DA:183,1
DA:184,1
DA:185,1
DA:186,1
DA:187,1
DA:188,1
DA:189,1
DA:190,1
DA:191,1
DA:192,1
DA:193,1
DA:194,1
DA:195,1
DA:196,1
DA:197,1
DA:198,1
DA:199,1
DA:200,1
DA:201,1
DA:202,1
DA:203,1
DA:204,1
DA:205,1
DA:206,1
DA:207,1
DA:208,1
DA:209,1
DA:210,1
DA:211,1
DA:212,1
DA:213,1
DA:214,1
DA:215,1
DA:216,1
DA:217,1
DA:218,1
DA:219,1
DA:220,1
DA:221,1
DA:222,1
DA:223,1
DA:224,1
DA:225,1
DA:226,1
DA:227,1
DA:228,1
DA:229,1
DA:230,1
DA:231,1
DA:232,1
DA:233,1
DA:234,1
DA:235,1
DA:236,1
DA:237,1
DA:238,1
DA:239,1
DA:240,1
DA:241,1
DA:242,1
DA:243,1
DA:244,1
DA:245,1
DA:246,1
DA:247,1
DA:248,1
DA:249,1
DA:250,1
DA:251,1
DA:252,1
DA:253,1
DA:254,1
DA:255,1
DA:256,1
DA:257,1
DA:258,1
DA:259,1
DA:260,1
DA:261,1
DA:262,1
DA:263,1
DA:264,1
DA:265,1
DA:266,1
DA:267,1
DA:268,1
DA:270,1
DA:271,1
DA:272,1
DA:273,1
DA:274,1
DA:275,1
DA:277,1
DA:278,1
DA:279,1
DA:280,1
DA:281,1
DA:282,1
DA:284,1
DA:285,1
DA:286,1
DA:287,1
DA:288,1
DA:289,1
DA:291,1
DA:292,1
DA:293,1
DA:294,1
DA:295,1
DA:296,1
DA:297,1
DA:298,1
DA:299,1
DA:300,1
DA:301,1
DA:302,1
DA:304,1
DA:305,1
DA:306,1
DA:307,1
DA:308,1
DA:309,1
DA:311,1
DA:312,1
DA:313,1
DA:314,1
DA:315,1
DA:316,1
DA:318,1
DA:319,1
DA:320,1
DA:321,1
DA:322,1
DA:323,1
DA:325,1
DA:326,1
DA:327,1
DA:328,1
DA:329,1
DA:330,1
DA:331,1
DA:333,1
DA:334,1
DA:335,1
DA:336,1
DA:337,1
DA:339,1
DA:340,6
DA:341,6
DA:354,1
DA:355,6
DA:356,6
DA:358,6
DA:359,180
DA:360,164
DA:361,180
DA:362,16
DA:363,16
DA:364,180
DA:366,6
DA:367,6
LF:327
LH:312
BRDA:16,0,0,459
BRDA:73,1,0,17
BRDA:73,2,0,16
BRDA:79,3,0,17
BRDA:81,4,0,16
BRDA:93,5,0,17
BRDA:333,6,0,1
BRDA:335,7,0,30
BRDA:335,8,0,0
BRDA:336,9,0,27
BRDA:339,10,0,6
BRDA:340,11,0,180
BRDA:354,12,0,6
BRDA:358,13,0,180
BRDA:359,14,0,164
BRDA:361,15,0,16
BRF:16
BRH:15
end_of_record
TN:
SF:src/planner.ts
FN:23,exists
FN:27,detectRepoType
FN:45,decideAction
FN:95,buildOnboardingPlan
FN:137,formatOnboardingPlan
FNF:5
FNH:4
FNDA:52,exists
FNDA:2,detectRepoType
FNDA:44,decideAction
FNDA:2,buildOnboardingPlan
FNDA:0,formatOnboardingPlan
DA:1,1
DA:23,52
DA:24,52
DA:25,52
DA:27,2
DA:28,2
DA:29,2
DA:30,0
DA:31,0
DA:32,2
DA:33,2
DA:39,1
DA:40,1
DA:41,1
DA:42,1
DA:43,1
DA:45,44
DA:46,44
DA:47,44
DA:48,44
DA:49,44
DA:50,44
DA:51,44
DA:52,44
DA:54,44
DA:55,42
DA:56,42
DA:60,44
DA:61,1
DA:62,1
DA:63,1
DA:64,1
DA:65,1
DA:66,1
DA:67,1
DA:69,44
DA:70,0
DA:71,0
DA:72,0
DA:73,0
DA:74,0
DA:75,0
DA:76,0
DA:78,44
DA:79,1
DA:80,1
DA:81,1
DA:82,1
DA:83,1
DA:84,1
DA:85,1
DA:87,0
DA:88,0
DA:89,0
DA:90,0
DA:91,0
DA:92,0
DA:93,0
DA:95,1
DA:96,2
DA:97,2
DA:98,2
DA:99,2
DA:100,2
DA:101,2
DA:104,2
DA:105,2
DA:106,2
DA:107,2
DA:108,2
DA:109,2
DA:110,2
DA:111,2
DA:112,2
DA:113,2
DA:114,2
DA:115,2
DA:116,2
DA:117,2
DA:118,2
DA:119,2
DA:120,2
DA:121,2
DA:124,2
DA:125,2
DA:126,2
DA:127,2
DA:129,2
DA:130,2
DA:131,2
DA:132,2
DA:133,2
DA:134,2
DA:135,2
DA:137,1
DA:138,0
DA:139,0
DA:140,0
DA:141,0
DA:142,0
DA:143,0
DA:144,0
DA:146,0
DA:147,0
DA:148,0
DA:149,0
DA:150,0
DA:151,0
DA:152,0
DA:153,0
DA:155,0
DA:156,0
DA:157,0
DA:158,0
DA:160,0
DA:161,0
DA:162,0
DA:163,0
DA:164,0
LF:119
LH:79
BRDA:23,0,0,52
BRDA:27,1,0,2
BRDA:28,2,0,0
BRDA:29,3,0,0
BRDA:45,4,0,44
BRDA:54,5,0,42
BRDA:56,6,0,2
BRDA:60,7,0,1
BRDA:60,8,0,1
BRDA:69,9,0,0
BRDA:76,10,0,1
BRDA:78,11,0,0
BRDA:78,12,0,1
BRDA:85,13,0,0
BRDA:95,14,0,2
BRDA:100,15,0,0
BRF:16
BRH:10
end_of_record
TN:
SF:src/profile.ts
FN:66,applyProfile
FN:74,describeProfile
FN:88,parseProfile
FNF:3
FNH:3
FNDA:5,applyProfile
FNDA:5,describeProfile
FNDA:10,parseProfile
DA:26,1
DA:28,1
DA:29,1
DA:30,1
DA:31,1
DA:32,1
DA:33,1
DA:34,1
DA:35,1
DA:36,1
DA:39,1
DA:40,1
DA:41,1
DA:42,1
DA:43,1
DA:44,1
DA:45,1
DA:46,1
DA:47,1
DA:50,1
DA:51,1
DA:52,1
DA:53,1
DA:54,1
DA:55,1
DA:56,1
DA:57,1
DA:58,1
DA:59,1
DA:66,1
DA:67,5
DA:68,5
DA:69,5
DA:74,1
DA:75,5
DA:76,5
DA:77,5
DA:78,5
DA:79,5
DA:80,5
DA:81,5
DA:82,5
DA:83,5
DA:84,5
DA:85,5
DA:88,1
DA:89,10
DA:90,5
DA:91,5
LF:49
LH:49
BRDA:66,0,0,5
BRDA:74,1,0,5
BRDA:77,2,0,2
BRDA:77,3,0,3
BRDA:78,4,0,3
BRDA:78,5,0,2
BRDA:79,6,0,3
BRDA:79,7,0,2
BRDA:80,8,0,3
BRDA:80,9,0,2
BRDA:81,10,0,3
BRDA:81,11,0,2
BRDA:88,12,0,10
BRDA:89,13,0,9
BRDA:89,14,0,7
BRDA:89,15,0,5
BRF:16
BRH:16
end_of_record
TN:
SF:src/types.ts
FN:168,isAiOsConfig
FNF:1
FNH:1
FNDA:9,isAiOsConfig
DA:168,1
DA:169,9
DA:170,8
DA:171,8
DA:172,8
DA:173,6
DA:174,6
DA:175,6
DA:176,6
DA:177,6
DA:178,5
DA:179,4
DA:181,9
LF:13
LH:13
BRDA:168,0,0,9
BRDA:169,1,0,1
BRDA:169,2,0,8
BRDA:172,3,0,6
BRDA:173,4,0,6
BRDA:174,5,0,6
BRDA:175,6,0,6
BRDA:176,7,0,6
BRDA:177,8,0,5
BRDA:178,9,0,4
BRF:10
BRH:10
end_of_record
TN:
SF:src/uninstall.ts
FN:30,readProtectedPaths
FN:51,hasUserBlocks
FN:61,removeEmptyDirs
FN:75,runUninstall
FN:180,formatUninstallReport
FNF:5
FNH:5
FNDA:7,readProtectedPaths
FNDA:4,hasUserBlocks
FNDA:5,removeEmptyDirs
FNDA:8,runUninstall
FNDA:2,formatUninstallReport
DA:1,1
DA:30,7
DA:31,7
DA:32,7
DA:33,1
DA:34,1
DA:35,7
DA:36,1
DA:37,1
DA:38,1
DA:39,1
DA:40,1
DA:41,7
DA:42,0
DA:43,0
DA:45,1
DA:46,7
DA:47,0
DA:48,0
DA:49,7
DA:51,4
DA:52,4
DA:53,4
DA:54,4
DA:55,4
DA:56,4
DA:57,0
DA:58,0
DA:59,4
DA:61,5
DA:63,5
DA:64,5
DA:65,27
DA:66,27
DA:67,6
DA:68,6
DA:69,27
DA:70,27
DA:71,5
DA:75,1
DA:76,8
DA:78,8
DA:79,8
DA:80,8
DA:81,8
DA:82,8
DA:83,8
DA:84,8
DA:85,8
DA:87,8
DA:88,8
DA:89,1
DA:90,1
DA:91,1
DA:93,7
DA:94,7
DA:96,8
DA:97,6
DA:99,6
DA:100,1
DA:101,1
DA:102,1
DA:103,1
DA:106,6
DA:107,1
DA:108,1
DA:109,1
DA:110,1
DA:113,6
DA:114,1
DA:115,1
DA:116,1
DA:117,1
DA:119,6
DA:120,1
DA:121,1
DA:122,1
DA:123,1
DA:125,2
DA:126,2
DA:127,2
DA:128,2
DA:129,6
DA:130,6
DA:131,0
DA:132,0
DA:133,0
DA:134,0
DA:135,6
DA:138,7
DA:139,7
DA:140,7
DA:141,7
DA:142,7
DA:144,8
DA:145,5
DA:146,10
DA:147,10
DA:148,0
DA:149,0
DA:150,0
DA:151,10
DA:152,0
DA:153,0
DA:154,0
DA:155,10
DA:158,5
DA:159,5
DA:160,5
DA:161,5
DA:162,5
DA:163,5
DA:166,5
DA:167,5
DA:168,5
DA:169,5
DA:170,5
DA:171,5
DA:172,5
DA:173,5
DA:174,5
DA:175,5
DA:177,7
DA:178,7
DA:180,1
DA:181,2
DA:182,2
DA:184,2
DA:185,2
DA:186,2
DA:187,2
DA:188,2
DA:190,2
DA:191,0
DA:192,0
DA:193,0
DA:195,2
DA:196,0
DA:197,0
DA:198,0
DA:200,2
DA:201,2
LF:142
LH:120
BRDA:30,0,0,7
BRDA:32,1,0,6
BRDA:32,2,0,1
BRDA:35,3,0,0
BRDA:35,4,0,1
BRDA:41,5,0,0
BRDA:43,6,0,1
BRDA:46,7,0,0
BRDA:45,8,0,1
BRDA:51,9,0,4
BRDA:56,10,0,0
BRDA:61,11,0,5
BRDA:64,12,0,27
BRDA:66,13,0,7
BRDA:66,14,0,6
BRDA:69,15,0,0
BRDA:63,16,0,47
BRDA:75,17,0,8
BRDA:88,18,0,1
BRDA:91,19,0,7
BRDA:96,20,0,6
BRDA:99,21,0,1
BRDA:101,22,0,0
BRDA:103,23,0,5
BRDA:106,24,0,1
BRDA:108,25,0,0
BRDA:110,26,0,4
BRDA:113,27,0,1
BRDA:115,28,0,0
BRDA:117,29,0,3
BRDA:119,30,0,1
BRDA:123,31,0,2
BRDA:129,32,0,0
BRDA:130,33,0,0
BRDA:135,34,0,7
BRDA:144,35,0,5
BRDA:145,36,0,10
BRDA:147,37,0,0
BRDA:151,38,0,0
BRDA:161,39,0,0
BRDA:163,40,0,0
BRDA:175,41,0,7
BRDA:180,42,0,2
BRDA:182,43,0,1
BRDA:182,44,0,1
BRDA:186,45,0,0
BRDA:187,46,0,0
BRDA:188,47,0,0
BRDA:190,48,0,0
BRDA:195,49,0,0
BRF:50
BRH:31
end_of_record
TN:
SF:src/updater.ts
FN:9,getToolVersion
FN:32,readInstalledConfig
FN:45,parseSemver
FN:50,compareSemver
FN:61,isNewer
FN:69,getLatestPublishedTagVersion
FN:102,getLatestResolvableVersion
FN:116,checkUpdateStatus
FN:141,printUpdateBanner
FN:172,pruneLegacyArtifacts
FNF:10
FNH:6
FNDA:34,getToolVersion
FNDA:0,readInstalledConfig
FNDA:2,parseSemver
FNDA:1,compareSemver
FNDA:0,isNewer
FNDA:1,getLatestPublishedTagVersion
FNDA:1,getLatestResolvableVersion
FNDA:0,checkUpdateStatus
FNDA:1,printUpdateBanner
FNDA:0,pruneLegacyArtifacts
DA:1,1
DA:6,1
DA:9,1
DA:10,34
DA:11,34
DA:12,34
DA:13,34
DA:14,34
DA:15,34
DA:16,0
DA:17,0
DA:18,34
DA:32,1
DA:34,0
DA:35,0
DA:36,0
DA:37,0
DA:38,0
DA:39,0
DA:40,0
DA:41,0
DA:42,0
DA:45,2
DA:46,2
DA:47,2
DA:48,2
DA:50,1
DA:51,1
DA:52,1
DA:54,1
DA:55,1
DA:56,0
DA:57,0
DA:58,0
DA:61,0
DA:62,0
DA:63,0
DA:64,0
DA:65,0
DA:66,0
DA:67,0
DA:69,1
DA:70,1
DA:71,1
DA:72,1
DA:73,1
DA:74,1
DA:75,1
DA:76,1
DA:77,1
DA:78,1
DA:80,1
DA:82,1
DA:83,1
DA:84,1
DA:85,1
DA:86,1
DA:87,2
DA:88,2
DA:89,1
DA:90,1
DA:92,1
DA:94,1
DA:95,1
DA:96,1
DA:97,1
DA:98,0
DA:99,0
DA:100,1
DA:102,1
DA:103,1
DA:104,1
DA:105,1
DA:106,1
DA:116,1
DA:117,0
DA:118,0
DA:119,0
DA:121,0
DA:122,0
DA:123,0
DA:124,0
DA:125,0
DA:126,0
DA:127,0
DA:128,0
DA:129,0
DA:131,0
DA:132,0
DA:133,0
DA:134,0
DA:135,0
DA:136,0
DA:137,0
DA:138,0
DA:139,0
DA:141,1
DA:142,1
DA:144,1
DA:146,1
DA:147,1
DA:148,1
DA:149,1
DA:150,1
DA:151,1
DA:152,1
DA:153,1
DA:154,1
DA:155,1
DA:156,1
DA:172,1
DA:173,0
DA:174,0
DA:175,0
DA:176,0
DA:177,0
DA:178,0
DA:180,0
DA:181,0
DA:183,0
DA:184,0
DA:185,0
DA:186,0
DA:187,0
DA:188,0
DA:189,0
DA:190,0
DA:191,0
DA:193,0
DA:194,0
DA:195,0
DA:196,0
DA:197,0
DA:198,0
DA:201,0
DA:202,0
DA:203,0
DA:204,0
DA:206,0
DA:208,0
DA:209,0
DA:210,0
DA:211,0
DA:212,0
DA:215,0
DA:216,0
DA:217,0
DA:218,0
DA:219,0
DA:221,0
DA:223,0
DA:224,0
DA:226,0
DA:227,0
DA:228,0
DA:229,0
DA:230,0
DA:231,0
DA:232,0
DA:233,0
DA:234,0
DA:235,0
DA:237,0
DA:238,0
DA:241,0
DA:242,0
DA:243,0
DA:245,0
DA:246,0
DA:247,0
DA:248,0
DA:249,0
DA:250,0
DA:251,0
DA:252,0
DA:254,0
DA:256,0
DA:257,0
DA:258,0
DA:259,0
LF:180
LH:67
BRDA:9,0,0,34
BRDA:14,1,0,0
BRDA:15,2,0,0
BRDA:45,3,0,2
BRDA:50,4,0,1
BRDA:54,5,0,0
BRDA:55,6,0,0
BRDA:55,7,0,0
BRDA:69,8,0,1
BRDA:80,9,0,0
BRDA:92,10,0,0
BRDA:97,11,0,0
BRDA:84,12,0,2
BRDA:86,13,0,2
BRDA:88,14,0,0
BRDA:90,15,0,2
BRDA:94,16,0,1
BRDA:95,17,0,0
BRDA:102,18,0,1
BRDA:104,19,0,0
BRDA:141,20,0,1
BRDA:142,21,0,0
BRDA:149,22,0,0
BRF:23
BRH:10
end_of_record
TN:
SF:src/user-blocks.ts
FN:76,extractUserBlocks
FN:106,extractAnchorLine
FN:120,mergeUserBlocks
FN:183,escapeRegex
FNF:4
FNH:4
FNDA:18,extractUserBlocks
FNDA:16,extractAnchorLine
FNDA:8,mergeUserBlocks
FNDA:8,escapeRegex
DA:30,1
DA:31,1
DA:34,1
DA:35,1
DA:76,1
DA:77,18
DA:79,18
DA:80,18
DA:82,18
DA:83,17
DA:84,17
DA:85,17
DA:87,17
DA:90,16
DA:91,16
DA:93,16
DA:94,16
DA:96,18
DA:97,18
DA:106,16
DA:107,16
DA:108,16
DA:109,16
DA:110,0
DA:111,16
DA:112,16
DA:120,1
DA:121,8
DA:123,8
DA:124,1
DA:125,1
DA:127,7
DA:128,7
DA:129,7
DA:131,8
DA:132,9
DA:133,9
DA:136,9
DA:137,4
DA:138,4
DA:139,4
DA:140,4
DA:141,4
DA:142,4
DA:143,4
DA:144,4
DA:147,9
DA:148,4
DA:150,4
DA:151,1
DA:152,1
DA:153,1
DA:154,1
DA:155,1
DA:156,4
DA:159,4
DA:160,4
DA:161,4
DA:162,4
DA:163,4
DA:164,4
DA:165,4
DA:167,4
DA:169,4
DA:170,4
DA:171,9
DA:172,9
DA:173,3
DA:174,1
DA:175,9
DA:176,9
DA:178,7
DA:179,7
DA:183,8
DA:184,8
DA:185,8
LF:76
LH:75
BRDA:76,0,0,18
BRDA:82,1,0,17
BRDA:87,2,0,1
BRDA:87,3,0,16
BRDA:106,4,0,16
BRDA:107,5,0,0
BRDA:109,6,0,5
BRDA:109,7,0,0
BRDA:120,8,0,8
BRDA:123,9,0,1
BRDA:125,10,0,7
BRDA:131,11,0,9
BRDA:136,12,0,4
BRDA:136,13,0,4
BRDA:144,14,0,5
BRDA:147,15,0,4
BRDA:150,16,0,1
BRDA:171,17,0,3
BRDA:171,18,0,1
BRDA:172,19,0,3
BRDA:173,20,0,1
BRDA:176,21,0,7
BRDA:183,22,0,8
BRF:23
BRH:21
end_of_record
TN:
SF:src/actions/apply.ts
FN:1,(empty-report)
FNF:1
FNH:0
FNDA:0,(empty-report)
DA:1,0
DA:46,0
DA:47,0
DA:48,0
DA:49,0
DA:50,0
DA:51,0
DA:52,0
DA:53,0
DA:55,0
DA:56,0
DA:57,0
DA:58,0
DA:59,0
DA:60,0
DA:65,0
DA:66,0
DA:67,0
DA:68,0
DA:69,0
DA:70,0
DA:71,0
DA:72,0
DA:73,0
DA:79,0
DA:81,0
DA:82,0
DA:83,0
DA:85,0
DA:86,0
DA:87,0
DA:89,0
DA:90,0
DA:91,0
DA:93,0
DA:94,0
DA:95,0
DA:97,0
DA:98,0
DA:99,0
DA:100,0
DA:101,0
DA:102,0
DA:103,0
DA:105,0
DA:106,0
DA:107,0
DA:108,0
DA:109,0
DA:111,0
DA:112,0
DA:114,0
DA:115,0
DA:116,0
DA:117,0
DA:118,0
DA:119,0
DA:121,0
DA:122,0
DA:123,0
DA:124,0
DA:126,0
DA:128,0
DA:129,0
DA:131,0
DA:132,0
DA:133,0
DA:134,0
DA:135,0
DA:136,0
DA:141,0
DA:142,0
DA:143,0
DA:144,0
DA:145,0
DA:146,0
DA:147,0
DA:149,0
DA:150,0
DA:153,0
DA:154,0
DA:155,0
DA:156,0
DA:158,0
DA:159,0
DA:160,0
DA:161,0
DA:162,0
DA:163,0
DA:165,0
DA:166,0
DA:167,0
DA:168,0
DA:170,0
DA:171,0
DA:172,0
DA:173,0
DA:174,0
DA:175,0
DA:176,0
DA:177,0
DA:178,0
DA:180,0
DA:181,0
DA:182,0
DA:183,0
DA:184,0
DA:185,0
DA:186,0
DA:187,0
DA:188,0
DA:189,0
DA:190,0
DA:191,0
DA:192,0
DA:193,0
DA:194,0
DA:195,0
DA:196,0
DA:197,0
DA:198,0
DA:199,0
DA:200,0
DA:201,0
DA:202,0
DA:203,0
DA:204,0
DA:205,0
DA:206,0
DA:207,0
DA:208,0
DA:209,0
DA:210,0
DA:211,0
DA:212,0
DA:213,0
DA:214,0
DA:215,0
DA:216,0
DA:218,0
DA:219,0
DA:220,0
DA:221,0
DA:222,0
DA:223,0
DA:224,0
DA:225,0
DA:226,0
DA:227,0
DA:228,0
DA:229,0
DA:230,0
DA:231,0
DA:232,0
DA:233,0
DA:234,0
DA:236,0
DA:237,0
DA:238,0
DA:239,0
DA:240,0
DA:241,0
DA:242,0
DA:243,0
DA:245,0
DA:246,0
DA:247,0
DA:249,0
DA:250,0
DA:251,0
DA:252,0
DA:253,0
DA:254,0
DA:256,0
DA:257,0
DA:258,0
DA:259,0
DA:261,0
DA:262,0
DA:263,0
DA:264,0
DA:265,0
DA:267,0
DA:268,0
DA:269,0
DA:270,0
DA:271,0
DA:272,0
DA:273,0
DA:274,0
DA:275,0
DA:276,0
DA:277,0
DA:279,0
DA:280,0
DA:281,0
DA:282,0
DA:283,0
DA:284,0
DA:285,0
DA:286,0
DA:287,0
DA:288,0
DA:290,0
DA:291,0
DA:292,0
DA:294,0
DA:295,0
DA:296,0
DA:297,0
DA:298,0
DA:299,0
DA:300,0
DA:301,0
DA:302,0
DA:303,0
DA:304,0
DA:305,0
DA:306,0
DA:307,0
DA:312,0
DA:313,0
DA:314,0
DA:317,0
DA:319,0
DA:320,0
DA:321,0
DA:322,0
DA:323,0
DA:324,0
DA:325,0
DA:326,0
DA:327,0
DA:328,0
DA:329,0
DA:330,0
DA:331,0
DA:332,0
DA:333,0
DA:334,0
DA:335,0
DA:336,0
DA:337,0
DA:338,0
DA:339,0
DA:340,0
DA:341,0
DA:342,0
DA:343,0
DA:344,0
DA:345,0
DA:346,0
DA:348,0
DA:349,0
DA:350,0
DA:351,0
DA:353,0
DA:354,0
DA:355,0
DA:356,0
DA:357,0
DA:358,0
DA:359,0
DA:360,0
DA:361,0
DA:362,0
DA:363,0
DA:364,0
DA:365,0
DA:366,0
DA:367,0
DA:368,0
DA:370,0
DA:371,0
DA:372,0
DA:373,0
DA:374,0
DA:375,0
DA:376,0
DA:377,0
DA:378,0
DA:380,0
DA:381,0
DA:382,0
DA:383,0
DA:384,0
DA:385,0
DA:386,0
DA:387,0
DA:388,0
DA:389,0
DA:390,0
DA:391,0
DA:392,0
DA:398,0
DA:399,0
DA:400,0
DA:402,0
DA:403,0
DA:404,0
DA:406,0
DA:408,0
DA:409,0
DA:410,0
DA:411,0
DA:412,0
DA:413,0
DA:414,0
DA:415,0
DA:416,0
DA:417,0
DA:418,0
DA:419,0
DA:420,0
DA:422,0
DA:423,0
DA:425,0
DA:426,0
DA:427,0
DA:430,0
DA:431,0
DA:432,0
DA:433,0
DA:435,0
DA:436,0
DA:437,0
DA:438,0
DA:441,0
DA:442,0
DA:443,0
DA:445,0
DA:446,0
DA:447,0
DA:448,0
DA:449,0
DA:450,0
DA:451,0
DA:452,0
DA:453,0
DA:454,0
DA:455,0
DA:456,0
DA:460,0
DA:461,0
DA:463,0
DA:464,0
DA:465,0
DA:466,0
DA:467,0
DA:470,0
DA:471,0
DA:472,0
DA:475,0
DA:476,0
DA:477,0
DA:481,0
DA:482,0
DA:483,0
DA:484,0
DA:485,0
DA:486,0
DA:487,0
DA:488,0
DA:489,0
DA:490,0
DA:491,0
DA:495,0
DA:496,0
DA:497,0
DA:498,0
DA:499,0
DA:500,0
DA:501,0
DA:502,0
DA:503,0
DA:504,0
DA:505,0
DA:506,0
DA:507,0
DA:509,0
DA:511,0
DA:512,0
DA:514,0
DA:515,0
DA:516,0
DA:517,0
DA:519,0
DA:520,0
DA:521,0
DA:522,0
DA:524,0
DA:525,0
DA:526,0
DA:527,0
DA:528,0
DA:529,0
DA:530,0
DA:531,0
DA:532,0
DA:535,0
DA:536,0
DA:539,0
DA:543,0
DA:546,0
DA:547,0
DA:548,0
DA:549,0
DA:550,0
DA:551,0
DA:552,0
DA:553,0
DA:554,0
DA:556,0
DA:557,0
DA:558,0
DA:559,0
DA:561,0
DA:562,0
DA:563,0
DA:566,0
DA:567,0
DA:568,0
DA:569,0
DA:570,0
DA:571,0
DA:572,0
DA:573,0
DA:575,0
DA:578,0
DA:579,0
DA:580,0
DA:581,0
DA:583,0
DA:584,0
DA:585,0
DA:586,0
DA:589,0
DA:590,0
DA:591,0
DA:592,0
DA:593,0
DA:594,0
DA:595,0
DA:596,0
DA:597,0
DA:598,0
DA:599,0
DA:600,0
DA:603,0
DA:604,0
DA:610,0
DA:611,0
DA:612,0
DA:614,0
DA:615,0
DA:616,0
DA:617,0
DA:619,0
DA:620,0
DA:621,0
DA:622,0
DA:623,0
DA:625,0
DA:626,0
DA:627,0
DA:628,0
DA:629,0
DA:631,0
DA:632,0
DA:633,0
DA:634,0
DA:635,0
DA:636,0
DA:637,0
DA:638,0
DA:639,0
DA:640,0
DA:641,0
DA:642,0
DA:643,0
DA:644,0
DA:645,0
DA:646,0
DA:647,0
DA:648,0
DA:649,0
DA:650,0
DA:651,0
DA:652,0
DA:653,0
DA:654,0
DA:655,0
DA:656,0
DA:660,0
DA:661,0
DA:662,0
DA:663,0
DA:664,0
DA:665,0
DA:666,0
DA:667,0
DA:668,0
DA:669,0
DA:674,0
DA:675,0
DA:676,0
DA:677,0
DA:678,0
DA:679,0
DA:680,0
DA:682,0
DA:683,0
DA:684,0
DA:685,0
DA:686,0
DA:687,0
DA:688,0
DA:689,0
DA:690,0
DA:691,0
DA:692,0
DA:693,0
DA:694,0
DA:695,0
DA:696,0
DA:697,0
DA:699,0
DA:700,0
DA:701,0
DA:702,0
DA:703,0
DA:704,0
DA:705,0
DA:708,0
DA:713,0
DA:714,0
DA:715,0
DA:716,0
DA:717,0
DA:718,0
DA:719,0
DA:721,0
DA:728,0
DA:729,0
DA:731,0
DA:734,0
DA:735,0
DA:736,0
DA:738,0
DA:739,0
DA:742,0
DA:743,0
DA:744,0
DA:745,0
DA:746,0
DA:747,0
DA:752,0
DA:753,0
DA:754,0
DA:755,0
DA:756,0
DA:757,0
DA:758,0
LF:563
LH:0
BRDA:1,0,0,0
BRF:1
BRH:0
end_of_record
TN:
SF:src/actions/bootstrap.ts
FN:1,(empty-report)
FNF:1
FNH:0
FNDA:0,(empty-report)
DA:1,0
DA:4,0
DA:5,0
DA:6,0
DA:7,0
LF:5
LH:0
BRDA:1,0,0,0
BRF:1
BRH:0
end_of_record
TN:
SF:src/actions/check-freshness.ts
FN:1,(empty-report)
FNF:1
FNH:0
FNDA:0,(empty-report)
DA:1,0
DA:3,0
DA:4,0
DA:5,0
DA:7,0
DA:8,0
DA:10,0
DA:12,0
DA:13,0
DA:14,0
DA:15,0
DA:16,0
DA:17,0
DA:18,0
DA:19,0
DA:20,0
DA:21,0
DA:22,0
DA:23,0
LF:19
LH:0
BRDA:1,0,0,0
BRF:1
BRH:0
end_of_record
TN:
SF:src/actions/check-hygiene.ts
FN:1,(empty-report)
FNF:1
FNH:0
FNDA:0,(empty-report)
DA:1,0
DA:5,0
DA:6,0
DA:7,0
DA:8,0
DA:9,0
DA:10,0
DA:11,0
DA:12,0
DA:13,0
DA:14,0
DA:15,0
DA:16,0
DA:18,0
DA:19,0
DA:20,0
DA:22,0
DA:23,0
DA:24,0
DA:25,0
DA:28,0
DA:29,0
DA:30,0
DA:31,0
DA:32,0
DA:33,0
DA:34,0
DA:37,0
DA:38,0
DA:39,0
DA:40,0
DA:41,0
DA:42,0
DA:43,0
DA:44,0
DA:45,0
DA:48,0
DA:49,0
DA:50,0
DA:51,0
DA:54,0
DA:55,0
DA:56,0
DA:57,0
DA:58,0
DA:59,0
DA:60,0
DA:61,0
DA:62,0
DA:63,0
DA:64,0
DA:67,0
DA:68,0
DA:69,0
DA:70,0
DA:71,0
DA:72,0
DA:73,0
DA:74,0
DA:75,0
DA:77,0
DA:78,0
DA:79,0
DA:80,0
DA:81,0
DA:82,0
DA:83,0
DA:84,0
DA:85,0
DA:86,0
DA:87,0
LF:71
LH:0
BRDA:1,0,0,0
BRF:1
BRH:0
end_of_record
TN:
SF:src/actions/compact-memory.ts
FN:1,(empty-report)
FNF:1
FNH:0
FNDA:0,(empty-report)
DA:1,0
DA:5,0
DA:6,0
DA:7,0
DA:9,0
DA:10,0
DA:11,0
DA:12,0
DA:13,0
DA:14,0
DA:16,0
DA:17,0
DA:18,0
DA:19,0
DA:20,0
DA:21,0
DA:22,0
DA:23,0
DA:24,0
DA:25,0
DA:26,0
DA:27,0
DA:28,0
LF:23
LH:0
BRDA:1,0,0,0
BRF:1
BRH:0
end_of_record
TN:
SF:src/actions/doctor.ts
FN:1,(empty-report)
FNF:1
FNH:0
FNDA:0,(empty-report)
DA:1,0
DA:3,0
DA:4,0
DA:5,0
DA:6,0
DA:7,0
LF:6
LH:0
BRDA:1,0,0,0
BRF:1
BRH:0
end_of_record
TN:
SF:src/actions/plan.ts
FN:1,(empty-report)
FNF:1
FNH:0
FNDA:0,(empty-report)
DA:1,0
DA:4,0
DA:5,0
DA:6,0
LF:4
LH:0
BRDA:1,0,0,0
BRF:1
BRH:0
end_of_record
TN:
SF:src/actions/preview.ts
FN:1,(empty-report)
FNF:1
FNH:0
FNDA:0,(empty-report)
DA:1,0
DA:4,0
DA:5,0
DA:6,0
DA:7,0
DA:8,0
LF:6
LH:0
BRDA:1,0,0,0
BRF:1
BRH:0
end_of_record
TN:
SF:src/cli/args.ts
FN:22,parseArgs
FNF:1
FNH:1
FNDA:24,parseArgs
DA:1,1
DA:22,1
DA:23,24
DA:24,24
DA:25,24
DA:26,24
DA:27,24
DA:28,24
DA:29,24
DA:30,24
DA:31,24
DA:32,24
DA:33,24
DA:34,24
DA:36,24
DA:37,23
DA:38,1
DA:39,1
DA:40,23
DA:41,1
DA:42,22
DA:43,1
DA:44,21
DA:45,1
DA:46,20
DA:47,1
DA:48,19
DA:49,1
DA:50,18
DA:51,1
DA:52,17
DA:53,1
DA:54,16
DA:55,1
DA:56,15
DA:57,1
DA:58,14
DA:60,1
DA:61,1
DA:62,13
DA:63,1
DA:64,12
DA:65,1
DA:66,11
DA:67,1
DA:68,10
DA:69,1
DA:70,9
DA:71,1
DA:72,8
DA:73,0
DA:74,7
DA:75,0
DA:76,7
DA:77,2
DA:78,7
DA:79,1
DA:80,5
DA:81,1
DA:82,4
DA:83,2
DA:84,2
DA:85,1
DA:86,1
DA:87,3
DA:88,1
DA:89,1
DA:90,1
DA:91,1
DA:92,1
DA:93,23
DA:95,22
DA:96,22
LF:73
LH:71
BRDA:22,0,0,24
BRDA:36,1,0,23
BRDA:37,2,0,2
BRDA:37,3,0,1
BRDA:40,4,0,22
BRDA:40,5,0,1
BRDA:40,6,0,1
BRDA:42,7,0,21
BRDA:42,8,0,1
BRDA:44,9,0,20
BRDA:44,10,0,1
BRDA:46,11,0,19
BRDA:46,12,0,1
BRDA:48,13,0,18
BRDA:48,14,0,1
BRDA:50,15,0,17
BRDA:50,16,0,1
BRDA:52,17,0,16
BRDA:52,18,0,1
BRDA:54,19,0,15
BRDA:54,20,0,1
BRDA:56,21,0,14
BRDA:56,22,0,1
BRDA:58,23,0,13
BRDA:58,24,0,1
BRDA:62,25,0,12
BRDA:62,26,0,1
BRDA:64,27,0,11
BRDA:64,28,0,1
BRDA:66,29,0,10
BRDA:66,30,0,1
BRDA:68,31,0,9
BRDA:68,32,0,1
BRDA:70,33,0,8
BRDA:70,34,0,1
BRDA:72,35,0,7
BRDA:72,36,0,0
BRDA:74,37,0,0
BRDA:76,38,0,6
BRDA:76,39,0,2
BRDA:78,40,0,5
BRDA:78,41,0,1
BRDA:80,42,0,4
BRDA:80,43,0,1
BRDA:82,44,0,3
BRDA:82,45,0,2
BRDA:82,46,0,2
BRDA:84,47,0,1
BRDA:87,48,0,1
BRDA:90,49,0,0
BRDA:93,50,0,22
BRF:51
BRH:48
end_of_record
TN:
SF:src/cli/dispatch.ts
FN:1,(empty-report)
FNF:1
FNH:0
FNDA:0,(empty-report)
DA:1,0
DA:10,0
DA:11,0
DA:12,0
DA:13,0
DA:14,0
DA:15,0
DA:16,0
DA:17,0
DA:18,0
DA:19,0
DA:21,0
DA:22,0
DA:23,0
DA:26,0
DA:27,0
DA:28,0
DA:31,0
DA:32,0
DA:33,0
DA:34,0
DA:36,0
DA:37,0
DA:38,0
DA:39,0
DA:41,0
DA:42,0
DA:43,0
DA:44,0
DA:46,0
DA:47,0
DA:48,0
DA:49,0
DA:51,0
DA:52,0
DA:53,0
DA:54,0
DA:55,0
DA:58,0
DA:59,0
LF:40
LH:0
BRDA:1,0,0,0
BRF:1
BRH:0
end_of_record
TN:
SF:src/detectors/framework.ts
FN:14,readJson
FN:22,readFile
FN:30,allDeps
FN:34,detectFromPackageJson
FN:103,detectFromPython
FN:124,detectFromGo
FN:144,detectFromRust
FN:162,detectFromJava
FN:181,detectFromDotnet
FN:196,detectFromRuby
FN:209,detectFromBun
FN:214,detectFromDeno
FN:221,detectFromPhp
FN:250,detectBun
FN:268,detectDeno
FN:276,detectFrameworks
FNF:16
FNH:16
FNDA:101,readJson
FNDA:396,readFile
FNDA:20,allDeps
FNDA:36,detectFromPackageJson
FNDA:36,detectFromPython
FNDA:36,detectFromGo
FNDA:36,detectFromRust
FNDA:36,detectFromJava
FNDA:36,detectFromDotnet
FNDA:36,detectFromRuby
FNDA:36,detectFromBun
FNDA:36,detectFromDeno
FNDA:36,detectFromPhp
FNDA:36,detectBun
FNDA:36,detectDeno
FNDA:36,detectFrameworks
DA:1,1
DA:14,101
DA:15,101
DA:16,101
DA:17,101
DA:18,61
DA:19,61
DA:20,101
DA:22,396
DA:23,396
DA:24,396
DA:25,396
DA:26,388
DA:27,388
DA:28,396
DA:30,20
DA:31,20
DA:32,20
DA:34,36
DA:35,36
DA:36,36
DA:37,36
DA:39,20
DA:40,20
DA:42,22
DA:43,8
DA:44,29
DA:45,0
DA:46,0
DA:47,12
DA:48,0
DA:49,12
DA:50,2
DA:51,0
DA:52,2
DA:53,2
DA:54,2
DA:55,12
DA:56,0
DA:57,10
DA:58,0
DA:59,10
DA:60,0
DA:61,10
DA:62,0
DA:63,10
DA:64,0
DA:65,10
DA:66,0
DA:67,0
DA:68,10
DA:69,0
DA:70,0
DA:72,29
DA:73,0
DA:74,29
DA:75,1
DA:76,20
DA:77,0
DA:78,19
DA:79,0
DA:80,19
DA:81,0
DA:82,0
DA:84,29
DA:85,6
DA:86,6
DA:87,36
DA:88,7
DA:89,7
DA:90,29
DA:91,0
DA:92,0
DA:94,29
DA:95,0
DA:96,29
DA:97,0
DA:98,0
DA:100,20
DA:101,20
DA:103,36
DA:104,36
DA:105,36
DA:107,36
DA:109,36
DA:111,36
DA:112,0
DA:113,36
DA:114,4
DA:115,36
DA:116,0
DA:117,32
DA:118,0
DA:119,0
DA:121,36
DA:122,36
DA:124,36
DA:125,36
DA:126,36
DA:128,4
DA:129,13
DA:130,3
DA:131,23
DA:132,0
DA:133,1
DA:134,0
DA:135,1
DA:136,0
DA:137,1
DA:138,1
DA:139,1
DA:141,4
DA:142,4
DA:144,36
DA:145,36
DA:146,36
DA:148,0
DA:149,0
DA:150,0
DA:151,0
DA:152,0
DA:153,0
DA:154,0
DA:155,0
DA:156,0
DA:157,0
DA:159,0
DA:160,0
DA:162,36
DA:163,36
DA:164,36
DA:165,36
DA:167,36
DA:169,36
DA:170,0
DA:171,0
DA:172,0
DA:173,0
DA:174,0
DA:175,0
DA:177,0
DA:178,0
DA:179,0
DA:181,36
DA:182,36
DA:183,36
DA:184,36
DA:186,36
DA:188,36
DA:189,36
DA:190,0
DA:191,0
DA:193,0
DA:194,0
DA:196,36
DA:197,36
DA:198,36
DA:200,0
DA:201,0
DA:202,0
DA:203,0
DA:204,0
DA:206,0
DA:207,0
DA:209,36
DA:210,36
DA:211,0
DA:212,0
DA:214,36
DA:215,36
DA:216,36
DA:217,36
DA:218,0
DA:219,0
DA:221,36
DA:223,36
DA:224,36
DA:225,36
DA:226,36
DA:227,36
DA:228,36
DA:229,2
DA:231,36
DA:232,7
DA:233,7
DA:235,29
DA:236,29
DA:238,0
DA:239,0
DA:240,0
DA:241,0
DA:242,0
DA:243,0
DA:244,0
DA:245,0
DA:247,0
DA:248,0
DA:250,36
DA:252,36
DA:253,0
DA:254,0
DA:260,36
DA:261,36
DA:262,0
DA:263,0
DA:265,36
DA:266,36
DA:268,36
DA:269,36
DA:270,36
DA:271,0
DA:272,0
DA:273,36
DA:274,36
DA:276,1
DA:277,36
DA:278,36
DA:279,36
DA:280,36
DA:281,36
DA:282,36
DA:283,36
DA:284,36
DA:285,36
DA:286,36
DA:287,36
DA:288,36
DA:289,36
DA:290,36
DA:293,36
DA:294,36
DA:295,39
DA:296,39
DA:297,39
DA:298,36
DA:299,36
LF:236
LH:154
BRDA:14,0,0,101
BRDA:17,1,0,61
BRDA:22,2,0,396
BRDA:25,3,0,388
BRDA:30,4,0,20
BRDA:34,5,0,36
BRDA:37,6,0,16
BRDA:37,7,0,29
BRDA:37,8,0,22
BRDA:37,9,0,20
BRDA:42,10,0,8
BRDA:44,11,0,12
BRDA:44,12,0,0
BRDA:47,13,0,0
BRDA:49,14,0,2
BRDA:50,15,0,0
BRDA:55,16,0,10
BRDA:55,17,0,0
BRDA:57,18,0,0
BRDA:59,19,0,0
BRDA:61,20,0,0
BRDA:63,21,0,0
BRDA:65,22,0,0
BRDA:68,23,0,0
BRDA:70,24,0,20
BRDA:72,25,0,0
BRDA:74,26,0,20
BRDA:74,27,0,1
BRDA:76,28,0,19
BRDA:76,29,0,0
BRDA:78,30,0,0
BRDA:80,31,0,0
BRDA:84,32,0,22
BRDA:84,33,0,6
BRDA:86,34,0,20
BRDA:87,35,0,13
BRDA:87,36,0,29
BRDA:87,37,0,22
BRDA:87,38,0,7
BRDA:89,39,0,20
BRDA:90,40,0,0
BRDA:92,41,0,20
BRDA:94,42,0,0
BRDA:96,43,0,20
BRDA:96,44,0,0
BRDA:103,45,0,36
BRDA:107,46,0,0
BRDA:111,47,0,0
BRDA:113,48,0,4
BRDA:115,49,0,32
BRDA:115,50,0,0
BRDA:117,51,0,0
BRDA:105,52,0,180
BRDA:124,53,0,36
BRDA:126,54,0,32
BRDA:126,55,0,23
BRDA:126,56,0,13
BRDA:126,57,0,4
BRDA:129,58,0,3
BRDA:131,59,0,14
BRDA:131,60,0,1
BRDA:131,61,0,0
BRDA:133,62,0,0
BRDA:135,63,0,0
BRDA:139,64,0,4
BRDA:144,65,0,36
BRDA:146,66,0,0
BRDA:162,67,0,36
BRDA:167,68,0,0
BRDA:169,69,0,0
BRDA:181,70,0,36
BRDA:186,71,0,0
BRDA:188,72,0,0
BRDA:189,73,0,0
BRDA:189,74,0,0
BRDA:183,75,0,81
BRDA:184,76,0,81
BRDA:196,77,0,36
BRDA:198,78,0,0
BRDA:209,79,0,36
BRDA:210,80,0,0
BRDA:214,81,0,36
BRDA:217,82,0,0
BRDA:221,83,0,36
BRDA:228,84,0,2
BRDA:231,85,0,30
BRDA:231,86,0,1
BRDA:231,87,0,29
BRDA:231,88,0,7
BRDA:233,89,0,29
BRDA:236,90,0,0
BRDA:250,91,0,36
BRDA:252,92,0,0
BRDA:261,93,0,29
BRDA:261,94,0,20
BRDA:261,95,0,0
BRDA:261,96,0,0
BRDA:268,97,0,36
BRDA:270,98,0,0
BRDA:270,99,0,144
BRDA:276,100,0,36
BRDA:294,101,0,39
BRDA:295,102,0,0
BRF:103
BRH:63
end_of_record
TN:
SF:src/detectors/freshness.ts
FN:93,hashFile
FN:102,hashDirectory
FN:106,walk
FN:136,captureContextSnapshot
FN:169,loadContextSnapshot
FN:180,writeContextSnapshot
FN:189,computeFreshnessReport
FN:315,formatFreshnessReport
FNF:8
FNH:8
FNDA:276,hashFile
FNDA:1,hashDirectory
FNDA:14,walk
FNDA:11,captureContextSnapshot
FNDA:13,loadContextSnapshot
FNDA:8,writeContextSnapshot
FNDA:10,computeFreshnessReport
FNDA:3,formatFreshnessReport
DA:1,1
DA:58,1
DA:59,1
DA:60,1
DA:61,1
DA:62,1
DA:63,1
DA:64,1
DA:65,1
DA:68,1
DA:69,1
DA:70,1
DA:71,1
DA:72,1
DA:73,1
DA:74,1
DA:75,1
DA:76,1
DA:77,1
DA:78,1
DA:79,1
DA:80,1
DA:81,1
DA:82,1
DA:83,1
DA:84,1
DA:85,1
DA:86,1
DA:87,1
DA:89,1
DA:93,276
DA:94,276
DA:95,276
DA:96,276
DA:97,276
DA:98,1
DA:99,1
DA:100,276
DA:102,1
DA:103,1
DA:104,1
DA:106,1
DA:107,14
DA:108,14
DA:109,14
DA:110,14
DA:111,0
DA:112,0
DA:113,14
DA:114,151
DA:115,151
DA:116,13
DA:117,13
DA:118,151
DA:119,138
DA:120,138
DA:121,138
DA:122,151
DA:123,14
DA:125,1
DA:126,1
DA:127,1
DA:128,1
DA:136,1
DA:137,11
DA:138,11
DA:139,66
DA:140,66
DA:142,11
DA:143,11
DA:144,198
DA:145,198
DA:146,11
DA:147,11
DA:148,198
DA:151,11
DA:152,11
DA:153,11
DA:154,0
DA:155,0
DA:156,0
DA:157,0
DA:159,11
DA:160,11
DA:161,11
DA:162,11
DA:163,11
DA:164,11
DA:165,11
DA:166,11
DA:169,1
DA:170,13
DA:171,13
DA:172,10
DA:173,10
DA:174,13
DA:175,1
DA:176,1
DA:177,13
DA:180,1
DA:181,8
DA:182,8
DA:183,8
DA:189,1
DA:190,10
DA:193,10
DA:194,10
DA:195,10
DA:196,10
DA:197,9
DA:198,9
DA:199,9
DA:200,10
DA:202,10
DA:203,2
DA:204,2
DA:205,2
DA:206,2
DA:207,2
DA:208,2
DA:209,2
DA:210,2
DA:211,2
DA:212,2
DA:213,2
DA:214,2
DA:217,8
DA:218,8
DA:219,8
DA:221,10
DA:222,48
DA:223,48
DA:224,48
DA:225,41
DA:226,45
DA:227,7
DA:228,7
DA:229,48
DA:232,8
DA:233,8
DA:234,8
DA:236,8
DA:237,14
DA:238,14
DA:239,14
DA:240,14
DA:241,1
DA:242,14
DA:243,13
DA:244,13
DA:245,14
DA:246,10
DA:247,14
DA:248,4
DA:249,4
DA:250,14
DA:253,8
DA:254,8
DA:255,10
DA:258,10
DA:259,10
DA:260,3
DA:261,10
DA:262,4
DA:263,5
DA:264,1
DA:265,1
DA:268,8
DA:269,8
DA:271,10
DA:272,2
DA:273,2
DA:274,2
DA:275,2
DA:276,10
DA:277,2
DA:278,2
DA:279,2
DA:280,2
DA:281,6
DA:282,1
DA:283,1
DA:285,1
DA:286,1
DA:287,1
DA:289,10
DA:290,3
DA:291,3
DA:292,10
DA:293,2
DA:294,2
DA:295,10
DA:296,1
DA:297,1
DA:299,10
DA:300,3
DA:301,3
DA:303,8
DA:304,8
DA:305,8
DA:306,8
DA:307,8
DA:308,8
DA:309,8
DA:310,8
DA:311,8
DA:312,8
DA:315,1
DA:316,3
DA:317,3
DA:318,3
DA:319,3
DA:320,3
DA:321,3
DA:322,3
DA:324,3
DA:325,3
DA:326,3
DA:327,3
DA:328,3
DA:329,3
DA:331,3
DA:332,2
DA:333,2
DA:334,3
DA:335,2
DA:336,2
DA:337,3
DA:339,3
DA:340,2
DA:341,2
DA:342,4
DA:343,4
DA:344,2
DA:345,2
DA:347,3
DA:348,1
DA:349,1
DA:350,2
DA:351,2
DA:352,1
DA:353,1
DA:355,3
DA:356,3
DA:357,3
DA:358,6
DA:359,6
DA:360,3
DA:361,3
DA:363,3
DA:364,3
LF:251
LH:245
BRDA:93,0,0,276
BRDA:97,1,0,1
BRDA:102,2,0,1
BRDA:106,3,0,14
BRDA:110,4,0,0
BRDA:113,5,0,151
BRDA:115,6,0,13
BRDA:116,7,0,0
BRDA:118,8,0,138
BRDA:113,9,0,137
BRDA:136,10,0,11
BRDA:138,11,0,66
BRDA:143,12,0,198
BRDA:145,13,0,11
BRDA:153,14,0,0
BRDA:169,15,0,13
BRDA:171,16,0,3
BRDA:171,17,0,10
BRDA:174,18,0,1
BRDA:180,19,0,8
BRDA:189,20,0,10
BRDA:196,21,0,9
BRDA:198,22,0,0
BRDA:200,23,0,0
BRDA:202,24,0,2
BRDA:214,25,0,8
BRDA:221,26,0,48
BRDA:224,27,0,45
BRDA:224,28,0,41
BRDA:226,29,0,7
BRDA:229,30,0,8
BRDA:236,31,0,14
BRDA:238,32,0,1
BRDA:238,33,0,13
BRDA:240,34,0,1
BRDA:240,35,0,1
BRDA:242,36,0,13
BRDA:245,37,0,10
BRDA:247,38,0,4
BRDA:255,39,0,0
BRDA:259,40,0,3
BRDA:261,41,0,5
BRDA:261,42,0,4
BRDA:263,43,0,1
BRDA:265,44,0,8
BRDA:271,45,0,4
BRDA:271,46,0,2
BRDA:276,47,0,6
BRDA:276,48,0,2
BRDA:281,49,0,4
BRDA:281,50,0,1
BRDA:287,51,0,8
BRDA:289,52,0,3
BRDA:291,53,0,8
BRDA:292,54,0,2
BRDA:294,55,0,8
BRDA:295,56,0,1
BRDA:297,57,0,8
BRDA:299,58,0,3
BRDA:299,59,0,3
BRDA:301,60,0,8
BRDA:289,61,0,6
BRDA:292,62,0,5
BRDA:295,63,0,7
BRDA:315,64,0,3
BRDA:331,65,0,2
BRDA:334,66,0,2
BRDA:339,67,0,2
BRDA:341,68,0,4
BRDA:347,69,0,1
BRDA:349,70,0,2
BRDA:357,71,0,6
BRF:72
BRH:66
end_of_record
TN:
SF:src/detectors/graph.ts
FN:16,collectSourceFiles
FN:37,parseImports
FN:78,parseExports
FN:100,resolveImportPath
FN:135,buildDependencyGraph
FN:174,getTransitiveDependents
FNF:6
FNH:2
FNDA:10,collectSourceFiles
FNDA:0,parseImports
FNDA:0,parseExports
FNDA:0,resolveImportPath
FNDA:10,buildDependencyGraph
FNDA:0,getTransitiveDependents
DA:1,1
DA:5,1
DA:6,1
DA:7,1
DA:8,1
DA:9,1
DA:11,1
DA:12,1
DA:13,1
DA:14,1
DA:16,10
DA:17,10
DA:18,10
DA:19,10
DA:20,10
DA:21,10
DA:22,0
DA:23,0
DA:24,0
DA:25,0
DA:26,0
DA:27,0
DA:28,0
DA:29,0
DA:30,0
DA:31,0
DA:32,10
DA:33,10
DA:34,10
DA:35,10
DA:37,0
DA:38,0
DA:39,0
DA:41,0
DA:42,0
DA:43,0
DA:44,0
DA:45,0
DA:46,0
DA:47,0
DA:48,0
DA:49,0
DA:50,0
DA:51,0
DA:52,0
DA:53,0
DA:55,0
DA:56,0
DA:57,0
DA:58,0
DA:59,0
DA:60,0
DA:61,0
DA:63,0
DA:64,0
DA:65,0
DA:66,0
DA:67,0
DA:68,0
DA:70,0
DA:71,0
DA:72,0
DA:73,0
DA:75,0
DA:76,0
DA:78,0
DA:79,0
DA:81,0
DA:82,0
DA:83,0
DA:84,0
DA:85,0
DA:86,0
DA:87,0
DA:88,0
DA:89,0
DA:90,0
DA:91,0
DA:92,0
DA:93,0
DA:94,0
DA:95,0
DA:97,0
DA:98,0
DA:100,0
DA:101,0
DA:103,0
DA:104,0
DA:105,0
DA:106,0
DA:107,0
DA:109,0
DA:110,0
DA:111,0
DA:112,0
DA:115,0
DA:116,0
DA:117,0
DA:118,0
DA:119,0
DA:120,0
DA:121,0
DA:124,0
DA:125,0
DA:126,0
DA:127,0
DA:128,0
DA:129,0
DA:130,0
DA:132,0
DA:133,0
DA:135,1
DA:136,10
DA:137,10
DA:139,10
DA:140,0
DA:141,0
DA:143,10
DA:144,0
DA:145,0
DA:146,0
DA:148,0
DA:150,0
DA:151,0
DA:152,0
DA:153,0
DA:154,0
DA:155,0
DA:156,0
DA:157,0
DA:158,0
DA:159,0
DA:160,0
DA:161,0
DA:162,0
DA:163,0
DA:164,0
DA:165,0
DA:167,10
DA:168,10
DA:169,10
DA:170,10
DA:171,10
DA:172,10
DA:174,1
DA:175,0
DA:176,0
DA:177,0
DA:178,0
DA:179,0
DA:180,0
DA:182,0
DA:183,0
DA:184,0
DA:186,0
DA:187,0
DA:189,0
DA:190,0
DA:191,0
DA:192,0
DA:193,0
DA:194,0
DA:195,0
DA:197,0
DA:198,0
DA:199,0
LF:166
LH:32
BRDA:16,0,0,10
BRDA:21,1,0,0
BRDA:33,2,0,0
BRDA:135,3,0,10
BRDA:139,4,0,0
BRDA:143,5,0,0
BRF:6
BRH:2
end_of_record
TN:
SF:src/detectors/language.ts
FN:48,walkDir
FN:65,detectLanguages
FNF:2
FNH:2
FNDA:75,walkDir
FNDA:36,detectLanguages
DA:1,1
DA:5,1
DA:6,1
DA:7,1
DA:8,1
DA:9,1
DA:10,1
DA:11,1
DA:12,1
DA:13,1
DA:14,1
DA:15,1
DA:16,1
DA:17,1
DA:18,1
DA:19,1
DA:20,1
DA:21,1
DA:22,1
DA:23,1
DA:24,1
DA:25,1
DA:26,1
DA:27,1
DA:28,1
DA:29,1
DA:30,1
DA:31,1
DA:32,1
DA:33,1
DA:34,1
DA:35,1
DA:36,1
DA:37,1
DA:39,1
DA:40,1
DA:41,1
DA:42,1
DA:43,1
DA:44,1
DA:45,1
DA:46,1
DA:48,75
DA:49,75
DA:50,75
DA:51,75
DA:52,75
DA:53,130
DA:54,130
DA:55,129
DA:56,130
DA:57,39
DA:58,130
DA:59,90
DA:60,90
DA:61,130
DA:62,75
DA:63,75
DA:65,1
DA:66,36
DA:67,36
DA:69,36
DA:70,90
DA:71,90
DA:72,89
DA:73,89
DA:74,90
DA:75,75
DA:76,75
DA:77,75
DA:79,36
DA:81,36
DA:82,36
DA:83,46
DA:84,46
DA:85,46
DA:86,46
DA:87,36
DA:88,36
DA:89,36
LF:80
LH:80
BRDA:48,0,0,75
BRDA:49,1,0,0
BRDA:52,2,0,130
BRDA:53,3,0,0
BRDA:54,4,0,1
BRDA:54,5,0,129
BRDA:56,6,0,39
BRDA:58,7,0,90
BRDA:65,8,0,36
BRDA:69,9,0,90
BRDA:71,10,0,1
BRDA:71,11,0,89
BRDA:73,12,0,14
BRDA:73,13,0,75
BRDA:74,14,0,46
BRDA:74,15,0,75
BRDA:79,16,0,1
BRDA:79,17,0,46
BRDA:82,18,0,46
BRDA:88,19,0,11
BRF:20
BRH:18
end_of_record
TN:
SF:src/detectors/patterns.ts
FN:5,exists
FN:9,readJson
FN:17,detectPackageManager
FN:33,detectTestFramework
FN:54,detectLinter
FN:67,detectFormatter
FN:77,detectBundler
FN:94,detectCiCd
FN:105,detectNamingConvention
FN:122,detectPatterns
FNF:10
FNH:10
FNDA:4577,exists
FNDA:210,readJson
FNDA:70,detectPackageManager
FNDA:70,detectTestFramework
FNDA:70,detectLinter
FNDA:70,detectFormatter
FNDA:70,detectBundler
FNDA:70,detectCiCd
FNDA:70,detectNamingConvention
FNDA:70,detectPatterns
DA:1,1
DA:5,4577
DA:6,4577
DA:7,4577
DA:9,210
DA:10,210
DA:11,210
DA:12,210
DA:13,114
DA:14,114
DA:15,210
DA:17,70
DA:18,70
DA:19,70
DA:20,70
DA:21,70
DA:22,70
DA:23,70
DA:24,70
DA:25,70
DA:26,70
DA:27,70
DA:28,70
DA:29,70
DA:30,41
DA:31,41
DA:33,70
DA:34,70
DA:35,70
DA:36,70
DA:37,70
DA:38,32
DA:39,32
DA:40,31
DA:41,30
DA:42,30
DA:43,30
DA:44,30
DA:45,32
DA:47,70
DA:48,70
DA:49,70
DA:51,64
DA:52,64
DA:54,70
DA:55,70
DA:56,70
DA:57,70
DA:58,70
DA:59,70
DA:60,70
DA:61,70
DA:62,70
DA:63,70
DA:64,70
DA:65,70
DA:67,70
DA:68,70
DA:69,70
DA:70,70
DA:71,70
DA:72,70
DA:73,70
DA:74,70
DA:75,70
DA:77,70
DA:78,70
DA:79,70
DA:80,18
DA:81,18
DA:82,18
DA:83,18
DA:84,18
DA:85,18
DA:86,18
DA:87,18
DA:88,18
DA:89,70
DA:90,70
DA:91,70
DA:92,70
DA:94,70
DA:95,70
DA:96,70
DA:97,70
DA:98,70
DA:99,70
DA:100,70
DA:101,70
DA:102,70
DA:103,70
DA:105,70
DA:106,70
DA:107,70
DA:108,70
DA:109,70
DA:110,70
DA:112,70
DA:113,70
DA:114,70
DA:115,56
DA:116,70
DA:118,0
DA:119,40
DA:120,40
DA:122,1
DA:123,70
DA:125,70
DA:126,70
DA:127,53
DA:129,70
DA:130,70
DA:132,70
DA:133,70
DA:134,70
DA:135,70
DA:136,70
DA:137,70
DA:138,70
DA:139,70
DA:140,70
DA:141,70
DA:142,70
DA:143,70
DA:144,70
DA:145,70
DA:146,70
DA:147,70
DA:148,70
DA:149,70
DA:150,70
LF:131
LH:130
BRDA:5,0,0,4577
BRDA:9,1,0,210
BRDA:12,2,0,114
BRDA:17,3,0,70
BRDA:18,4,0,1
BRDA:18,5,0,69
BRDA:19,6,0,3
BRDA:19,7,0,66
BRDA:20,8,0,1
BRDA:20,9,0,65
BRDA:21,10,0,15
BRDA:21,11,0,50
BRDA:22,12,0,0
BRDA:22,13,0,50
BRDA:23,14,0,52
BRDA:23,15,0,9
BRDA:23,16,0,41
BRDA:24,17,0,0
BRDA:24,18,0,41
BRDA:25,19,0,0
BRDA:25,20,0,41
BRDA:26,21,0,0
BRDA:26,22,0,41
BRDA:27,23,0,0
BRDA:27,24,0,41
BRDA:28,25,0,0
BRDA:28,26,0,41
BRDA:29,27,0,0
BRDA:29,28,0,41
BRDA:33,29,0,70
BRDA:37,30,0,32
BRDA:39,31,0,31
BRDA:39,32,0,3
BRDA:39,33,0,29
BRDA:40,34,0,3
BRDA:40,35,0,30
BRDA:40,36,0,26
BRDA:41,37,0,0
BRDA:41,38,0,26
BRDA:42,39,0,0
BRDA:42,40,0,26
BRDA:43,41,0,0
BRDA:43,42,0,26
BRDA:44,43,0,0
BRDA:45,44,0,64
BRDA:47,45,0,0
BRDA:47,46,0,64
BRDA:48,47,0,0
BRDA:48,48,0,64
BRDA:49,49,0,0
BRDA:49,50,0,64
BRDA:54,51,0,70
BRDA:57,52,0,0
BRDA:58,53,0,0
BRDA:59,54,0,0
BRDA:60,55,0,0
BRDA:61,56,0,0
BRDA:62,57,0,0
BRDA:63,58,0,0
BRDA:67,59,0,70
BRDA:69,60,0,0
BRDA:70,61,0,0
BRDA:71,62,0,0
BRDA:72,63,0,0
BRDA:73,64,0,0
BRDA:77,65,0,70
BRDA:79,66,0,32
BRDA:79,67,0,18
BRDA:81,68,0,0
BRDA:82,69,0,0
BRDA:83,70,0,0
BRDA:84,71,0,0
BRDA:85,72,0,0
BRDA:86,73,0,0
BRDA:87,74,0,0
BRDA:89,75,0,0
BRDA:90,76,0,0
BRDA:94,77,0,70
BRDA:95,78,0,0
BRDA:96,79,0,0
BRDA:97,80,0,0
BRDA:98,81,0,0
BRDA:99,82,0,0
BRDA:100,83,0,0
BRDA:101,84,0,0
BRDA:105,85,0,70
BRDA:106,86,0,16
BRDA:106,87,0,54
BRDA:112,88,0,0
BRDA:113,89,0,0
BRDA:114,90,0,30
BRDA:114,91,0,56
BRDA:114,92,0,40
BRDA:115,93,0,0
BRDA:116,94,0,56
BRDA:116,95,0,0
BRDA:118,96,0,40
BRDA:109,97,0,122
BRDA:110,98,0,122
BRDA:113,99,0,8
BRDA:114,100,0,96
BRDA:114,101,0,30
BRDA:115,102,0,58
BRDA:122,103,0,70
BRDA:126,104,0,53
BRDA:127,105,0,16
BRDA:127,106,0,47
BRDA:130,107,0,350
BRF:108
BRH:62
end_of_record
TN:
SF:src/generators/agents.ts
FN:20,toBulletList
FN:25,buildFrameworkRules
FN:49,buildAgentSpecs
FN:250,scanExistingAgents
FN:274,buildSequentialAgentSpecs
FN:370,injectReplacements
FN:385,generateAgentsWithOptions
FN:398,conceptCovered
FN:472,generateAgents
FNF:9
FNH:7
FNDA:6,toBulletList
FNDA:2,buildFrameworkRules
FNDA:1,buildAgentSpecs
FNDA:0,scanExistingAgents
FNDA:1,buildSequentialAgentSpecs
FNDA:7,injectReplacements
FNDA:1,generateAgentsWithOptions
FNDA:0,conceptCovered
FNDA:1,generateAgents
DA:1,1
DA:7,1
DA:20,6
DA:21,6
DA:22,5
DA:23,5
DA:25,2
DA:26,2
DA:27,2
DA:29,2
DA:30,0
DA:31,0
DA:32,0
DA:34,2
DA:35,0
DA:36,0
DA:38,2
DA:39,2
DA:40,2
DA:42,2
DA:43,0
DA:44,0
DA:46,2
DA:47,2
DA:49,1
DA:50,1
DA:51,1
DA:52,1
DA:53,1
DA:54,1
DA:55,1
DA:56,1
DA:57,1
DA:58,1
DA:59,1
DA:60,1
DA:61,1
DA:62,1
DA:64,1
DA:65,1
DA:66,1
DA:67,1
DA:68,1
DA:69,1
DA:71,1
DA:72,1
DA:73,1
DA:74,1
DA:75,1
DA:76,1
DA:77,1
DA:79,1
DA:80,1
DA:82,1
DA:83,1
DA:86,1
DA:87,1
DA:88,1
DA:89,1
DA:90,1
DA:91,1
DA:92,1
DA:93,1
DA:94,1
DA:95,1
DA:96,1
DA:97,1
DA:98,1
DA:99,1
DA:100,1
DA:101,1
DA:102,1
DA:103,1
DA:104,1
DA:105,1
DA:108,1
DA:109,1
DA:110,1
DA:111,1
DA:112,1
DA:113,1
DA:114,1
DA:115,1
DA:116,1
DA:117,1
DA:118,1
DA:119,1
DA:120,1
DA:121,1
DA:122,1
DA:123,1
DA:124,1
DA:125,1
DA:128,1
DA:129,1
DA:130,1
DA:131,1
DA:132,1
DA:133,1
DA:134,1
DA:135,1
DA:136,1
DA:137,1
DA:138,1
DA:139,1
DA:142,1
DA:143,0
DA:144,0
DA:145,0
DA:146,0
DA:147,0
DA:148,0
DA:149,0
DA:150,0
DA:151,0
DA:152,0
DA:153,0
DA:154,0
DA:155,0
DA:156,0
DA:157,0
DA:158,0
DA:159,0
DA:160,0
DA:161,0
DA:162,0
DA:163,0
DA:164,0
DA:167,1
DA:168,0
DA:169,0
DA:170,0
DA:171,0
DA:172,0
DA:173,0
DA:174,0
DA:175,0
DA:176,0
DA:177,0
DA:178,0
DA:179,0
DA:180,0
DA:181,0
DA:182,0
DA:183,0
DA:184,0
DA:185,0
DA:186,0
DA:187,0
DA:188,0
DA:189,0
DA:192,1
DA:193,0
DA:194,0
DA:195,0
DA:196,0
DA:197,0
DA:198,0
DA:199,0
DA:200,0
DA:201,0
DA:202,0
DA:203,0
DA:204,0
DA:205,0
DA:206,0
DA:207,0
DA:208,0
DA:209,0
DA:210,0
DA:211,0
DA:212,0
DA:213,0
DA:214,0
DA:215,0
DA:216,0
DA:219,1
DA:220,1
DA:221,1
DA:222,1
DA:223,1
DA:224,1
DA:225,1
DA:226,1
DA:227,1
DA:228,1
DA:229,1
DA:231,1
DA:232,1
DA:250,1
DA:251,0
DA:252,0
DA:254,0
DA:255,0
DA:256,0
DA:258,0
DA:259,0
DA:261,0
DA:262,0
DA:263,0
DA:264,0
DA:265,0
DA:266,0
DA:267,0
DA:268,0
DA:269,0
DA:271,0
DA:272,0
DA:274,1
DA:275,1
DA:276,1
DA:277,1
DA:278,1
DA:279,1
DA:280,1
DA:282,1
DA:283,1
DA:285,1
DA:286,1
DA:287,1
DA:288,1
DA:289,1
DA:290,1
DA:292,1
DA:293,1
DA:294,1
DA:295,1
DA:296,1
DA:297,1
DA:298,1
DA:299,0
DA:300,1
DA:302,1
DA:303,0
DA:304,0
DA:305,0
DA:306,0
DA:307,0
DA:308,0
DA:309,0
DA:310,0
DA:312,1
DA:313,1
DA:314,0
DA:315,0
DA:316,0
DA:317,0
DA:318,0
DA:319,0
DA:320,0
DA:321,0
DA:324,1
DA:325,0
DA:326,0
DA:327,0
DA:329,1
DA:330,1
DA:331,1
DA:332,1
DA:333,1
DA:334,1
DA:335,1
DA:336,1
DA:337,1
DA:338,1
DA:340,1
DA:341,1
DA:342,1
DA:343,1
DA:344,1
DA:345,1
DA:346,1
DA:347,1
DA:349,1
DA:350,1
DA:351,1
DA:352,1
DA:353,1
DA:354,1
DA:355,1
DA:356,1
DA:358,1
DA:359,1
DA:360,1
DA:361,1
DA:362,1
DA:363,1
DA:364,1
DA:365,1
DA:367,1
DA:368,1
DA:370,7
DA:371,7
DA:372,7
DA:373,45
DA:374,45
DA:375,7
DA:376,7
DA:385,1
DA:386,1
DA:387,1
DA:388,1
DA:389,1
DA:390,1
DA:391,1
DA:394,1
DA:395,1
DA:396,0
DA:398,1
DA:399,0
DA:400,0
DA:403,1
DA:405,1
DA:406,1
DA:407,1
DA:408,1
DA:409,1
DA:410,1
DA:411,1
DA:412,1
DA:413,1
DA:414,1
DA:416,1
DA:417,7
DA:420,7
DA:423,7
DA:426,0
DA:428,0
DA:429,0
DA:430,0
DA:431,0
DA:432,0
DA:434,7
DA:435,0
DA:436,0
DA:437,0
DA:439,7
DA:442,7
DA:443,7
DA:444,7
DA:445,7
DA:447,7
DA:448,0
DA:449,0
DA:452,7
DA:456,7
DA:457,7
DA:458,0
DA:459,0
DA:460,0
DA:463,7
DA:465,7
DA:466,7
DA:467,7
DA:469,1
DA:470,1
DA:472,1
DA:473,1
DA:474,1
DA:475,1
DA:476,1
DA:477,1
DA:478,1
DA:479,1
DA:480,1
DA:481,1
DA:482,1
LF:367
LH:237
BRDA:20,0,0,6
BRDA:21,1,0,1
BRDA:21,2,0,5
BRDA:22,3,0,16
BRDA:25,4,0,2
BRDA:29,5,0,0
BRDA:34,6,0,0
BRDA:42,7,0,0
BRDA:49,8,0,1
BRDA:54,9,0,0
BRDA:61,10,0,0
BRDA:62,11,0,0
BRDA:68,12,0,0
BRDA:80,13,0,0
BRDA:122,14,0,0
BRDA:142,15,0,0
BRDA:167,16,0,0
BRDA:192,17,0,0
BRDA:77,18,0,5
BRDA:80,19,0,1
BRDA:274,20,0,1
BRDA:278,21,0,0
BRDA:280,22,0,0
BRDA:289,23,0,0
BRDA:298,24,0,0
BRDA:302,25,0,0
BRDA:312,26,0,0
BRDA:313,27,0,0
BRDA:324,28,0,0
BRDA:297,29,0,4
BRDA:332,30,0,4
BRDA:370,31,0,7
BRDA:372,32,0,45
BRDA:385,33,0,1
BRDA:395,34,0,0
BRDA:403,35,0,0
BRDA:407,36,0,0
BRDA:416,37,0,7
BRDA:420,38,0,0
BRDA:420,39,0,0
BRDA:423,40,0,0
BRDA:434,41,0,0
BRDA:447,42,0,0
BRDA:457,43,0,0
BRDA:457,44,0,0
BRDA:395,45,0,1
BRDA:472,46,0,1
BRDA:478,47,0,0
BRDA:479,48,0,0
BRF:49
BRH:17
end_of_record
TN:
SF:src/generators/context-docs.ts
FN:24,readAiOsConfig
FN:48,formatNodeLabel
FN:52,joinOrNone
FN:59,exists
FN:63,countMarkdownFiles
FN:80,detectExistingAiContext
FN:85,add
FN:119,generateExistingAiContextDoc
FN:185,generateStackDoc
FN:268,generateArchitectureDoc
FN:340,generateConventionsDoc
FN:397,generateContextBudgetDoc
FN:463,generateProtectedBlocksDoc
FN:530,generateMemoryDoc
FN:572,mergeSections
FN:574,parseSections
FN:611,generateMcpToolRefDoc
FN:647,generateContextDocs
FN:655,track
FN:656,shouldPreserve
FN:797,generateSessionContextCard
FNF:21
FNH:21
FNDA:10,readAiOsConfig
FNDA:72,formatNodeLabel
FNDA:36,joinOrNone
FNDA:164,exists
FNDA:20,countMarkdownFiles
FNDA:10,detectExistingAiContext
FNDA:6,add
FNDA:9,generateExistingAiContextDoc
FNDA:9,generateStackDoc
FNDA:9,generateArchitectureDoc
FNDA:9,generateConventionsDoc
FNDA:10,generateContextBudgetDoc
FNDA:10,generateProtectedBlocksDoc
FNDA:10,generateMemoryDoc
FNDA:2,mergeSections
FNDA:4,parseSections
FNDA:10,generateMcpToolRefDoc
FNDA:10,generateContextDocs
FNDA:130,track
FNDA:50,shouldPreserve
FNDA:9,generateSessionContextCard
DA:1,1
DA:10,1
DA:11,1
DA:12,1
DA:13,1
DA:14,1
DA:15,1
DA:16,1
DA:17,1
DA:18,1
DA:19,1
DA:20,1
DA:21,1
DA:24,1
DA:25,10
DA:26,10
DA:27,10
DA:28,10
DA:29,0
DA:30,0
DA:31,0
DA:32,1
DA:33,10
DA:34,9
DA:35,9
DA:36,10
DA:48,72
DA:49,72
DA:50,72
DA:52,36
DA:53,36
DA:54,18
DA:55,36
DA:56,36
DA:57,36
DA:59,164
DA:60,164
DA:61,164
DA:63,20
DA:64,20
DA:65,0
DA:66,0
DA:67,0
DA:68,0
DA:69,0
DA:70,0
DA:71,0
DA:72,0
DA:73,0
DA:74,0
DA:75,0
DA:76,0
DA:77,0
DA:78,0
DA:80,10
DA:81,10
DA:82,10
DA:83,10
DA:85,10
DA:86,6
DA:87,6
DA:88,6
DA:90,10
DA:91,10
DA:92,10
DA:94,10
DA:95,10
DA:96,10
DA:98,10
DA:99,10
DA:100,10
DA:102,10
DA:103,10
DA:104,10
DA:106,10
DA:107,10
DA:108,10
DA:109,10
DA:111,10
DA:112,10
DA:113,10
DA:114,10
DA:116,10
DA:117,10
DA:119,9
DA:120,9
DA:121,9
DA:122,9
DA:123,9
DA:124,9
DA:125,9
DA:126,9
DA:127,9
DA:128,9
DA:129,9
DA:130,9
DA:131,9
DA:132,9
DA:133,9
DA:134,9
DA:135,9
DA:136,9
DA:137,9
DA:138,9
DA:140,9
DA:141,5
DA:142,9
DA:143,4
DA:144,6
DA:145,6
DA:146,4
DA:148,9
DA:149,9
DA:150,9
DA:151,9
DA:152,9
DA:153,9
DA:154,9
DA:155,9
DA:156,9
DA:157,9
DA:158,9
DA:160,9
DA:161,9
DA:162,9
DA:164,9
DA:165,9
DA:166,9
DA:167,9
DA:168,9
DA:169,9
DA:170,9
DA:171,9
DA:172,9
DA:173,9
DA:174,9
DA:175,9
DA:176,0
DA:177,0
DA:178,9
DA:179,9
DA:180,9
DA:182,9
DA:183,9
DA:185,9
DA:186,9
DA:187,9
DA:188,9
DA:189,9
DA:190,9
DA:191,9
DA:193,9
DA:194,9
DA:195,9
DA:197,9
DA:198,9
DA:199,9
DA:200,9
DA:201,0
DA:202,0
DA:203,0
DA:204,0
DA:205,0
DA:207,9
DA:208,9
DA:209,9
DA:210,9
DA:211,9
DA:212,9
DA:213,9
DA:214,9
DA:215,9
DA:216,9
DA:218,9
DA:219,9
DA:220,18
DA:221,18
DA:223,9
DA:224,0
DA:225,0
DA:226,0
DA:227,0
DA:228,0
DA:229,0
DA:230,0
DA:231,0
DA:232,0
DA:233,0
DA:234,0
DA:235,0
DA:236,0
DA:238,9
DA:239,9
DA:240,9
DA:241,9
DA:243,9
DA:244,9
DA:245,9
DA:246,9
DA:247,9
DA:249,9
DA:250,9
DA:251,9
DA:252,9
DA:253,9
DA:254,9
DA:255,9
DA:256,9
DA:257,9
DA:258,9
DA:259,9
DA:260,9
DA:261,9
DA:262,9
DA:263,9
DA:265,9
DA:266,9
DA:268,9
DA:269,9
DA:270,9
DA:271,9
DA:272,9
DA:273,9
DA:274,9
DA:275,9
DA:276,9
DA:278,9
DA:279,9
DA:280,0
DA:281,9
DA:282,9
DA:283,9
DA:285,9
DA:286,9
DA:287,9
DA:288,9
DA:289,9
DA:290,0
DA:291,0
DA:292,0
DA:293,9
DA:294,9
DA:295,9
DA:296,9
DA:298,9
DA:299,9
DA:300,0
DA:301,0
DA:302,0
DA:303,0
DA:304,9
DA:305,0
DA:306,0
DA:307,0
DA:308,9
DA:309,0
DA:310,0
DA:311,0
DA:312,9
DA:313,9
DA:314,9
DA:316,9
DA:317,9
DA:319,9
DA:320,9
DA:321,9
DA:322,9
DA:323,9
DA:324,9
DA:325,9
DA:326,9
DA:327,9
DA:328,9
DA:329,9
DA:330,9
DA:331,9
DA:332,9
DA:333,9
DA:334,9
DA:335,9
DA:337,9
DA:338,9
DA:340,9
DA:341,9
DA:342,9
DA:343,9
DA:344,9
DA:345,9
DA:346,9
DA:347,9
DA:348,9
DA:349,9
DA:351,9
DA:352,9
DA:353,9
DA:354,9
DA:355,9
DA:356,9
DA:358,9
DA:359,0
DA:360,0
DA:361,0
DA:362,0
DA:363,0
DA:365,9
DA:366,9
DA:367,9
DA:368,9
DA:369,9
DA:370,0
DA:371,0
DA:372,9
DA:373,0
DA:374,0
DA:375,9
DA:376,0
DA:377,0
DA:379,9
DA:380,9
DA:381,9
DA:382,9
DA:383,9
DA:384,9
DA:386,9
DA:387,0
DA:388,0
DA:389,0
DA:390,0
DA:391,0
DA:392,0
DA:394,9
DA:395,9
DA:397,10
DA:398,10
DA:399,10
DA:400,10
DA:401,10
DA:402,10
DA:403,10
DA:404,10
DA:405,10
DA:406,10
DA:407,10
DA:408,10
DA:409,10
DA:410,10
DA:411,10
DA:412,10
DA:413,10
DA:414,10
DA:415,10
DA:416,10
DA:417,10
DA:418,10
DA:419,10
DA:420,10
DA:421,10
DA:422,10
DA:423,10
DA:424,10
DA:425,10
DA:426,10
DA:427,10
DA:428,10
DA:429,10
DA:430,10
DA:431,10
DA:432,10
DA:433,10
DA:434,10
DA:435,10
DA:436,10
DA:437,10
DA:438,10
DA:439,10
DA:440,10
DA:441,10
DA:442,10
DA:443,10
DA:444,10
DA:445,10
DA:446,10
DA:447,10
DA:448,10
DA:449,10
DA:450,10
DA:451,10
DA:452,10
DA:453,10
DA:454,10
DA:455,10
DA:456,10
DA:457,10
DA:458,10
DA:460,10
DA:461,10
DA:463,10
DA:464,10
DA:465,10
DA:466,10
DA:467,10
DA:468,10
DA:469,10
DA:470,10
DA:471,10
DA:472,10
DA:473,10
DA:474,10
DA:475,10
DA:476,10
DA:477,10
DA:478,10
DA:479,10
DA:480,10
DA:481,10
DA:482,10
DA:483,10
DA:484,10
DA:485,10
DA:486,10
DA:487,10
DA:488,10
DA:489,10
DA:490,10
DA:491,10
DA:492,10
DA:493,10
DA:494,10
DA:495,10
DA:496,10
DA:497,10
DA:498,10
DA:499,10
DA:500,10
DA:501,10
DA:502,10
DA:503,10
DA:504,10
DA:505,10
DA:506,10
DA:507,10
DA:508,10
DA:509,10
DA:510,10
DA:511,10
DA:512,10
DA:513,10
DA:514,10
DA:515,10
DA:516,10
DA:517,10
DA:518,10
DA:519,10
DA:520,10
DA:521,10
DA:522,10
DA:523,10
DA:524,10
DA:525,10
DA:527,10
DA:528,10
DA:530,10
DA:531,10
DA:532,10
DA:533,10
DA:534,10
DA:535,10
DA:536,10
DA:537,10
DA:538,10
DA:539,10
DA:540,10
DA:541,10
DA:542,10
DA:543,10
DA:544,10
DA:545,10
DA:546,10
DA:547,10
DA:548,10
DA:549,10
DA:550,10
DA:551,10
DA:552,10
DA:553,10
DA:554,10
DA:555,10
DA:556,10
DA:557,10
DA:558,10
DA:559,10
DA:560,10
DA:561,10
DA:562,10
DA:563,10
DA:564,10
DA:565,10
DA:566,10
DA:567,10
DA:569,10
DA:570,10
DA:572,2
DA:573,2
DA:574,2
DA:575,4
DA:576,4
DA:577,4
DA:578,4
DA:579,126
DA:580,16
DA:581,16
DA:582,16
DA:583,126
DA:584,110
DA:585,110
DA:586,126
DA:587,4
DA:588,4
DA:589,4
DA:590,2
DA:591,2
DA:592,2
DA:593,2
DA:594,10
DA:595,10
DA:596,2
DA:597,10
DA:598,10
DA:599,2
DA:600,2
DA:611,1
DA:612,10
DA:613,10
DA:614,270
DA:615,270
DA:616,270
DA:617,270
DA:618,350
DA:619,350
DA:620,270
DA:621,270
DA:622,270
DA:623,10
DA:625,10
DA:626,10
DA:627,10
DA:628,10
DA:629,10
DA:630,10
DA:631,10
DA:632,10
DA:633,10
DA:634,10
DA:635,10
DA:636,10
DA:637,10
DA:638,10
DA:639,10
DA:640,10
DA:641,10
DA:642,10
DA:643,10
DA:644,10
DA:647,1
DA:648,10
DA:649,10
DA:650,10
DA:651,10
DA:652,10
DA:654,10
DA:655,10
DA:656,10
DA:658,10
DA:661,10
DA:662,10
DA:663,10
DA:664,0
DA:665,0
DA:667,10
DA:668,10
DA:669,9
DA:670,9
DA:675,10
DA:676,10
DA:677,9
DA:678,9
DA:679,9
DA:681,10
DA:682,10
DA:683,9
DA:684,9
DA:685,9
DA:687,10
DA:689,10
DA:690,10
DA:691,9
DA:692,9
DA:694,10
DA:695,10
DA:696,10
DA:697,10
DA:699,10
DA:700,10
DA:701,10
DA:702,10
DA:704,10
DA:705,10
DA:706,9
DA:707,9
DA:708,9
DA:709,9
DA:710,9
DA:711,9
DA:712,9
DA:713,9
DA:714,9
DA:715,9
DA:716,9
DA:718,10
DA:719,10
DA:722,9
DA:723,9
DA:724,9
DA:725,9
DA:726,9
DA:727,9
DA:728,9
DA:729,9
DA:730,9
DA:731,9
DA:732,9
DA:733,9
DA:734,9
DA:735,9
DA:736,9
DA:737,9
DA:738,9
DA:739,9
DA:740,9
DA:741,9
DA:742,9
DA:743,9
DA:744,9
DA:745,9
DA:746,9
DA:747,9
DA:748,9
DA:751,10
DA:752,10
DA:755,10
DA:756,10
DA:759,10
DA:760,10
DA:762,10
DA:763,10
DA:764,10
DA:765,10
DA:766,10
DA:767,10
DA:768,10
DA:769,10
DA:771,10
DA:772,10
DA:773,10
DA:774,10
DA:775,10
DA:776,10
DA:777,10
DA:778,10
DA:779,10
DA:780,10
DA:782,10
DA:783,10
DA:786,10
DA:787,10
DA:788,10
DA:789,9
DA:790,9
DA:791,10
DA:793,10
DA:794,10
DA:797,9
DA:798,9
DA:799,9
DA:800,9
DA:803,9
DA:804,9
DA:805,9
DA:807,9
DA:808,9
DA:809,9
DA:810,9
DA:811,9
DA:812,9
DA:813,9
DA:814,9
DA:817,9
DA:819,9
DA:821,9
DA:822,9
DA:823,9
DA:824,9
DA:825,9
DA:826,9
DA:827,9
DA:828,9
DA:829,9
DA:830,9
DA:831,9
DA:832,9
DA:833,9
DA:834,9
DA:835,9
DA:836,9
DA:837,9
DA:838,9
DA:839,9
DA:840,9
DA:841,9
DA:842,9
DA:843,9
DA:844,9
DA:845,9
DA:846,9
DA:847,9
DA:848,9
DA:849,9
DA:850,9
DA:851,9
DA:852,9
DA:853,9
DA:854,9
DA:855,9
DA:856,9
DA:857,9
DA:858,9
DA:859,9
DA:860,9
LF:738
LH:668
BRDA:24,0,0,10
BRDA:28,1,0,0
BRDA:31,2,0,1
BRDA:33,3,0,9
BRDA:48,4,0,72
BRDA:52,5,0,36
BRDA:53,6,0,18
BRDA:55,7,0,0
BRDA:55,8,0,18
BRDA:59,9,0,164
BRDA:63,10,0,20
BRDA:64,11,0,0
BRDA:80,12,0,10
BRDA:90,13,0,0
BRDA:91,14,0,0
BRDA:92,15,0,0
BRDA:96,16,0,0
BRDA:100,17,0,0
BRDA:102,18,0,2
BRDA:103,19,0,2
BRDA:104,20,0,2
BRDA:106,21,0,8
BRDA:106,22,0,0
BRDA:107,23,0,8
BRDA:107,24,0,0
BRDA:108,25,0,8
BRDA:108,26,0,0
BRDA:109,27,0,0
BRDA:111,28,0,0
BRDA:112,29,0,0
BRDA:113,30,0,0
BRDA:114,31,0,0
BRDA:83,32,0,60
BRDA:85,33,0,6
BRDA:119,34,0,9
BRDA:140,35,0,5
BRDA:142,36,0,4
BRDA:143,37,0,6
BRDA:175,38,0,0
BRDA:185,39,0,9
BRDA:200,40,0,0
BRDA:209,41,0,0
BRDA:210,42,0,0
BRDA:211,43,0,0
BRDA:212,44,0,0
BRDA:213,45,0,0
BRDA:214,46,0,0
BRDA:215,47,0,0
BRDA:216,48,0,0
BRDA:219,49,0,18
BRDA:223,50,0,0
BRDA:223,51,0,0
BRDA:255,52,0,0
BRDA:194,53,0,18
BRDA:240,54,0,9
BRDA:241,55,0,9
BRDA:253,56,0,9
BRDA:268,57,0,9
BRDA:279,58,0,0
BRDA:289,59,0,0
BRDA:299,60,0,0
BRDA:299,61,0,0
BRDA:304,62,0,0
BRDA:304,63,0,0
BRDA:308,64,0,0
BRDA:308,65,0,0
BRDA:323,66,0,9
BRDA:340,67,0,9
BRDA:358,68,0,0
BRDA:358,69,0,0
BRDA:358,70,0,0
BRDA:369,71,0,0
BRDA:372,72,0,0
BRDA:375,73,0,0
BRDA:386,74,0,0
BRDA:397,75,0,10
BRDA:463,76,0,10
BRDA:530,77,0,10
BRDA:572,78,0,2
BRDA:573,79,0,0
BRDA:592,80,0,0
BRDA:593,81,0,10
BRDA:594,82,0,8
BRDA:596,83,0,10
BRDA:597,84,0,8
BRDA:597,85,0,0
BRDA:574,86,0,4
BRDA:578,87,0,126
BRDA:579,88,0,16
BRDA:583,89,0,110
BRDA:611,90,0,10
BRDA:612,91,0,300
BRDA:612,92,0,0
BRDA:613,93,0,270
BRDA:614,94,0,170
BRDA:615,95,0,0
BRDA:622,96,0,140
BRDA:617,97,0,350
BRDA:619,98,0,150
BRDA:619,99,0,200
BRDA:647,100,0,10
BRDA:648,101,0,9
BRDA:648,102,0,1
BRDA:663,103,0,0
BRDA:663,104,0,0
BRDA:668,105,0,9
BRDA:676,106,0,6
BRDA:676,107,0,9
BRDA:678,108,0,1
BRDA:678,109,0,8
BRDA:682,110,0,6
BRDA:682,111,0,9
BRDA:684,112,0,1
BRDA:684,113,0,8
BRDA:690,114,0,9
BRDA:705,115,0,9
BRDA:719,116,0,9
BRDA:766,117,0,0
BRDA:771,118,0,1
BRDA:771,119,0,9
BRDA:772,120,0,1
BRDA:772,121,0,9
BRDA:773,122,0,1
BRDA:773,123,0,9
BRDA:774,124,0,1
BRDA:774,125,0,9
BRDA:775,126,0,1
BRDA:775,127,0,9
BRDA:776,128,0,1
BRDA:776,129,0,9
BRDA:777,130,0,1
BRDA:777,131,0,9
BRDA:778,132,0,1
BRDA:778,133,0,9
BRDA:779,134,0,1
BRDA:779,135,0,9
BRDA:788,136,0,9
BRDA:655,137,0,130
BRDA:656,138,0,50
BRDA:656,139,0,30
BRDA:746,140,0,18
BRDA:797,141,0,9
BRDA:798,142,0,0
BRDA:803,143,0,0
BRDA:804,144,0,0
BRDA:805,145,0,0
BRDA:809,146,0,0
BRDA:835,147,0,0
BRDA:819,148,0,18
BRDA:828,149,0,54
BRF:150
BRH:92
end_of_record
TN:
SF:src/generators/instructions.ts
FN:10,readTemplate
FN:18,readFrameworkTemplate
FN:22,buildStackSummary
FN:30,buildKeyFilesList
FN:34,buildBuildCommandsSection
FN:59,buildPersonaDirective
FN:66,fillTemplate
FN:101,enforceSizeCap
FN:118,generatePathSpecificInstructions
FN:230,buildPersistentRulesSection
FN:295,generateInstructions
FN:468,generatePromptQualityPack
FNF:12
FNH:12
FNDA:21,readTemplate
FNDA:7,readFrameworkTemplate
FNDA:14,buildStackSummary
FNDA:14,buildKeyFilesList
FNDA:14,buildBuildCommandsSection
FNDA:14,buildPersonaDirective
FNDA:14,fillTemplate
FNDA:14,enforceSizeCap
FNDA:14,generatePathSpecificInstructions
FNDA:14,buildPersistentRulesSection
FNDA:14,generateInstructions
FNDA:14,generatePromptQualityPack
DA:1,1
DA:7,1
DA:8,1
DA:10,21
DA:11,21
DA:12,21
DA:13,21
DA:14,0
DA:15,0
DA:16,21
DA:18,7
DA:19,7
DA:20,7
DA:22,14
DA:23,14
DA:24,14
DA:25,15
DA:26,15
DA:27,14
DA:28,14
DA:30,14
DA:31,14
DA:32,14
DA:34,14
DA:35,14
DA:36,14
DA:38,4
DA:39,4
DA:42,4
DA:43,13
DA:44,20
DA:45,20
DA:47,13
DA:48,10
DA:49,0
DA:50,0
DA:51,10
DA:53,13
DA:54,10
DA:55,10
DA:56,4
DA:57,4
DA:59,14
DA:60,14
DA:61,14
DA:62,14
DA:63,9
DA:64,9
DA:66,14
DA:67,14
DA:68,14
DA:69,14
DA:70,14
DA:71,14
DA:72,14
DA:73,14
DA:75,14
DA:76,14
DA:77,14
DA:78,14
DA:79,14
DA:80,14
DA:81,14
DA:82,14
DA:83,14
DA:84,14
DA:85,14
DA:86,14
DA:87,14
DA:88,14
DA:89,14
DA:90,14
DA:91,14
DA:101,14
DA:102,14
DA:103,14
DA:106,14
DA:107,14
DA:108,0
DA:109,0
DA:110,0
DA:113,14
DA:114,14
DA:115,14
DA:118,14
DA:119,14
DA:120,14
DA:121,14
DA:122,14
DA:123,14
DA:126,14
DA:127,14
DA:128,14
DA:129,0
DA:130,0
DA:131,0
DA:132,0
DA:133,0
DA:134,0
DA:135,0
DA:136,0
DA:137,0
DA:138,0
DA:139,0
DA:140,0
DA:141,0
DA:142,0
DA:143,0
DA:144,0
DA:145,0
DA:146,0
DA:147,0
DA:150,14
DA:151,14
DA:152,14
DA:153,1
DA:154,1
DA:155,1
DA:156,1
DA:157,1
DA:158,1
DA:159,1
DA:160,1
DA:161,1
DA:162,1
DA:163,1
DA:164,1
DA:165,1
DA:166,1
DA:167,1
DA:168,1
DA:169,1
DA:170,1
DA:171,1
DA:174,14
DA:175,14
DA:176,84
DA:177,84
DA:178,84
DA:179,84
DA:180,14
DA:181,14
DA:182,14
DA:183,0
DA:184,0
DA:185,0
DA:186,0
DA:187,0
DA:188,0
DA:189,0
DA:190,0
DA:191,0
DA:192,0
DA:193,0
DA:194,0
DA:195,0
DA:196,0
DA:197,0
DA:198,0
DA:199,0
DA:200,0
DA:201,0
DA:204,14
DA:205,14
DA:206,14
DA:207,1
DA:208,1
DA:209,1
DA:210,1
DA:211,1
DA:212,1
DA:213,1
DA:214,1
DA:215,1
DA:216,1
DA:217,1
DA:218,1
DA:219,1
DA:220,1
DA:221,1
DA:222,1
DA:223,1
DA:224,1
DA:226,14
DA:227,14
DA:230,14
DA:231,14
DA:232,14
DA:235,14
DA:236,0
DA:237,14
DA:238,0
DA:239,14
DA:240,0
DA:241,14
DA:242,0
DA:243,0
DA:245,14
DA:246,14
DA:247,56
DA:248,0
DA:249,0
DA:250,0
DA:251,56
DA:254,14
DA:255,14
DA:256,70
DA:257,0
DA:258,0
DA:259,0
DA:260,70
DA:263,14
DA:264,14
DA:265,56
DA:266,0
DA:267,0
DA:268,0
DA:269,56
DA:272,14
DA:273,0
DA:274,0
DA:277,14
DA:278,11
DA:279,11
DA:281,14
DA:282,14
DA:284,11
DA:285,11
DA:286,11
DA:287,11
DA:288,11
DA:289,11
DA:290,11
DA:291,11
DA:292,11
DA:295,1
DA:296,14
DA:297,14
DA:299,14
DA:302,14
DA:303,14
DA:304,7
DA:305,7
DA:307,14
DA:309,14
DA:312,14
DA:313,14
DA:314,14
DA:315,11
DA:316,11
DA:319,14
DA:321,14
DA:323,14
DA:326,14
DA:327,13
DA:328,13
DA:333,14
DA:335,14
DA:336,14
DA:337,14
DA:338,14
DA:339,14
DA:340,14
DA:341,14
DA:342,14
DA:343,14
DA:344,14
DA:345,14
DA:346,14
DA:347,14
DA:348,14
DA:349,14
DA:350,14
DA:351,14
DA:352,14
DA:353,14
DA:354,14
DA:355,14
DA:356,14
DA:357,14
DA:358,14
DA:359,14
DA:360,14
DA:361,14
DA:362,14
DA:363,14
DA:364,14
DA:365,14
DA:366,14
DA:367,14
DA:368,14
DA:369,14
DA:370,14
DA:371,14
DA:372,14
DA:373,14
DA:374,14
DA:375,14
DA:376,14
DA:377,14
DA:378,14
DA:379,14
DA:380,14
DA:381,14
DA:382,14
DA:383,14
DA:384,14
DA:385,14
DA:386,14
DA:387,14
DA:388,14
DA:389,14
DA:390,14
DA:391,14
DA:392,14
DA:393,14
DA:394,14
DA:395,14
DA:396,14
DA:397,14
DA:398,14
DA:399,14
DA:400,14
DA:401,14
DA:402,14
DA:403,14
DA:404,14
DA:405,14
DA:406,14
DA:407,14
DA:408,14
DA:409,14
DA:410,14
DA:411,14
DA:412,14
DA:413,14
DA:414,14
DA:415,14
DA:416,14
DA:417,14
DA:418,14
DA:419,14
DA:420,14
DA:421,14
DA:422,14
DA:423,14
DA:424,14
DA:425,14
DA:426,14
DA:427,14
DA:428,14
DA:429,14
DA:430,14
DA:431,14
DA:432,14
DA:433,14
DA:434,14
DA:435,14
DA:436,14
DA:437,14
DA:438,14
DA:439,14
DA:440,14
DA:441,14
DA:442,14
DA:443,14
DA:444,14
DA:445,14
DA:446,14
DA:448,14
DA:449,14
DA:451,14
DA:454,14
DA:455,14
DA:456,14
DA:457,14
DA:460,14
DA:461,14
DA:462,14
DA:463,14
DA:465,14
DA:466,14
DA:468,14
DA:469,14
DA:470,14
DA:473,14
DA:474,14
DA:475,0
DA:476,0
DA:477,0
DA:478,0
DA:479,0
DA:480,0
DA:481,0
DA:482,0
DA:483,0
DA:484,0
DA:485,0
DA:486,0
DA:488,0
DA:489,0
DA:490,0
DA:493,14
DA:494,14
DA:495,0
DA:496,0
DA:497,0
DA:498,0
DA:499,0
DA:500,0
DA:501,0
DA:502,0
DA:503,0
DA:504,0
DA:506,0
DA:507,0
DA:508,0
DA:510,14
DA:511,0
DA:512,14
DA:514,14
DA:515,0
DA:516,14
DA:518,14
DA:519,14
DA:520,14
DA:521,14
DA:523,14
DA:524,14
DA:525,14
DA:526,14
DA:527,14
DA:528,14
DA:529,14
DA:530,14
DA:531,14
DA:532,14
DA:533,14
DA:534,14
DA:535,14
DA:536,14
DA:537,14
DA:538,14
DA:539,14
DA:540,14
DA:541,14
DA:542,14
DA:543,14
DA:544,14
DA:545,14
DA:546,14
DA:547,14
DA:548,14
DA:549,14
DA:550,14
DA:551,14
DA:552,14
DA:553,14
DA:554,14
DA:555,14
DA:556,14
DA:557,14
DA:558,14
DA:559,14
DA:560,14
DA:561,14
DA:562,14
DA:563,14
DA:564,14
DA:565,14
DA:566,14
DA:567,14
DA:568,14
DA:569,14
DA:570,14
DA:571,14
DA:572,14
DA:573,14
DA:574,14
DA:575,14
DA:576,14
DA:577,14
DA:578,14
DA:579,14
DA:580,14
DA:581,14
DA:582,14
DA:583,14
DA:584,14
DA:585,14
DA:586,14
DA:587,14
DA:588,14
DA:589,14
DA:590,14
DA:591,14
DA:592,14
DA:594,14
DA:595,14
DA:596,0
DA:597,0
DA:598,14
DA:599,14
DA:600,14
DA:601,14
LF:505
LH:412
BRDA:10,0,0,21
BRDA:13,1,0,0
BRDA:18,2,0,7
BRDA:22,3,0,14
BRDA:24,4,0,15
BRDA:30,5,0,14
BRDA:31,6,0,26
BRDA:34,7,0,14
BRDA:36,8,0,6
BRDA:36,9,0,10
BRDA:36,10,0,13
BRDA:36,11,0,4
BRDA:43,12,0,20
BRDA:44,13,0,10
BRDA:45,14,0,4
BRDA:47,15,0,10
BRDA:48,16,0,0
BRDA:48,17,0,0
BRDA:51,18,0,4
BRDA:53,19,0,10
BRDA:55,20,0,4
BRDA:36,21,0,10
BRDA:59,22,0,14
BRDA:60,23,0,5
BRDA:60,24,0,9
BRDA:62,25,0,5
BRDA:62,26,0,9
BRDA:66,27,0,14
BRDA:68,28,0,9
BRDA:80,29,0,11
BRDA:80,30,0,3
BRDA:68,31,0,7
BRDA:101,32,0,14
BRDA:103,33,0,0
BRDA:107,34,0,0
BRDA:118,35,0,14
BRDA:122,36,0,5
BRDA:122,37,0,9
BRDA:128,38,0,0
BRDA:152,39,0,1
BRDA:165,40,0,0
BRDA:181,41,0,0
BRDA:182,42,0,0
BRDA:206,43,0,13
BRDA:206,44,0,13
BRDA:206,45,0,1
BRDA:208,46,0,0
BRDA:127,47,0,84
BRDA:151,48,0,84
BRDA:153,49,0,6
BRDA:154,50,0,1
BRDA:175,51,0,84
BRDA:179,52,0,0
BRDA:177,53,0,144
BRDA:205,54,0,53
BRDA:207,55,0,4
BRDA:208,56,0,1
BRDA:230,57,0,14
BRDA:235,58,0,0
BRDA:237,59,0,0
BRDA:239,60,0,0
BRDA:241,61,0,0
BRDA:246,62,0,56
BRDA:247,63,0,0
BRDA:255,64,0,70
BRDA:256,65,0,0
BRDA:264,66,0,56
BRDA:265,67,0,0
BRDA:272,68,0,0
BRDA:277,69,0,11
BRDA:282,70,0,3
BRDA:282,71,0,11
BRDA:290,72,0,11
BRDA:295,73,0,14
BRDA:297,74,0,0
BRDA:303,75,0,7
BRDA:309,76,0,9
BRDA:312,77,0,0
BRDA:314,78,0,11
BRDA:326,79,0,1
BRDA:326,80,0,13
BRDA:454,81,0,0
BRDA:460,82,0,0
BRDA:307,83,0,7
BRDA:468,84,0,14
BRDA:474,85,0,0
BRDA:494,86,0,0
BRDA:510,87,0,0
BRDA:514,88,0,0
BRDA:518,89,0,9
BRDA:519,90,0,6
BRDA:519,91,0,11
BRDA:520,92,0,6
BRDA:520,93,0,12
BRDA:595,94,0,0
BRDA:518,95,0,7
BRF:96
BRH:68
end_of_record
TN:
SF:src/generators/mcp.ts
FN:27,readJsonObject
FN:42,writeJsonObject
FN:47,getServerMap
FN:55,getServerEntry
FN:72,writeCopilotCliMcpConfig
FN:92,writeVsCodeMcpConfig
FN:111,writeMcpServerConfigs
FN:119,generateMcpJson
FN:148,writeMcpServerConfig
FNF:9
FNH:9
FNDA:12,readJsonObject
FNDA:12,writeJsonObject
FNDA:12,getServerMap
FNDA:12,getServerEntry
FNDA:6,writeCopilotCliMcpConfig
FNDA:6,writeVsCodeMcpConfig
FNDA:6,writeMcpServerConfigs
FNDA:3,generateMcpJson
FNDA:3,writeMcpServerConfig
DA:1,1
DA:27,12
DA:28,12
DA:30,1
DA:31,1
DA:32,12
DA:33,1
DA:34,1
DA:35,12
DA:37,0
DA:39,0
DA:40,0
DA:42,12
DA:43,12
DA:44,12
DA:45,12
DA:47,12
DA:48,12
DA:49,1
DA:50,1
DA:52,11
DA:53,11
DA:55,12
DA:56,12
DA:57,12
DA:58,12
DA:59,12
DA:60,12
DA:61,12
DA:62,12
DA:63,12
DA:64,12
DA:65,12
DA:66,12
DA:72,1
DA:73,6
DA:74,6
DA:75,6
DA:77,6
DA:78,6
DA:79,6
DA:80,6
DA:81,6
DA:83,6
DA:84,6
DA:85,6
DA:92,1
DA:93,6
DA:94,6
DA:95,6
DA:97,6
DA:98,6
DA:99,6
DA:100,6
DA:101,6
DA:103,6
DA:104,6
DA:105,6
DA:111,1
DA:112,6
DA:113,6
DA:114,6
DA:115,6
DA:116,6
DA:119,1
DA:121,3
DA:126,3
DA:129,3
DA:131,3
DA:133,2
DA:134,2
DA:135,3
DA:137,1
DA:138,1
DA:139,1
DA:144,3
DA:145,3
DA:148,1
DA:149,3
DA:150,3
DA:151,3
LF:81
LH:78
BRDA:27,0,0,12
BRDA:28,1,0,11
BRDA:28,2,0,1
BRDA:32,3,0,1
BRDA:32,4,0,1
BRDA:35,5,0,0
BRDA:42,6,0,12
BRDA:47,7,0,12
BRDA:48,8,0,1
BRDA:48,9,0,1
BRDA:48,10,0,1
BRDA:50,11,0,11
BRDA:55,12,0,12
BRDA:62,13,0,2
BRDA:62,14,0,10
BRDA:63,15,0,2
BRDA:63,16,0,10
BRDA:64,17,0,2
BRDA:72,18,0,6
BRDA:92,19,0,6
BRDA:111,20,0,6
BRDA:119,21,0,3
BRDA:121,22,0,1
BRDA:131,23,0,2
BRDA:135,24,0,1
BRDA:148,25,0,3
BRF:26
BRH:25
end_of_record
TN:
SF:src/generators/prompts.ts
FN:20,buildPrompts
FN:449,generatePrompts
FNF:2
FNH:2
FNDA:1,buildPrompts
FNDA:1,generatePrompts
DA:1,1
DA:6,1
DA:20,1
DA:21,1
DA:22,1
DA:23,1
DA:24,1
DA:25,1
DA:26,1
DA:27,1
DA:28,1
DA:29,1
DA:30,1
DA:31,1
DA:32,1
DA:33,1
DA:34,1
DA:35,1
DA:36,1
DA:37,1
DA:38,1
DA:39,1
DA:40,1
DA:41,1
DA:43,1
DA:44,0
DA:45,0
DA:46,0
DA:47,0
DA:48,0
DA:55,0
DA:57,0
DA:58,0
DA:59,0
DA:60,0
DA:61,0
DA:69,0
DA:70,0
DA:72,1
DA:73,0
DA:74,0
DA:75,0
DA:76,0
DA:77,0
DA:84,0
DA:85,0
DA:87,1
DA:88,0
DA:89,0
DA:90,0
DA:91,0
DA:92,0
DA:99,0
DA:100,0
DA:102,1
DA:103,0
DA:104,0
DA:105,0
DA:106,0
DA:107,0
DA:113,0
DA:114,0
DA:116,1
DA:117,0
DA:118,0
DA:119,0
DA:120,0
DA:121,0
DA:128,0
DA:129,0
DA:131,1
DA:132,0
DA:133,0
DA:134,0
DA:135,0
DA:136,0
DA:142,0
DA:143,0
DA:145,1
DA:146,0
DA:147,0
DA:148,0
DA:149,0
DA:150,0
DA:156,0
DA:157,0
DA:159,1
DA:160,0
DA:161,0
DA:162,0
DA:163,0
DA:164,0
DA:170,0
DA:171,0
DA:173,1
DA:174,0
DA:175,0
DA:176,0
DA:177,0
DA:178,0
DA:184,0
DA:185,0
DA:187,1
DA:188,0
DA:189,0
DA:190,0
DA:191,0
DA:192,0
DA:198,0
DA:199,0
DA:201,1
DA:202,0
DA:203,0
DA:204,0
DA:205,0
DA:206,0
DA:214,0
DA:215,0
DA:217,1
DA:218,0
DA:219,0
DA:220,0
DA:221,0
DA:222,0
DA:230,0
DA:231,0
DA:233,1
DA:234,0
DA:235,0
DA:236,0
DA:237,0
DA:238,0
DA:245,0
DA:246,0
DA:248,1
DA:249,0
DA:250,0
DA:251,0
DA:252,0
DA:253,0
DA:260,0
DA:261,0
DA:263,1
DA:264,0
DA:265,0
DA:266,0
DA:267,0
DA:268,0
DA:276,0
DA:277,0
DA:280,1
DA:281,1
DA:282,1
DA:283,1
DA:284,1
DA:292,1
DA:294,1
DA:295,1
DA:296,1
DA:297,1
DA:298,1
DA:306,1
DA:308,1
DA:309,1
DA:310,1
DA:311,1
DA:312,1
DA:320,1
DA:322,1
DA:323,1
DA:324,1
DA:325,1
DA:326,1
DA:334,1
DA:336,1
DA:337,1
DA:338,1
DA:339,1
DA:340,1
DA:355,1
DA:357,1
DA:358,1
DA:359,1
DA:360,1
DA:361,1
DA:372,1
DA:375,1
DA:376,1
DA:377,1
DA:378,1
DA:379,1
DA:387,1
DA:389,1
DA:390,1
DA:391,1
DA:392,1
DA:393,1
DA:397,1
DA:403,1
DA:405,1
DA:406,1
DA:407,1
DA:408,1
DA:409,1
DA:436,1
DA:438,1
DA:439,1
DA:449,1
DA:450,1
DA:451,1
DA:453,1
DA:454,1
DA:455,0
DA:456,0
DA:457,0
DA:459,0
DA:460,0
DA:462,1
DA:463,1
DA:465,1
DA:466,1
DA:467,1
DA:468,9
DA:469,9
DA:470,9
DA:471,9
DA:472,9
DA:473,9
DA:475,9
DA:476,0
DA:477,0
DA:478,0
DA:479,9
DA:481,1
DA:482,1
DA:483,0
DA:484,0
DA:485,0
DA:486,0
DA:487,0
DA:488,0
DA:490,1
DA:492,1
DA:493,1
DA:494,1
LF:245
LH:120
BRDA:20,0,0,1
BRDA:43,1,0,0
BRDA:72,2,0,0
BRDA:87,3,0,0
BRDA:102,4,0,0
BRDA:116,5,0,0
BRDA:131,6,0,0
BRDA:145,7,0,0
BRDA:159,8,0,0
BRDA:173,9,0,0
BRDA:187,10,0,0
BRDA:201,11,0,0
BRDA:217,12,0,0
BRDA:233,13,0,0
BRDA:248,14,0,0
BRDA:263,15,0,0
BRDA:397,16,0,0
BRDA:397,17,0,0
BRDA:41,18,0,1
BRDA:449,19,0,1
BRDA:454,20,0,0
BRDA:467,21,0,9
BRDA:473,22,0,0
BRDA:475,23,0,0
BRDA:475,24,0,0
BRDA:482,25,0,0
BRDA:490,26,0,0
BRDA:481,27,0,9
BRF:28
BRH:5
end_of_record
TN:
SF:src/generators/skills.ts
FN:16,buildSkillSpecs
FN:26,add
FN:155,generateSkillsWithOptions
FN:227,generateSkills
FN:244,getBundledSkillSourceDir
FN:253,deployBundledSkills
FNF:6
FNH:4
FNDA:1,buildSkillSpecs
FNDA:1,add
FNDA:4,generateSkillsWithOptions
FNDA:4,generateSkills
FNDA:0,getBundledSkillSourceDir
FNDA:0,deployBundledSkills
DA:1,1
DA:7,1
DA:8,1
DA:16,1
DA:17,1
DA:18,1
DA:19,1
DA:20,1
DA:21,1
DA:22,1
DA:24,1
DA:26,1
DA:27,1
DA:28,1
DA:29,1
DA:30,1
DA:31,1
DA:32,1
DA:33,1
DA:34,1
DA:35,1
DA:38,1
DA:39,0
DA:40,0
DA:43,1
DA:45,1
DA:46,2
DA:47,1
DA:48,1
DA:49,1
DA:50,0
DA:51,1
DA:52,1
DA:53,1
DA:54,1
DA:57,1
DA:58,0
DA:59,0
DA:60,0
DA:61,0
DA:62,0
DA:65,1
DA:66,0
DA:67,0
DA:68,0
DA:69,0
DA:70,0
DA:73,1
DA:74,0
DA:75,0
DA:76,0
DA:77,0
DA:78,0
DA:79,0
DA:80,0
DA:81,0
DA:82,0
DA:85,1
DA:86,0
DA:87,0
DA:88,0
DA:89,0
DA:90,0
DA:93,1
DA:94,0
DA:95,0
DA:98,1
DA:99,0
DA:100,0
DA:103,1
DA:104,0
DA:105,0
DA:108,1
DA:109,0
DA:110,0
DA:113,1
DA:114,0
DA:115,0
DA:118,1
DA:119,0
DA:120,0
DA:123,1
DA:124,0
DA:125,0
DA:128,1
DA:129,0
DA:130,0
DA:133,1
DA:134,0
DA:135,0
DA:138,1
DA:139,0
DA:140,0
DA:143,1
DA:144,0
DA:145,0
DA:147,1
DA:148,1
DA:155,4
DA:156,4
DA:157,4
DA:158,4
DA:159,4
DA:160,4
DA:161,4
DA:163,4
DA:166,3
DA:167,2
DA:168,2
DA:169,2
DA:170,2
DA:171,2
DA:173,2
DA:174,2
DA:175,2
DA:176,2
DA:177,2
DA:178,3
DA:179,3
DA:181,1
DA:182,1
DA:184,1
DA:185,1
DA:188,1
DA:189,0
DA:190,0
DA:191,0
DA:193,1
DA:195,1
DA:196,2
DA:197,2
DA:200,1
DA:202,1
DA:203,1
DA:204,1
DA:208,4
DA:209,0
DA:210,0
DA:211,0
DA:212,0
DA:213,0
DA:214,0
DA:215,0
DA:216,0
DA:218,0
DA:219,0
DA:220,0
DA:221,0
DA:222,0
DA:224,1
DA:225,1
DA:227,4
DA:228,4
DA:229,4
DA:230,4
DA:231,4
DA:232,4
DA:233,4
DA:234,4
DA:235,4
DA:236,4
DA:240,1
DA:241,1
DA:242,1
DA:244,0
DA:246,0
DA:247,0
DA:253,0
DA:254,0
DA:255,0
DA:256,0
DA:257,0
DA:259,0
DA:260,0
DA:261,0
DA:263,0
DA:264,0
DA:265,0
DA:267,0
DA:268,0
DA:269,0
DA:271,0
DA:272,0
DA:273,0
DA:274,0
DA:276,0
DA:277,0
LF:187
LH:99
BRDA:16,0,0,1
BRDA:38,1,0,0
BRDA:49,2,0,0
BRDA:57,3,0,0
BRDA:65,4,0,0
BRDA:73,5,0,0
BRDA:85,6,0,0
BRDA:93,7,0,0
BRDA:98,8,0,0
BRDA:103,9,0,0
BRDA:108,10,0,0
BRDA:113,11,0,0
BRDA:118,12,0,0
BRDA:123,13,0,0
BRDA:128,14,0,0
BRDA:133,15,0,0
BRDA:138,16,0,0
BRDA:143,17,0,0
BRDA:19,18,0,1
BRDA:21,19,0,1
BRDA:21,20,0,5
BRDA:22,21,0,1
BRDA:22,22,0,4
BRDA:26,23,0,1
BRDA:38,24,0,1
BRDA:43,25,0,1
BRDA:43,26,0,1
BRDA:45,27,0,2
BRDA:108,28,0,1
BRDA:113,29,0,1
BRDA:123,30,0,1
BRDA:128,31,0,1
BRDA:133,32,0,1
BRDA:138,33,0,1
BRDA:143,34,0,1
BRDA:155,35,0,4
BRDA:163,36,0,3
BRDA:166,37,0,2
BRDA:166,38,0,2
BRDA:179,39,0,1
BRDA:188,40,0,0
BRDA:188,41,0,0
BRDA:195,42,0,2
BRDA:208,43,0,0
BRDA:208,44,0,0
BRDA:222,45,0,1
BRDA:167,46,0,2
BRDA:227,47,0,4
BRDA:233,48,0,0
BRDA:234,49,0,0
BRF:50
BRH:27
end_of_record
TN:
SF:src/generators/utils.ts
FN:10,setVerboseMode
FN:20,hashContent
FN:28,hashFile
FN:47,writeFileAtomic
FN:65,writeIfChanged
FN:89,findUnresolvedPlaceholders
FN:100,applyFallbacks
FN:119,getManifestPath
FN:124,isAiOsManifest
FN:135,readManifest
FN:154,writeManifest
FN:179,makeFileDiff
FN:186,recordResult
FN:197,toRepoRelative
FN:202,sha256
FN:220,sanitizeForInstructions
FN:239,resolveTemplatesDir
FNF:17
FNH:7
FNDA:0,setVerboseMode
FNDA:0,hashContent
FNDA:0,hashFile
FNDA:194,writeFileAtomic
FNDA:172,writeIfChanged
FNDA:0,findUnresolvedPlaceholders
FNDA:0,applyFallbacks
FNDA:8,getManifestPath
FNDA:13,isAiOsManifest
FNDA:8,readManifest
FNDA:0,writeManifest
FNDA:0,makeFileDiff
FNDA:0,recordResult
FNDA:0,toRepoRelative
FNDA:0,sha256
FNDA:269,sanitizeForInstructions
FNDA:6,resolveTemplatesDir
DA:1,1
DA:7,1
DA:10,1
DA:11,0
DA:12,0
DA:20,1
DA:21,0
DA:22,0
DA:28,1
DA:29,0
DA:30,0
DA:31,0
DA:32,0
DA:33,0
DA:34,0
DA:35,0
DA:47,1
DA:48,194
DA:49,194
DA:50,194
DA:51,194
[...]
DA:278,0
DA:279,0
DA:282,0
DA:283,0
DA:284,0
DA:285,0
DA:286,0
DA:287,0
DA:290,0
DA:291,0
DA:292,0
DA:293,0
DA:294,0
DA:295,0
DA:296,0
DA:298,0
DA:299,0
DA:300,0
DA:302,0
DA:303,0
DA:305,1
DA:306,0
DA:307,0
DA:308,0
DA:309,0
DA:310,0
DA:311,0
DA:312,0
DA:314,0
DA:316,0
DA:317,0
DA:318,0
DA:319,0
DA:321,0
DA:322,0
DA:323,0
DA:324,0
DA:326,0
DA:327,0
DA:328,0
DA:329,0
DA:331,0
DA:332,0
DA:333,0
DA:334,0
DA:336,0
DA:337,0
DA:338,0
DA:339,0
DA:340,0
DA:342,0
DA:343,0
DA:344,0
DA:345,0
DA:346,0
DA:347,0
DA:348,0
DA:349,0
DA:350,0
DA:351,0
DA:354,0
DA:355,0
DA:356,0
DA:357,0
DA:359,0
DA:360,0
DA:361,0
DA:362,0
DA:363,0
DA:365,1
DA:366,0
DA:367,0
DA:368,0
DA:369,0
DA:370,0
DA:371,0
DA:373,0
DA:374,0
DA:375,0
DA:376,0
DA:377,0
DA:378,0
DA:381,0
DA:383,0
DA:384,0
DA:386,0
DA:387,0
DA:388,0
DA:389,0
DA:390,0
DA:391,0
DA:392,0
DA:393,0
DA:394,0
DA:397,0
DA:398,0
DA:399,0
DA:400,0
DA:401,0
DA:402,0
DA:403,0
DA:404,0
DA:405,0
DA:407,0
DA:408,0
DA:410,0
DA:411,0
DA:412,0
DA:413,0
DA:414,0
DA:415,0
DA:416,0
DA:417,0
DA:418,0
DA:419,0
DA:420,0
DA:421,0
DA:422,0
DA:423,0
DA:425,0
DA:426,0
DA:428,1
DA:429,0
DA:430,0
DA:431,0
DA:432,0
DA:433,0
DA:434,0
DA:436,0
DA:437,0
DA:438,0
DA:439,0
DA:440,0
DA:441,0
DA:443,0
DA:444,0
DA:445,0
DA:446,0
DA:447,0
DA:449,0
DA:450,0
DA:451,0
DA:452,0
DA:453,0
DA:455,0
DA:456,0
DA:457,0
DA:458,0
DA:459,0
DA:460,0
DA:461,0
DA:462,0
DA:463,0
DA:465,0
DA:466,0
DA:468,0
DA:469,0
DA:470,0
DA:471,0
DA:472,0
DA:473,0
DA:474,0
DA:475,0
DA:476,0
DA:478,0
DA:479,0
LF:393
LH:51
BRDA:165,0,0,1
BRDA:187,1,0,6
BRDA:192,2,0,0
BRDA:193,3,0,112
BRDA:197,4,0,0
BRDA:201,5,0,0
BRDA:205,6,0,0
BRDA:219,7,0,0
BRDA:215,8,0,15
BRDA:215,9,0,10
BRF:10
BRH:5
end_of_record
TN:
SF:src/mcp-server/recommendations-bridge.ts
FN:11,getRecommendations
FN:21,suggestImprovements
FNF:2
FNH:2
FNDA:1,getRecommendations
FNDA:1,suggestImprovements
DA:1,1
DA:11,1
DA:12,1
DA:13,1
DA:14,1
DA:15,1
DA:16,0
DA:17,0
DA:21,1
DA:22,1
DA:25,1
DA:26,1
DA:27,1
DA:28,0
DA:29,0
DA:32,1
DA:33,0
DA:34,0
DA:37,1
DA:38,0
DA:39,0
DA:42,1
DA:43,1
DA:44,0
DA:45,1
DA:46,1
DA:47,1
DA:48,0
DA:49,0
DA:50,1
DA:53,1
DA:54,1
DA:55,0
DA:56,0
DA:59,1
DA:60,1
DA:61,1
DA:62,1
DA:66,1
DA:67,0
DA:68,0
DA:69,1
DA:70,0
DA:71,0
DA:72,1
DA:74,0
DA:75,1
DA:77,1
DA:78,1
DA:79,1
DA:81,0
DA:82,0
DA:83,0
DA:84,0
DA:85,0
DA:86,0
LF:56
LH:32
BRDA:11,0,0,1
BRDA:15,1,0,0
BRDA:21,2,0,1
BRDA:27,3,0,0
BRDA:32,4,0,0
BRDA:37,5,0,0
BRDA:43,6,0,0
BRDA:47,7,0,0
BRDA:54,8,0,0
BRDA:66,9,0,0
BRDA:69,10,0,0
BRDA:72,11,0,0
BRDA:79,12,0,0
BRDA:26,13,0,1
BRF:14
BRH:3
end_of_record
TN:
SF:src/mcp-server/search.ts
FN:9,searchFiles
FN:31,buildFileTree
FNF:2
FNH:2
FNDA:4,searchFiles
FNDA:31,buildFileTree
DA:1,1
DA:9,1
DA:10,4
DA:11,4
DA:12,4
DA:13,4
DA:14,4
DA:16,4
DA:17,4
DA:18,4
DA:19,4
DA:20,4
DA:21,0
DA:22,0
DA:23,4
DA:25,1
DA:26,1
DA:27,1
DA:28,1
DA:29,1
DA:31,1
DA:32,31
DA:33,8
DA:34,8
DA:35,8
DA:36,8
DA:37,8
DA:38,8
DA:39,8
DA:40,152
DA:41,104
DA:42,8
DA:44,31
DA:45,66
DA:46,30
DA:47,30
DA:48,66
DA:49,36
DA:50,36
DA:51,66
DA:52,31
DA:53,8
DA:54,8
LF:43
LH:41
BRDA:9,0,0,4
BRDA:13,1,0,1
BRDA:17,2,0,1
BRDA:17,3,0,3
BRDA:18,4,0,0
BRDA:20,5,0,0
BRDA:31,6,0,31
BRDA:32,7,0,23
BRDA:32,8,0,8
BRDA:44,9,0,66
BRDA:45,10,0,30
BRDA:48,11,0,36
BRDA:51,12,0,8
BRDA:52,13,0,0
BRDA:52,14,0,8
BRDA:37,15,0,74
BRDA:37,16,0,6
BRDA:38,17,0,69
BRDA:39,18,0,152
BRDA:40,19,0,48
BRDA:40,20,0,41
BRDA:40,21,0,7
BRDA:40,22,0,104
BRF:23
BRH:20
end_of_record
TN:
SF:src/mcp-server/session.ts
FN:70,normalizeFailureText
FN:74,readRuntimeState
FN:106,writeRuntimeState
FN:112,getActivePlan
FN:150,upsertActivePlan
FN:199,appendCheckpoint
FN:230,closeCheckpoint
FN:267,recordFailurePattern
FN:340,compactSessionContext
FN:424,recordToolCallAndRunWatchdog
FN:470,setWatchdogThreshold
FN:492,resetSessionState
FNF:12
FNH:12
FNDA:16,normalizeFailureText
FNDA:12,readRuntimeState
FNDA:12,writeRuntimeState
FNDA:2,getActivePlan
FNDA:3,upsertActivePlan
FNDA:108,appendCheckpoint
FNDA:1,closeCheckpoint
FNDA:3,recordFailurePattern
FNDA:1,compactSessionContext
FNDA:11,recordToolCallAndRunWatchdog
FNDA:1,setWatchdogThreshold
FNDA:2,resetSessionState
DA:1,1
DA:64,1
DA:65,1
DA:66,1
DA:70,16
DA:71,16
DA:72,16
DA:74,12
DA:75,12
DA:76,12
DA:77,12
DA:78,12
DA:79,12
DA:80,12
DA:81,12
DA:83,12
DA:85,10
DA:86,10
DA:87,10
DA:88,10
DA:89,0
DA:91,12
DA:92,12
DA:93,12
DA:94,10
DA:95,0
DA:96,12
DA:97,12
DA:98,10
DA:99,0
DA:100,12
DA:101,12
DA:102,0
DA:103,0
DA:104,12
DA:106,12
DA:107,12
DA:108,12
DA:112,1
DA:113,2
DA:114,2
DA:116,2
DA:117,1
DA:118,1
DA:120,1
DA:121,1
DA:122,1
DA:123,1
DA:124,1
DA:125,1
DA:126,1
DA:127,1
DA:128,1
DA:129,1
DA:130,1
DA:132,1
DA:133,1
DA:135,1
DA:136,1
DA:137,0
DA:138,1
DA:139,1
DA:140,1
DA:141,1
DA:142,1
DA:144,1
DA:145,1
DA:146,0
DA:147,0
DA:148,2
DA:150,1
DA:151,3
DA:152,3
DA:153,3
DA:154,3
DA:155,3
DA:156,3
DA:157,3
DA:158,3
DA:159,3
DA:161,3
DA:162,0
DA:163,0
DA:165,3
DA:166,3
DA:167,3
DA:168,3
DA:169,3
DA:170,3
DA:172,3
DA:173,3
DA:174,3
DA:175,3
DA:176,3
DA:177,0
DA:178,3
DA:180,3
DA:181,3
DA:182,3
DA:183,3
DA:184,3
DA:185,3
DA:186,3
DA:187,3
DA:188,3
DA:189,3
DA:191,3
DA:192,3
DA:193,3
DA:194,3
DA:195,0
DA:196,0
DA:197,3
DA:199,1
DA:200,108
DA:201,108
DA:202,0
DA:203,0
DA:205,108
DA:206,108
DA:207,108
DA:208,108
DA:209,108
DA:210,108
DA:211,108
DA:212,108
DA:213,108
DA:214,108
DA:215,108
DA:217,108
DA:218,108
DA:219,108
DA:220,108
DA:221,108
DA:222,108
DA:223,108
DA:224,108
DA:225,108
DA:226,0
DA:227,0
DA:228,108
DA:230,1
DA:231,1
DA:232,1
DA:233,0
DA:234,0
DA:236,1
DA:237,1
DA:238,1
DA:239,1
DA:240,1
DA:241,1
DA:243,1
DA:244,0
DA:245,0
DA:247,1
DA:248,1
DA:249,1
DA:250,1
DA:252,1
DA:253,1
DA:254,1
DA:255,1
DA:256,1
DA:257,1
DA:259,1
DA:260,1
DA:261,1
DA:262,1
DA:263,0
DA:264,0
DA:265,1
DA:267,1
DA:268,3
DA:269,3
DA:270,3
DA:271,3
DA:272,3
DA:273,3
DA:274,3
DA:275,3
DA:276,3
DA:277,3
DA:278,3
DA:280,3
DA:281,0
DA:282,0
DA:284,3
DA:285,3
DA:286,3
DA:288,3
DA:289,3
DA:290,3
DA:291,3
DA:292,3
DA:294,3
DA:295,3
DA:296,3
DA:297,3
DA:298,3
DA:299,3
DA:301,3
DA:302,1
DA:303,1
DA:304,1
DA:305,1
DA:306,3
DA:308,3
DA:309,1
DA:310,1
DA:311,1
DA:312,1
DA:313,1
DA:314,1
DA:315,1
DA:317,2
DA:318,2
DA:319,2
DA:320,2
DA:321,2
DA:322,2
DA:323,2
DA:324,2
DA:325,2
DA:326,2
DA:327,2
DA:328,2
DA:330,2
DA:331,2
DA:332,2
DA:333,2
DA:334,3
DA:335,3
DA:336,0
DA:337,0
DA:338,3
DA:340,1
DA:341,1
DA:342,1
DA:343,1
DA:345,1
DA:346,1
DA:347,1
DA:348,1
DA:350,1
DA:351,1
DA:352,0
DA:354,1
DA:355,1
DA:356,1
DA:358,1
DA:359,1
DA:360,1
DA:362,1
DA:363,1
DA:364,1
DA:365,1
DA:366,1
DA:367,1
DA:368,1
DA:370,1
DA:371,0
DA:372,1
DA:373,1
DA:374,1
DA:375,1
DA:376,1
DA:377,1
DA:378,1
DA:379,1
DA:380,0
DA:381,1
DA:382,1
DA:383,1
DA:384,1
DA:386,1
DA:387,1
DA:388,1
DA:389,0
DA:390,1
DA:391,1
DA:392,1
DA:393,1
DA:394,1
DA:395,1
DA:396,1
DA:398,1
DA:399,1
DA:400,0
DA:401,1
DA:402,1
DA:403,1
DA:404,1
DA:405,1
DA:406,1
DA:407,1
DA:409,1
DA:410,1
DA:411,1
DA:412,1
DA:413,0
DA:414,0
DA:416,1
DA:417,1
DA:418,1
DA:419,1
DA:420,0
DA:421,0
DA:422,1
DA:424,1
DA:425,11
DA:426,11
DA:427,11
DA:429,11
DA:430,11
DA:431,11
DA:432,11
DA:434,11
DA:435,11
DA:437,11
DA:438,9
DA:439,9
DA:440,9
DA:442,2
DA:443,2
DA:444,2
DA:445,2
DA:446,2
DA:447,2
DA:448,2
DA:449,2
DA:451,2
DA:452,2
DA:453,2
DA:455,2
DA:456,2
DA:458,2
DA:459,11
DA:460,11
DA:461,0
DA:462,0
DA:463,11
DA:470,1
DA:471,1
DA:472,1
DA:473,1
DA:474,1
DA:475,1
DA:476,1
DA:477,1
DA:478,1
DA:479,1
DA:480,1
DA:481,1
DA:482,0
DA:483,0
DA:484,1
DA:492,1
DA:493,2
DA:494,2
DA:495,2
DA:496,2
DA:498,2
DA:499,2
DA:500,1
DA:501,1
DA:502,1
DA:504,2
DA:505,2
DA:506,2
DA:507,2
DA:508,2
DA:510,2
DA:511,2
DA:512,2
DA:513,2
DA:514,2
DA:516,2
DA:517,2
DA:518,0
DA:519,0
DA:520,0
DA:522,2
DA:523,2
DA:524,0
DA:525,0
DA:526,0
DA:528,2
DA:529,0
DA:530,0
DA:532,2
DA:533,2
DA:534,2
DA:535,0
DA:536,0
DA:537,2
LF:396
LH:346
BRDA:70,0,0,16
BRDA:74,1,0,12
BRDA:83,2,0,2
BRDA:83,3,0,10
BRDA:87,4,0,10
BRDA:88,5,0,0
BRDA:92,6,0,10
BRDA:92,7,0,0
BRDA:93,8,0,10
BRDA:94,9,0,0
BRDA:97,10,0,10
BRDA:97,11,0,10
BRDA:98,12,0,0
BRDA:101,13,0,0
BRDA:106,14,0,12
BRDA:112,15,0,2
BRDA:116,16,0,1
BRDA:136,17,0,0
BRDA:145,18,0,0
BRDA:150,19,0,3
BRDA:161,20,0,0
BRDA:166,21,0,0
BRDA:167,22,0,1
BRDA:194,23,0,0
BRDA:169,24,0,3
BRDA:173,25,0,3
BRDA:176,26,0,0
BRDA:184,27,0,2
BRDA:184,28,0,1
BRDA:185,29,0,2
BRDA:185,30,0,1
BRDA:186,31,0,2
BRDA:186,32,0,1
BRDA:199,33,0,108
BRDA:201,34,0,0
BRDA:206,35,0,0
BRDA:211,36,0,2
BRDA:211,37,0,106
BRDA:212,38,0,2
BRDA:212,39,0,106
BRDA:214,40,0,0
BRDA:225,41,0,0
BRDA:218,42,0,108
BRDA:230,43,0,1
BRDA:232,44,0,0
BRDA:262,45,0,0
BRDA:237,46,0,1
BRDA:243,47,0,0
BRDA:255,48,0,0
BRDA:259,49,0,0
BRDA:241,50,0,1
BRDA:259,51,0,1
BRDA:267,52,0,3
BRDA:280,53,0,0
BRDA:284,54,0,2
BRDA:284,55,0,0
BRDA:285,56,0,0
BRDA:335,57,0,0
BRDA:289,58,0,3
BRDA:308,59,0,1
BRDA:313,60,0,0
BRDA:315,61,0,2
BRDA:301,62,0,1
BRDA:313,63,0,1
BRDA:332,64,0,2
BRDA:340,65,0,1
BRDA:419,66,0,0
BRDA:342,67,0,1
BRDA:351,68,0,0
BRDA:370,69,0,0
BRDA:379,70,0,0
BRDA:388,71,0,0
BRDA:399,72,0,0
BRDA:412,73,0,0
BRDA:387,74,0,1
BRDA:424,75,0,11
BRDA:460,76,0,0
BRDA:426,77,0,11
BRDA:437,78,0,9
BRDA:440,79,0,2
BRDA:470,80,0,1
BRDA:481,81,0,0
BRDA:473,82,0,1
BRDA:492,83,0,2
BRDA:534,84,0,0
BRDA:494,85,0,2
BRDA:499,86,0,1
BRDA:517,87,0,0
BRDA:523,88,0,0
BRDA:528,89,0,0
BRF:90
BRH:52
end_of_record
TN:
SF:src/mcp-server/shared.ts
FN:13,readAiOsFile
FN:23,getMemoryFilePath
FN:27,getMemoryDirPath
FN:31,getMemoryLockFilePath
FN:35,getSessionMemoryDirPath
FN:39,getSessionLockFilePath
FN:43,getActivePlanPath
FN:47,getCheckpointLogPath
FN:51,getFailureLedgerPath
FN:55,getCompactContextPath
FN:59,getRuntimeStatePath
FN:65,ensureMemoryStore
FN:76,ensureSessionMemoryStore
FN:94,writeTextAtomic
FN:100,readJsonlFile
FN:114,sleepSync
FN:120,trimJsonlFileToCap
FN:140,_releaseLockOnExit
FN:160,_releaseSessionLockOnExit
FN:169,withSessionLock
FN:211,withMemoryLock
FNF:21
FNH:18
FNDA:1,readAiOsFile
FNDA:319,getMemoryFilePath
FNDA:1374,getMemoryDirPath
FNDA:11,getMemoryLockFilePath
FNDA:1073,getSessionMemoryDirPath
FNDA:130,getSessionLockFilePath
FNDA:8,getActivePlanPath
FNDA:376,getCheckpointLogPath
FNDA:268,getFailureLedgerPath
FNDA:3,getCompactContextPath
FNDA:26,getRuntimeStatePath
FNDA:290,ensureMemoryStore
FNDA:262,ensureSessionMemoryStore
FNDA:41,writeTextAtomic
FNDA:6,readJsonlFile
FNDA:0,sleepSync
FNDA:112,trimJsonlFileToCap
FNDA:0,_releaseLockOnExit
FNDA:0,_releaseSessionLockOnExit
FNDA:130,withSessionLock
FNDA:11,withMemoryLock
DA:1,1
DA:11,1
DA:13,1
DA:14,1
DA:15,1
DA:16,1
DA:17,0
DA:18,0
DA:19,1
DA:23,1
DA:24,319
DA:25,319
DA:27,1
DA:28,1374
DA:29,1374
DA:31,1
DA:32,11
DA:33,11
DA:35,1
DA:36,1073
DA:37,1073
DA:39,1
DA:40,130
DA:41,130
DA:43,1
DA:44,8
DA:45,8
DA:47,1
DA:48,376
DA:49,376
DA:51,1
DA:52,268
DA:53,268
DA:55,1
DA:56,3
DA:57,3
DA:59,1
DA:60,26
DA:61,26
DA:65,1
DA:66,290
DA:67,290
DA:68,0
DA:69,0
DA:70,290
DA:71,290
DA:72,0
DA:73,0
DA:74,290
DA:76,1
DA:77,262
DA:78,262
DA:79,262
DA:80,9
DA:81,9
DA:82,262
DA:83,262
DA:84,9
DA:85,9
DA:86,262
DA:87,262
DA:88,9
DA:89,9
DA:90,262
DA:94,1
DA:95,41
DA:96,41
DA:97,41
DA:98,41
DA:100,1
DA:101,6
DA:102,6
DA:103,6
DA:104,6
DA:105,4
DA:106,4
DA:107,4
DA:109,0
DA:110,4
DA:111,6
DA:112,6
DA:114,1
DA:115,0
DA:116,0
DA:117,0
DA:118,0
DA:120,1
DA:121,112
DA:122,112
DA:123,112
DA:124,5
DA:125,5
DA:129,1
DA:130,1
DA:131,1
DA:132,1
DA:133,1
DA:138,1
DA:140,0
DA:141,0
DA:142,0
DA:143,0
DA:144,0
DA:146,0
DA:147,0
DA:148,0
DA:149,0
DA:152,1
DA:158,1
DA:160,0
DA:161,0
DA:162,0
DA:163,0
DA:164,0
DA:165,0
DA:167,1
DA:169,1
DA:170,130
DA:171,130
DA:172,130
DA:173,130
DA:175,130
DA:176,130
DA:177,130
DA:178,130
DA:179,130
DA:180,0
DA:182,0
DA:183,0
DA:184,0
DA:185,0
DA:186,0
DA:187,0
DA:188,0
DA:190,0
DA:191,0
DA:192,130
DA:194,130
DA:197,0
DA:198,0
DA:200,130
DA:202,130
DA:203,130
DA:204,130
DA:205,130
DA:206,130
DA:207,130
DA:208,130
DA:209,130
DA:211,1
DA:212,11
DA:213,11
DA:214,11
DA:215,11
DA:217,11
DA:218,12
DA:219,12
DA:220,12
DA:221,12
DA:222,1
DA:223,0
DA:224,0
DA:227,1
DA:228,1
DA:229,1
DA:230,1
DA:231,1
DA:232,1
DA:233,1
DA:235,0
DA:237,0
DA:238,0
DA:239,12
DA:241,11
DA:242,0
DA:243,0
DA:245,11
DA:247,11
DA:248,11
DA:249,11
DA:250,11
DA:252,11
DA:253,11
DA:254,11
DA:256,0
DA:258,11
DA:259,11
DA:260,11
DA:262,0
DA:263,11
DA:264,11
LF:191
LH:144
BRDA:11,0,0,2
BRDA:13,1,0,1
BRDA:16,2,0,0
BRDA:23,3,0,319
BRDA:27,4,0,1374
BRDA:31,5,0,11
BRDA:35,6,0,1073
BRDA:39,7,0,130
BRDA:43,8,0,8
BRDA:47,9,0,376
BRDA:51,10,0,268
BRDA:55,11,0,3
BRDA:59,12,0,26
BRDA:65,13,0,290
BRDA:67,14,0,0
BRDA:71,15,0,0
BRDA:76,16,0,262
BRDA:79,17,0,9
BRDA:83,18,0,9
BRDA:87,19,0,9
BRDA:94,20,0,41
BRDA:100,21,0,6
BRDA:101,22,0,0
BRDA:104,23,0,4
BRDA:107,24,0,0
BRDA:102,25,0,10
BRDA:120,26,0,112
BRDA:121,27,0,0
BRDA:123,28,0,107
BRDA:123,29,0,5
BRDA:169,30,0,130
BRDA:179,31,0,0
BRDA:194,32,0,0
BRDA:206,33,0,0
BRDA:207,34,0,0
BRDA:211,35,0,11
BRDA:217,36,0,12
BRDA:221,37,0,1
BRDA:222,38,0,0
BRDA:233,39,0,0
BRDA:241,40,0,0
BRDA:254,41,0,0
BRDA:260,42,0,0
BRF:43
BRH:28
end_of_record
TN:
SF:src/mcp-server/tool-definitions.ts
FN:21,getAllMcpTools
FN:35,getActiveToolsForProject
FNF:2
FNH:2
FNDA:3,getAllMcpTools
FNDA:3,getActiveToolsForProject
DA:1,1
DA:21,1
DA:22,3
DA:23,90
DA:24,90
DA:25,90
DA:26,3
DA:27,3
DA:35,1
DA:36,3
DA:37,3
DA:38,1
DA:39,1
DA:41,2
DA:42,2
DA:43,2
DA:44,3
DA:45,0
DA:46,0
DA:49,3
DA:50,1
DA:51,1
DA:52,1
DA:53,1
DA:54,1
DA:55,1
DA:56,1
DA:57,1
DA:58,1
DA:61,1
DA:62,1
DA:63,2
DA:64,2
DA:65,2
DA:66,1
DA:67,1
DA:69,0
DA:70,0
LF:38
LH:34
BRDA:21,0,0,3
BRDA:22,1,0,90
BRDA:35,2,0,3
BRDA:37,3,0,1
BRDA:39,4,0,2
BRDA:44,5,0,0
BRDA:46,6,0,2
BRDA:49,7,0,2
BRDA:49,8,0,1
BRDA:67,9,0,0
BRDA:52,10,0,1
BRDA:62,11,0,2
BRF:12
BRH:10
end_of_record
TN:
SF:src/mcp-server/utils.ts
FN:16,getProjectRoot
FN:22,getSessionContext
FN:69,checkForUpdates
FNF:3
FNH:0
FNDA:0,getProjectRoot
FNDA:0,getSessionContext
FNDA:0,checkForUpdates
DA:1,1
DA:14,1
DA:16,1
DA:17,0
DA:18,0
DA:22,1
DA:23,0
DA:24,0
DA:25,0
DA:26,0
DA:27,0
DA:28,0
DA:29,0
DA:30,0
DA:31,0
DA:32,0
DA:33,0
DA:34,0
DA:35,0
DA:36,0
DA:37,0
DA:38,0
DA:39,0
DA:40,0
DA:41,0
DA:42,0
DA:43,0
DA:44,0
DA:46,0
DA:47,0
DA:48,0
DA:49,0
DA:51,0
DA:52,0
DA:53,0
DA:54,0
DA:55,0
DA:56,0
DA:57,0
DA:58,0
DA:59,0
DA:60,0
DA:61,0
DA:62,0
DA:63,0
DA:64,0
DA:65,0
DA:66,0
DA:67,0
DA:69,1
DA:70,0
DA:71,0
DA:72,0
DA:73,0
DA:74,0
DA:75,0
DA:77,0
DA:78,0
DA:79,0
DA:80,0
DA:84,0
DA:85,0
DA:86,0
DA:87,0
DA:88,0
DA:90,0
DA:91,0
DA:92,0
DA:93,0
DA:94,0
DA:95,0
DA:96,0
DA:98,0
DA:100,0
DA:101,0
DA:102,0
DA:103,0
DA:104,0
DA:105,0
DA:106,0
DA:108,0
DA:109,0
DA:110,0
DA:111,0
DA:112,0
DA:113,0
DA:114,0
DA:115,0
DA:116,0
DA:117,0
DA:118,0
DA:119,0
DA:120,0
DA:121,0
DA:122,0
DA:124,0
DA:125,0
LF:97
LH:5
BRF:0
BRH:0
end_of_record
TN:
SF:src/recommendations/cli-compat.ts
FN:32,detectSkillsCliMode
FN:62,buildSkillsInstallCommand
FN:78,isLegacySkillCommand
FNF:3
FNH:2
FNDA:0,detectSkillsCliMode
FNDA:21,buildSkillsInstallCommand
FNDA:7,isLegacySkillCommand
DA:1,1
DA:32,1
DA:33,0
DA:34,0
DA:35,0
DA:36,0
DA:40,0
DA:41,0
DA:42,0
DA:43,0
DA:44,0
DA:46,0
DA:47,0
DA:48,0
DA:62,1
DA:63,21
DA:64,21
DA:65,21
DA:66,21
DA:67,18
DA:68,18
DA:69,18
DA:71,3
DA:72,3
DA:78,1
DA:79,7
DA:80,7
LF:27
LH:15
BRDA:62,0,0,21
BRDA:66,1,0,18
BRDA:67,2,0,16
BRDA:67,3,0,2
BRDA:69,4,0,3
BRDA:78,5,0,7
BRF:6
BRH:6
end_of_record
TN:
SF:src/recommendations/index.ts
FN:23,collectRecommendations
FN:30,applyRec
FN:85,generateRecommendationsDoc
FN:212,getSkillsGapReport
FN:247,generateRecommendations
FN:256,buildRecommendationsText
FNF:6
FNH:4
FNDA:40,collectRecommendations
FNDA:104,applyRec
FNDA:8,generateRecommendationsDoc
FNDA:0,getSkillsGapReport
FNDA:0,generateRecommendations
FNDA:8,buildRecommendationsText
DA:1,1
DA:23,1
DA:24,40
DA:25,40
DA:26,40
DA:27,40
DA:28,40
DA:30,40
DA:31,104
DA:32,6
DA:33,6
DA:34,6
DA:35,104
DA:36,72
DA:37,69
DA:38,69
DA:39,69
DA:40,72
DA:41,104
DA:42,136
DA:43,114
DA:44,114
DA:45,67
DA:46,67
DA:47,114
DA:48,47
DA:49,47
DA:50,47
DA:51,114
DA:52,136
DA:53,104
DA:54,0
DA:55,0
DA:56,0
DA:57,104
DA:60,40
DA:61,21
DA:62,21
DA:63,21
DA:66,40
DA:67,5
DA:68,5
DA:69,5
DA:72,40
DA:73,40
DA:74,40
DA:75,40
DA:78,40
DA:79,40
DA:80,40
DA:82,40
DA:83,40
DA:85,8
DA:86,8
DA:87,8
DA:88,8
DA:89,8
DA:90,8
DA:91,8
DA:93,8
DA:94,8
DA:95,8
DA:96,8
DA:97,8
DA:98,8
DA:99,8
DA:100,8
DA:101,8
DA:102,8
DA:103,8
DA:104,8
DA:105,8
DA:106,8
DA:108,8
DA:109,0
DA:110,0
DA:111,0
DA:112,0
DA:113,0
DA:114,0
DA:115,0
DA:116,0
DA:117,0
DA:118,0
DA:119,0
DA:120,0
DA:121,0
DA:122,0
DA:123,0
DA:124,0
DA:125,0
DA:126,0
DA:127,0
DA:128,0
DA:129,0
DA:130,0
DA:131,0
DA:132,0
DA:133,0
DA:134,0
DA:135,0
DA:137,8
DA:138,8
DA:139,8
DA:140,14
DA:141,14
DA:142,8
DA:143,8
DA:144,8
DA:145,8
DA:146,14
DA:147,14
DA:148,8
DA:149,8
DA:150,8
DA:153,8
DA:154,3
DA:155,3
DA:156,9
DA:157,9
DA:158,3
DA:159,3
DA:160,3
DA:161,3
DA:162,9
DA:163,9
DA:164,9
DA:165,3
DA:166,3
DA:167,3
DA:168,3
DA:169,3
DA:170,3
DA:171,3
DA:172,3
DA:174,8
DA:175,0
DA:176,0
DA:177,0
DA:178,0
DA:179,0
DA:180,0
DA:183,8
DA:184,8
DA:185,8
DA:186,8
DA:187,8
DA:188,13
DA:189,13
DA:190,8
DA:191,8
DA:192,8
DA:193,8
DA:194,13
DA:195,13
DA:196,8
DA:197,8
DA:198,8
DA:199,0
DA:200,0
DA:201,0
DA:202,8
DA:203,8
DA:205,8
DA:206,8
DA:208,8
DA:209,8
DA:212,1
DA:213,0
DA:215,0
DA:216,0
DA:217,0
DA:218,0
DA:220,0
DA:221,0
DA:222,0
DA:226,0
DA:227,0
DA:228,0
DA:229,0
DA:230,0
DA:231,0
DA:233,0
DA:235,0
DA:236,0
DA:237,0
DA:238,0
DA:240,0
DA:242,0
DA:243,0
DA:244,0
DA:247,1
DA:248,0
DA:249,0
DA:250,0
DA:251,0
DA:252,0
DA:253,0
DA:256,1
DA:257,8
DA:258,8
DA:259,8
LF:202
LH:134
BRDA:23,0,0,40
BRDA:60,1,0,21
BRDA:62,2,0,19
BRDA:66,3,0,5
BRDA:30,4,0,104
BRDA:31,5,0,7
BRDA:31,6,0,6
BRDA:35,7,0,42
BRDA:35,8,0,72
BRDA:36,9,0,69
BRDA:41,10,0,40
BRDA:41,11,0,136
BRDA:42,12,0,114
BRDA:44,13,0,67
BRDA:47,14,0,47
BRDA:48,15,0,40
BRDA:53,16,0,0
BRDA:53,17,0,0
BRDA:85,18,0,8
BRDA:108,19,0,0
BRDA:139,20,0,14
BRDA:145,21,0,14
BRDA:153,22,0,3
BRDA:155,23,0,9
BRDA:161,24,0,9
BRDA:162,25,0,6
BRDA:162,26,0,3
BRDA:174,27,0,0
BRDA:187,28,0,13
BRDA:193,29,0,13
BRDA:198,30,0,0
BRDA:166,31,0,9
BRDA:169,32,0,3
BRDA:197,33,0,13
BRDA:256,34,0,8
BRF:35
BRH:30
end_of_record
TN:
SF:src/recommendations/registry.ts
FNF:0
FNH:0
DA:27,1
DA:28,1
DA:29,1
DA:30,1
DA:31,1
DA:32,1
DA:33,1
DA:34,1
DA:35,1
DA:36,1
DA:37,1
DA:38,1
DA:39,1
DA:40,1
DA:41,1
DA:42,1
DA:43,1
DA:44,1
DA:45,1
DA:46,1
DA:47,1
DA:48,1
DA:49,1
DA:50,1
DA:51,1
DA:52,1
DA:53,1
DA:54,1
DA:55,1
DA:56,1
DA:57,1
DA:58,1
DA:59,1
DA:60,1
DA:61,1
DA:62,1
DA:63,1
DA:64,1
DA:65,1
DA:66,1
DA:67,1
DA:68,1
DA:69,1
DA:70,1
DA:71,1
DA:72,1
DA:73,1
DA:74,1
DA:75,1
DA:76,1
DA:77,1
DA:78,1
DA:79,1
DA:80,1
DA:81,1
DA:82,1
DA:83,1
DA:84,1
DA:85,1
DA:86,1
DA:87,1
DA:88,1
DA:89,1
DA:90,1
DA:91,1
DA:92,1
DA:93,1
DA:94,1
DA:95,1
DA:96,1
DA:97,1
DA:98,1
DA:99,1
DA:100,1
DA:101,1
DA:102,1
DA:103,1
DA:104,1
DA:105,1
DA:106,1
DA:107,1
DA:108,1
DA:109,1
DA:110,1
DA:111,1
DA:112,1
DA:113,1
DA:114,1
DA:115,1
DA:116,1
DA:117,1
DA:118,1
DA:119,1
DA:120,1
DA:121,1
DA:122,1
DA:123,1
DA:124,1
DA:127,1
DA:128,1
DA:129,1
DA:130,1
DA:131,1
DA:132,1
DA:133,1
DA:134,1
DA:135,1
DA:136,1
DA:137,1
DA:138,1
DA:139,1
DA:140,1
DA:141,1
DA:142,1
DA:143,1
DA:144,1
DA:145,1
DA:146,1
DA:147,1
DA:148,1
DA:149,1
DA:150,1
DA:151,1
DA:152,1
DA:153,1
DA:154,1
DA:155,1
DA:156,1
DA:157,1
DA:158,1
DA:159,1
DA:160,1
DA:161,1
DA:162,1
DA:163,1
DA:164,1
DA:165,1
DA:166,1
DA:167,1
DA:168,1
DA:169,1
DA:170,1
DA:171,1
DA:172,1
DA:173,1
DA:174,1
DA:175,1
DA:176,1
DA:177,1
DA:178,1
DA:179,1
DA:180,1
DA:181,1
DA:182,1
DA:183,1
DA:184,1
DA:185,1
DA:186,1
DA:187,1
DA:188,1
DA:189,1
DA:190,1
DA:191,1
DA:192,1
DA:193,1
DA:194,1
DA:195,1
DA:196,1
DA:197,1
DA:198,1
DA:199,1
DA:200,1
DA:201,1
DA:202,1
DA:203,1
DA:204,1
DA:205,1
DA:206,1
DA:207,1
DA:208,1
DA:209,1
DA:210,1
DA:211,1
DA:212,1
DA:213,1
DA:214,1
DA:215,1
DA:218,1
DA:219,1
DA:220,1
DA:221,1
DA:222,1
DA:223,1
DA:224,1
DA:225,1
DA:226,1
DA:227,1
DA:228,1
DA:229,1
DA:230,1
DA:231,1
DA:232,1
DA:233,1
DA:234,1
DA:235,1
DA:236,1
DA:237,1
DA:238,1
DA:239,1
DA:240,1
DA:241,1
DA:242,1
DA:243,1
DA:244,1
DA:245,1
DA:246,1
DA:247,1
DA:248,1
DA:249,1
DA:250,1
DA:251,1
DA:254,1
DA:255,1
DA:256,1
DA:257,1
DA:258,1
DA:259,1
DA:260,1
DA:261,1
DA:262,1
DA:263,1
LF:231
LH:231
BRF:0
BRH:0
end_of_record
