TN:
SF:src\analyze.ts
FN:8,getProjectName
FN:29,getKeyFiles
FN:46,getAllDependencies
FN:83,hasManifest
FN:101,parsePnpmWorkspaceYaml
FN:132,addWorkspaceChildren
FN:143,discoverPackageRoots
FN:199,mergeLanguages
FN:222,mergeFrameworks
FN:238,mergeDependencies
FN:247,detectBuildCommands
FN:362,analyze
FNF:12
FNH:11
FNDA:20,getProjectName
FNDA:20,getKeyFiles
FNDA:10,getAllDependencies
FNDA:10,hasManifest
FNDA:0,parsePnpmWorkspaceYaml
FNDA:30,addWorkspaceChildren
FNDA:10,discoverPackageRoots
FNDA:10,mergeLanguages
FNDA:10,mergeFrameworks
FNDA:10,mergeDependencies
FNDA:10,detectBuildCommands
FNDA:10,analyze
DA:1,1
DA:8,20
DA:9,20
DA:10,20
DA:11,20
DA:12,20
DA:14,2
DA:15,2
DA:16,2
DA:17,2
DA:18,20
DA:20,0
DA:21,0
DA:22,0
DA:23,0
DA:24,20
DA:26,0
DA:27,0
DA:29,20
DA:30,20
DA:31,20
DA:32,20
DA:33,20
DA:34,20
DA:35,20
DA:36,20
DA:37,20
DA:38,20
DA:40,20
DA:41,20
DA:42,20
DA:43,20
DA:44,20
DA:46,10
DA:47,10
DA:50,10
DA:51,10
DA:56,10
DA:57,6
DA:58,6
DA:59,10
DA:62,10
DA:63,10
DA:64,10
DA:65,0
DA:66,0
DA:67,10
DA:68,10
DA:71,10
DA:72,10
DA:73,10
DA:74,10
DA:75,0
DA:76,0
DA:77,10
DA:78,10
DA:80,10
DA:81,10
DA:83,10
DA:84,10
DA:85,10
DA:86,10
DA:87,10
DA:88,10
DA:89,10
DA:90,10
DA:91,10
DA:92,10
DA:93,10
DA:94,10
DA:95,10
DA:101,0
DA:102,0
DA:103,0
DA:105,0
DA:106,0
DA:108,0
DA:109,0
DA:110,0
DA:111,0
DA:112,0
DA:114,0
DA:115,0
DA:116,0
DA:117,0
DA:118,0
DA:120,0
DA:121,0
DA:122,0
DA:123,0
DA:124,0
DA:125,0
DA:126,0
DA:127,0
DA:129,0
DA:130,0
DA:132,30
DA:133,30
DA:135,0
DA:136,0
DA:137,0
DA:138,0
DA:139,0
DA:140,0
DA:141,0
DA:143,10
DA:144,10
DA:146,10
DA:147,10
DA:148,10
DA:151,10
DA:152,10
DA:153,10
DA:154,0
DA:155,0
DA:156,0
DA:157,0
DA:158,0
DA:159,10
DA:161,10
DA:164,10
DA:165,10
DA:168,10
DA:169,0
DA:170,0
DA:171,0
DA:172,0
DA:173,0
DA:174,10
DA:176,10
DA:179,10
DA:180,0
DA:181,0
DA:182,0
DA:183,0
DA:186,10
DA:187,0
DA:188,0
DA:189,0
DA:190,0
DA:192,10
DA:193,30
DA:194,30
DA:196,10
DA:197,10
DA:199,10
DA:200,10
DA:202,10
DA:203,10
DA:204,13
DA:205,13
DA:206,13
DA:207,13
DA:208,13
DA:209,10
DA:211,10
DA:212,10
DA:213,10
DA:214,13
DA:215,13
DA:216,13
DA:217,13
DA:218,10
DA:219,10
DA:220,10
DA:222,10
DA:223,10
DA:224,10
DA:226,10
DA:227,10
DA:228,3
DA:229,3
DA:230,3
DA:231,3
DA:232,3
DA:233,10
DA:235,10
DA:236,10
DA:238,10
DA:239,10
DA:240,10
DA:241,10
DA:242,10
DA:243,10
DA:244,10
DA:247,10
DA:248,10
DA:251,10
DA:252,10
DA:255,10
DA:258,10
DA:259,10
DA:260,10
DA:261,10
DA:262,10
DA:264,10
DA:265,27
DA:266,27
DA:267,10
DA:268,36
DA:269,36
DA:270,10
DA:271,27
DA:272,27
DA:273,10
DA:274,27
DA:275,27
DA:276,10
DA:277,27
DA:278,27
DA:279,10
DA:282,10
DA:283,10
DA:284,10
DA:287,10
DA:288,10
DA:289,10
DA:290,0
DA:291,0
DA:292,0
DA:295,0
DA:296,0
DA:297,0
DA:298,0
DA:300,10
DA:301,0
DA:302,0
DA:304,10
DA:305,0
DA:306,0
DA:307,10
DA:308,10
DA:311,10
DA:312,10
DA:313,10
DA:314,10
DA:315,10
DA:316,10
DA:317,10
DA:318,10
DA:321,10
DA:322,10
DA:323,10
DA:325,10
DA:326,10
DA:327,10
DA:328,10
DA:329,10
DA:330,10
DA:333,10
DA:334,1
DA:335,1
DA:336,1
DA:339,10
DA:340,0
DA:341,0
DA:342,0
DA:345,10
DA:346,0
DA:347,0
DA:348,0
DA:351,10
DA:352,9
DA:353,9
DA:354,10
DA:355,0
DA:356,0
DA:357,0
DA:359,10
DA:360,10
DA:362,1
DA:363,10
DA:364,10
DA:365,10
DA:366,10
DA:367,10
DA:368,10
DA:369,10
DA:370,10
DA:371,10
DA:372,10
DA:373,10
DA:375,10
DA:376,10
DA:377,10
DA:378,10
DA:380,10
DA:381,10
DA:382,10
DA:383,10
DA:384,10
DA:385,10
DA:386,10
DA:387,10
DA:388,10
DA:389,10
DA:390,10
DA:391,10
DA:392,10
DA:393,10
DA:394,10
DA:395,10
DA:396,10
LF:303
LH:223
BRDA:8,0,0,20
BRDA:11,1,0,18
BRDA:12,2,0,2
BRDA:17,3,0,0
BRDA:18,4,0,0
BRDA:24,5,0,0
BRDA:29,6,0,20
BRDA:41,7,0,480
BRDA:42,8,0,480
BRDA:43,9,0,24
BRDA:46,10,0,10
BRDA:56,11,0,6
BRDA:58,12,0,9
BRDA:59,13,0,1
BRDA:73,14,0,0
BRDA:73,15,0,0
BRDA:83,16,0,10
BRDA:94,17,0,13
BRDA:132,18,0,30
BRDA:133,19,0,0
BRDA:133,20,0,0
BRDA:143,21,0,10
BRDA:153,22,0,0
BRDA:168,23,0,0
BRDA:168,24,0,0
BRDA:179,25,0,0
BRDA:186,26,0,0
BRDA:192,27,0,30
BRDA:199,28,0,10
BRDA:203,29,0,13
BRDA:211,30,0,0
BRDA:211,31,0,13
BRDA:213,32,0,13
BRDA:219,33,0,3
BRDA:222,34,0,10
BRDA:227,35,0,3
BRDA:229,36,0,0
BRDA:238,37,0,10
BRDA:241,38,0,6
BRDA:247,39,0,10
BRDA:255,40,0,9
BRDA:264,41,0,27
BRDA:265,42,0,0
BRDA:266,43,0,9
BRDA:267,44,0,36
BRDA:268,45,0,0
BRDA:269,46,0,9
BRDA:270,47,0,27
BRDA:271,48,0,0
BRDA:272,49,0,9
BRDA:273,50,0,27
BRDA:274,51,0,0
BRDA:275,52,0,9
BRDA:276,53,0,27
BRDA:277,54,0,0
BRDA:278,55,0,9
BRDA:279,56,0,1
BRDA:282,57,0,0
BRDA:287,58,0,0
BRDA:287,59,0,0
BRDA:289,60,0,0
BRDA:300,61,0,0
BRDA:304,62,0,0
BRDA:314,63,0,0
BRDA:315,64,0,0
BRDA:316,65,0,0
BRDA:325,66,0,0
BRDA:325,67,0,0
BRDA:326,68,0,0
BRDA:327,69,0,0
BRDA:328,70,0,0
BRDA:329,71,0,0
BRDA:333,72,0,1
BRDA:339,73,0,9
BRDA:339,74,0,0
BRDA:345,75,0,9
BRDA:345,76,0,0
BRDA:351,77,0,9
BRDA:354,78,0,0
BRDA:362,79,0,10
BRDA:382,80,0,0
BRDA:365,81,0,10
BRF:82
BRH:44
end_of_record
TN:
SF:src\bootstrap.ts
FN:58,buildInstallCmd
FN:67,installSkill
FN:101,runBootstrap
FN:199,formatBootstrapReport
FN:205,pad
FNF:5
FNH:5
FNDA:72,buildInstallCmd
FNDA:12,installSkill
FNDA:24,runBootstrap
FNDA:7,formatBootstrapReport
FNDA:50,pad
DA:1,1
DA:58,72
DA:59,72
DA:60,72
DA:61,72
DA:67,12
DA:68,12
DA:69,12
DA:70,12
DA:71,12
DA:73,0
DA:74,0
DA:75,12
DA:77,12
DA:78,12
DA:79,12
DA:80,12
DA:81,12
DA:83,12
DA:85,12
DA:86,12
DA:87,12
DA:88,12
DA:89,12
DA:90,12
DA:91,12
DA:92,12
DA:101,1
DA:102,24
DA:103,24
DA:105,24
DA:108,24
DA:109,24
DA:110,24
DA:111,24
DA:113,24
DA:114,72
DA:115,72
DA:116,72
DA:117,72
DA:118,72
DA:119,72
DA:120,72
DA:121,72
DA:123,72
DA:124,15
DA:125,3
DA:126,3
DA:127,15
DA:128,12
DA:129,12
DA:130,11
DA:131,12
DA:132,1
DA:133,1
DA:134,1
DA:135,12
DA:136,15
DA:138,72
DA:139,72
DA:142,24
DA:143,4
DA:144,4
DA:145,4
DA:146,4
DA:147,4
DA:148,4
DA:149,4
DA:150,4
DA:153,24
DA:154,43
DA:155,43
DA:156,43
DA:157,43
DA:158,43
DA:159,43
DA:160,43
DA:161,43
DA:164,24
DA:165,0
DA:166,0
DA:167,0
DA:168,0
DA:169,0
DA:170,0
DA:171,0
DA:172,0
DA:174,24
DA:175,24
DA:176,24
DA:177,24
DA:179,24
DA:180,24
DA:181,24
DA:182,24
DA:183,24
DA:184,24
DA:185,24
DA:186,24
DA:187,24
DA:188,24
DA:189,24
DA:190,24
DA:191,24
DA:192,24
DA:199,1
DA:200,7
DA:201,7
DA:202,6
DA:203,1
DA:205,7
DA:207,7
DA:208,7
DA:209,7
DA:210,7
DA:211,7
DA:212,7
DA:213,7
DA:214,7
DA:215,7
DA:216,7
DA:217,7
DA:219,7
DA:220,0
DA:221,0
DA:222,0
DA:223,0
DA:225,7
DA:226,7
DA:227,7
DA:229,7
DA:230,25
DA:231,25
DA:232,23
DA:233,22
DA:234,22
DA:236,25
DA:237,25
DA:238,25
DA:239,25
DA:240,23
DA:241,23
DA:242,25
DA:243,0
DA:244,0
DA:245,25
DA:246,0
DA:247,0
DA:248,25
DA:250,7
DA:252,7
DA:253,6
DA:254,6
DA:255,6
DA:256,6
DA:257,7
DA:258,1
DA:259,1
DA:260,1
DA:261,1
DA:262,1
DA:263,1
DA:264,1
DA:265,1
DA:266,1
DA:267,1
DA:268,1
DA:269,1
DA:270,1
DA:272,7
DA:273,7
DA:274,7
LF:172
LH:154
BRDA:58,0,0,72
BRDA:59,1,0,57
BRDA:59,2,0,15
BRDA:67,3,0,12
BRDA:71,4,0,0
BRDA:83,5,0,11
BRDA:83,6,0,1
BRDA:85,7,0,0
BRDA:86,8,0,1
BRDA:86,9,0,0
BRDA:90,10,0,0
BRDA:101,11,0,24
BRDA:113,12,0,72
BRDA:118,13,0,39
BRDA:118,14,0,33
BRDA:123,15,0,15
BRDA:124,16,0,3
BRDA:127,17,0,12
BRDA:129,18,0,11
BRDA:131,19,0,1
BRDA:142,20,0,4
BRDA:148,21,0,0
BRDA:153,22,0,43
BRDA:159,23,0,36
BRDA:159,24,0,7
BRDA:164,25,0,0
BRDA:109,26,0,33
BRDA:110,27,0,39
BRDA:174,28,0,119
BRDA:175,29,0,119
BRDA:176,30,0,119
BRDA:177,31,0,119
BRDA:182,32,0,2
BRDA:199,33,0,7
BRDA:201,34,0,6
BRDA:202,35,0,1
BRDA:214,36,0,0
BRDA:216,37,0,0
BRDA:219,38,0,0
BRDA:225,39,0,6
BRDA:225,40,0,1
BRDA:229,41,0,25
BRDA:231,42,0,2
BRDA:231,43,0,23
BRDA:232,44,0,1
BRDA:232,45,0,22
BRDA:233,46,0,0
BRDA:239,47,0,24
BRDA:239,48,0,2
BRDA:239,49,0,23
BRDA:242,50,0,0
BRDA:242,51,0,0
BRDA:245,52,0,0
BRDA:245,53,0,0
BRDA:252,54,0,6
BRDA:257,55,0,1
BRDA:261,56,0,0
BRDA:262,57,0,0
BRDA:205,58,0,50
BRF:59
BRH:43
end_of_record
TN:
SF:src\doctor.ts
FN:46,checkMcpRuntimeExists
FN:62,checkMcpRuntimeHealthcheck
FN:99,checkMcpConfigPresent
FN:117,parseMcpConfig
FN:127,checkMcpAiOsEntry
FN:152,checkMcpCommandResolves
FN:200,checkAiOsConfigPresent
FN:230,checkToolsFilePresent
FN:260,checkSkillsDeployed
FN:292,runDoctor
FN:317,printDoctorReport
FNF:11
FNH:11
FNDA:18,checkMcpRuntimeExists
FNDA:18,checkMcpRuntimeHealthcheck
FNDA:18,checkMcpConfigPresent
FNDA:36,parseMcpConfig
FNDA:18,checkMcpAiOsEntry
FNDA:18,checkMcpCommandResolves
FNDA:18,checkAiOsConfigPresent
FNDA:18,checkToolsFilePresent
FNDA:18,checkSkillsDeployed
FNDA:18,runDoctor
FNDA:4,printDoctorReport
DA:1,1
DA:46,18
DA:47,18
DA:48,18
DA:49,18
DA:50,18
DA:51,18
DA:52,18
DA:53,18
DA:54,2
DA:55,16
DA:56,18
DA:57,2
DA:58,16
DA:59,18
DA:60,18
DA:62,18
DA:63,18
DA:64,18
DA:66,18
DA:67,16
DA:68,16
DA:69,16
DA:70,16
DA:71,16
DA:72,16
DA:73,16
DA:74,16
DA:76,2
DA:77,2
DA:78,2
DA:79,2
DA:80,2
DA:81,2
DA:83,2
DA:84,2
DA:86,2
DA:87,2
DA:88,2
DA:89,2
DA:90,2
DA:91,2
DA:92,0
DA:93,18
DA:94,2
DA:95,0
DA:96,18
DA:97,18
DA:99,18
DA:100,18
DA:101,18
DA:102,18
DA:103,18
DA:104,18
DA:105,18
DA:106,18
DA:107,18
DA:108,5
DA:109,13
DA:110,18
DA:111,18
DA:117,36
DA:118,36
DA:119,36
DA:120,10
DA:121,10
DA:122,36
DA:123,0
DA:124,0
DA:125,36
DA:127,18
DA:128,18
DA:129,18
DA:130,13
DA:131,13
DA:132,13
DA:133,13
DA:134,13
DA:135,13
DA:136,13
DA:137,13
DA:138,18
DA:139,18
DA:140,18
DA:141,18
DA:142,18
DA:143,18
DA:144,4
DA:145,1
DA:146,18
DA:147,4
DA:148,1
DA:149,18
DA:150,18
DA:152,18
DA:153,18
DA:154,18
DA:156,18
DA:157,14
DA:158,14
DA:159,14
DA:160,14
DA:161,14
DA:162,14
DA:163,14
DA:164,14
DA:166,18
DA:167,18
DA:170,18
DA:171,3
DA:172,18
DA:175,18
DA:176,18
DA:177,3
DA:178,3
DA:179,3
DA:180,3
DA:181,3
DA:182,3
DA:183,1
DA:184,2
DA:185,3
DA:186,1
DA:187,2
DA:188,3
DA:189,3
DA:192,1
DA:193,1
DA:194,1
DA:195,1
DA:196,1
DA:197,1
DA:198,1
DA:200,18
DA:201,18
DA:202,18
DA:203,16
DA:204,16
DA:205,16
DA:206,16
DA:207,16
DA:208,16
DA:209,16
DA:210,16
DA:211,2
DA:212,2
DA:213,2
DA:214,2
DA:215,2
DA:216,2
DA:217,2
DA:218,2
DA:219,18
DA:220,1
DA:221,1
DA:222,1
DA:223,1
DA:224,1
DA:225,1
DA:226,1
DA:227,1
DA:228,18
DA:230,18
DA:231,18
DA:232,18
DA:233,17
DA:234,17
DA:235,17
DA:236,17
DA:237,17
DA:238,17
DA:239,17
DA:240,17
DA:241,1
DA:242,1
DA:243,1
DA:244,1
DA:245,1
DA:246,1
DA:247,1
DA:248,1
DA:249,18
DA:250,0
DA:251,0
DA:252,0
DA:253,0
DA:254,0
DA:255,0
DA:256,0
DA:257,0
DA:258,18
DA:260,18
DA:262,18
DA:263,18
DA:264,18
DA:265,18
DA:267,18
DA:268,35
DA:269,2
DA:270,2
DA:271,2
DA:272,2
DA:273,2
DA:274,2
DA:275,2
DA:276,35
DA:278,16
DA:279,16
DA:280,16
DA:281,16
DA:282,16
DA:283,16
DA:284,16
DA:285,16
DA:292,1
DA:293,18
DA:294,18
DA:295,18
DA:296,18
DA:297,18
DA:298,18
DA:299,18
DA:300,18
DA:301,18
DA:302,18
DA:304,18
DA:305,18
DA:307,18
DA:308,18
DA:309,18
DA:310,18
DA:311,18
DA:312,18
DA:313,18
DA:314,18
DA:317,1
DA:318,4
DA:320,4
DA:321,4
DA:322,4
DA:324,4
DA:325,4
DA:326,4
DA:327,4
DA:328,4
DA:329,3
DA:330,3
DA:331,4
DA:332,3
DA:333,3
DA:334,4
DA:336,4
DA:338,4
DA:339,4
DA:341,4
DA:342,1
DA:343,4
DA:344,2
DA:345,2
DA:346,3
DA:347,1
DA:348,1
DA:349,1
DA:351,4
DA:353,4
DA:354,4
LF:266
LH:254
BRDA:46,0,0,18
BRDA:48,1,0,2
BRDA:53,2,0,2
BRDA:54,3,0,16
BRDA:56,4,0,2
BRDA:57,5,0,16
BRDA:62,6,0,18
BRDA:66,7,0,16
BRDA:74,8,0,2
BRDA:91,9,0,0
BRDA:93,10,0,2
BRDA:94,11,0,0
BRDA:99,12,0,18
BRDA:106,13,0,5
BRDA:106,14,0,13
BRDA:107,15,0,5
BRDA:108,16,0,13
BRDA:117,17,0,36
BRDA:119,18,0,26
BRDA:119,19,0,10
BRDA:122,20,0,0
BRDA:127,21,0,18
BRDA:129,22,0,13
BRDA:137,23,0,5
BRDA:143,24,0,4
BRDA:144,25,0,1
BRDA:146,26,0,4
BRDA:147,27,0,1
BRDA:152,28,0,18
BRDA:154,29,0,5
BRDA:156,30,0,14
BRDA:164,31,0,4
BRDA:166,32,0,0
BRDA:167,33,0,0
BRDA:176,34,0,0
BRDA:176,35,0,4
BRDA:176,36,0,3
BRDA:177,37,0,1
BRDA:182,38,0,1
BRDA:183,39,0,2
BRDA:185,40,0,1
BRDA:186,41,0,2
BRDA:189,42,0,1
BRDA:170,43,0,3
BRDA:200,44,0,18
BRDA:202,45,0,16
BRDA:210,46,0,2
BRDA:219,47,0,1
BRDA:230,48,0,18
BRDA:232,49,0,17
BRDA:240,50,0,1
BRDA:249,51,0,0
BRDA:260,52,0,18
BRDA:267,53,0,35
BRDA:268,54,0,2
BRDA:276,55,0,16
BRDA:292,56,0,18
BRDA:304,57,0,144
BRDA:304,58,0,89
BRDA:305,59,0,144
BRDA:305,60,0,55
BRDA:317,61,0,4
BRDA:325,62,0,1
BRDA:325,63,0,3
BRDA:325,64,0,2
BRDA:325,65,0,1
BRDA:326,66,0,3
BRDA:326,67,0,2
BRDA:326,68,0,2
BRDA:328,69,0,3
BRDA:331,70,0,3
BRDA:331,71,0,3
BRDA:341,72,0,2
BRDA:341,73,0,1
BRDA:343,74,0,3
BRDA:343,75,0,2
BRDA:346,76,0,1
BRDA:353,77,0,2
BRDA:353,78,0,2
BRDA:339,79,0,4
BRF:80
BRH:73
end_of_record
TN:
SF:src\generate.ts
FN:1,(empty-report)
FNF:1
FNH:0
FNDA:0,(empty-report)
DA:1,0
DA:2,0
DA:3,0
DA:4,0
DA:5,0
DA:6,0
DA:7,0
DA:8,0
DA:9,0
DA:10,0
DA:11,0
DA:12,0
DA:13,0
DA:14,0
DA:15,0
DA:16,0
DA:17,0
DA:18,0
DA:19,0
DA:21,0
DA:22,0
DA:23,0
DA:24,0
DA:25,0
DA:32,0
DA:33,0
DA:34,0
DA:35,0
DA:36,0
DA:37,0
DA:38,0
DA:39,0
DA:40,0
DA:41,0
DA:42,0
DA:43,0
DA:45,0
DA:46,0
DA:47,0
DA:48,0
DA:49,0
DA:50,0
DA:51,0
DA:52,0
DA:53,0
DA:54,0
DA:55,0
DA:56,0
DA:57,0
DA:58,0
DA:59,0
DA:60,0
DA:61,0
DA:62,0
DA:63,0
DA:64,0
DA:65,0
DA:66,0
DA:67,0
DA:69,0
DA:70,0
DA:71,0
DA:72,0
DA:73,0
DA:74,0
DA:75,0
DA:76,0
DA:77,0
DA:78,0
DA:79,0
DA:80,0
DA:81,0
DA:82,0
DA:83,0
DA:84,0
DA:85,0
DA:86,0
DA:87,0
DA:88,0
DA:89,0
DA:90,0
DA:91,0
DA:92,0
DA:93,0
DA:94,0
DA:95,0
DA:96,0
DA:97,0
DA:98,0
DA:100,0
DA:101,0
DA:103,0
DA:104,0
DA:105,0
DA:106,0
DA:107,0
DA:108,0
DA:109,0
DA:110,0
DA:111,0
DA:112,0
DA:125,0
DA:126,0
DA:127,0
DA:130,0
DA:132,0
DA:133,0
DA:134,0
DA:135,0
DA:136,0
DA:137,0
DA:138,0
DA:139,0
DA:140,0
DA:141,0
DA:142,0
DA:143,0
DA:144,0
DA:145,0
DA:146,0
DA:147,0
DA:148,0
DA:149,0
DA:150,0
DA:151,0
DA:152,0
DA:153,0
DA:154,0
DA:155,0
DA:156,0
DA:157,0
DA:158,0
DA:159,0
DA:161,0
DA:162,0
DA:163,0
DA:164,0
DA:166,0
DA:167,0
DA:168,0
DA:169,0
DA:170,0
DA:171,0
DA:172,0
DA:173,0
DA:174,0
DA:175,0
DA:176,0
DA:177,0
DA:178,0
DA:179,0
DA:180,0
DA:181,0
DA:183,0
DA:184,0
DA:185,0
DA:186,0
DA:187,0
DA:188,0
DA:189,0
DA:190,0
DA:191,0
DA:193,0
DA:194,0
DA:195,0
DA:196,0
DA:197,0
DA:198,0
DA:199,0
DA:200,0
DA:201,0
DA:202,0
DA:203,0
DA:204,0
DA:205,0
DA:207,0
DA:208,0
DA:209,0
DA:210,0
DA:211,0
DA:212,0
DA:213,0
DA:214,0
DA:215,0
DA:216,0
DA:217,0
DA:218,0
DA:219,0
DA:220,0
DA:221,0
DA:222,0
DA:223,0
DA:224,0
DA:225,0
DA:226,0
DA:227,0
DA:228,0
DA:229,0
DA:230,0
DA:231,0
DA:232,0
DA:233,0
DA:234,0
DA:235,0
DA:236,0
DA:237,0
DA:238,0
DA:239,0
DA:240,0
DA:241,0
DA:242,0
DA:243,0
DA:245,0
DA:246,0
DA:247,0
DA:248,0
DA:249,0
DA:250,0
DA:251,0
DA:252,0
DA:253,0
DA:254,0
DA:255,0
DA:256,0
DA:257,0
DA:258,0
DA:259,0
DA:260,0
DA:261,0
DA:263,0
DA:264,0
DA:265,0
DA:266,0
DA:267,0
DA:268,0
DA:269,0
DA:270,0
DA:272,0
DA:273,0
DA:274,0
DA:276,0
DA:277,0
DA:278,0
DA:279,0
DA:280,0
DA:281,0
DA:283,0
DA:284,0
DA:285,0
DA:286,0
DA:288,0
DA:289,0
DA:290,0
DA:291,0
DA:292,0
DA:294,0
DA:295,0
DA:296,0
DA:297,0
DA:298,0
DA:299,0
DA:300,0
DA:301,0
DA:302,0
DA:303,0
DA:304,0
DA:306,0
DA:307,0
DA:308,0
DA:309,0
DA:310,0
DA:311,0
DA:312,0
DA:313,0
DA:314,0
DA:315,0
DA:317,0
DA:318,0
DA:319,0
DA:321,0
DA:322,0
DA:323,0
DA:324,0
DA:325,0
DA:326,0
DA:327,0
DA:328,0
DA:329,0
DA:330,0
DA:331,0
DA:332,0
DA:333,0
DA:334,0
DA:373,0
DA:374,0
DA:375,0
DA:376,0
DA:377,0
DA:378,0
DA:379,0
DA:380,0
DA:382,0
DA:383,0
DA:384,0
DA:385,0
DA:386,0
DA:387,0
DA:392,0
DA:393,0
DA:394,0
DA:395,0
DA:396,0
DA:397,0
DA:398,0
DA:399,0
DA:400,0
DA:406,0
DA:408,0
DA:409,0
DA:410,0
DA:412,0
DA:413,0
DA:414,0
DA:416,0
DA:417,0
DA:418,0
DA:420,0
DA:421,0
DA:422,0
DA:424,0
DA:425,0
DA:426,0
DA:427,0
DA:428,0
DA:429,0
DA:430,0
DA:432,0
DA:433,0
DA:434,0
DA:435,0
DA:436,0
DA:438,0
DA:439,0
DA:441,0
DA:442,0
DA:443,0
DA:444,0
DA:445,0
DA:446,0
DA:448,0
DA:449,0
DA:450,0
DA:451,0
DA:453,0
DA:455,0
DA:456,0
DA:458,0
DA:459,0
DA:460,0
DA:461,0
DA:462,0
DA:463,0
DA:468,0
DA:469,0
DA:470,0
DA:471,0
DA:472,0
DA:473,0
DA:474,0
DA:476,0
DA:477,0
DA:480,0
DA:481,0
DA:482,0
DA:483,0
DA:485,0
DA:486,0
DA:487,0
DA:488,0
DA:489,0
DA:490,0
DA:492,0
DA:493,0
DA:494,0
DA:495,0
DA:497,0
DA:498,0
DA:499,0
DA:500,0
DA:501,0
DA:502,0
DA:503,0
DA:504,0
DA:505,0
DA:507,0
DA:508,0
DA:510,0
DA:511,0
DA:514,0
DA:515,0
DA:516,0
DA:517,0
DA:520,0
DA:521,0
DA:522,0
DA:523,0
DA:526,0
DA:527,0
DA:528,0
DA:529,0
DA:530,0
DA:531,0
DA:534,0
DA:535,0
DA:536,0
DA:537,0
DA:540,0
DA:541,0
DA:542,0
DA:543,0
DA:545,0
DA:546,0
DA:547,0
DA:548,0
DA:551,0
DA:552,0
DA:553,0
DA:555,0
DA:556,0
DA:557,0
DA:558,0
DA:559,0
DA:560,0
DA:561,0
DA:562,0
DA:563,0
DA:564,0
DA:565,0
DA:566,0
DA:570,0
DA:571,0
DA:573,0
DA:574,0
DA:575,0
DA:576,0
DA:577,0
DA:580,0
DA:581,0
DA:582,0
DA:585,0
DA:586,0
DA:587,0
DA:591,0
DA:592,0
DA:593,0
DA:594,0
DA:595,0
DA:596,0
DA:597,0
DA:598,0
DA:599,0
DA:600,0
DA:601,0
DA:605,0
DA:606,0
DA:607,0
DA:608,0
DA:609,0
DA:610,0
DA:611,0
DA:612,0
DA:613,0
DA:614,0
DA:615,0
DA:616,0
DA:617,0
DA:619,0
DA:621,0
DA:622,0
DA:624,0
DA:625,0
DA:626,0
DA:627,0
DA:629,0
DA:630,0
DA:631,0
DA:632,0
DA:633,0
DA:634,0
DA:636,0
DA:637,0
DA:638,0
DA:639,0
DA:640,0
DA:641,0
DA:642,0
DA:643,0
DA:644,0
DA:645,0
DA:648,0
DA:649,0
DA:652,0
DA:656,0
DA:659,0
DA:660,0
DA:661,0
DA:662,0
DA:663,0
DA:664,0
DA:665,0
DA:666,0
DA:667,0
DA:669,0
DA:670,0
DA:671,0
DA:672,0
DA:674,0
DA:675,0
DA:676,0
DA:679,0
DA:680,0
DA:681,0
DA:682,0
DA:683,0
DA:684,0
DA:685,0
DA:686,0
DA:688,0
DA:691,0
DA:692,0
DA:693,0
DA:694,0
DA:696,0
DA:697,0
DA:698,0
DA:699,0
DA:702,0
DA:703,0
DA:704,0
DA:705,0
DA:706,0
DA:707,0
DA:708,0
DA:709,0
DA:710,0
DA:711,0
DA:712,0
DA:713,0
DA:716,0
DA:717,0
DA:723,0
DA:724,0
DA:725,0
DA:727,0
DA:728,0
DA:729,0
DA:730,0
DA:732,0
DA:733,0
DA:734,0
DA:735,0
DA:736,0
DA:738,0
DA:739,0
DA:740,0
DA:741,0
DA:742,0
DA:744,0
DA:745,0
DA:746,0
DA:747,0
DA:748,0
DA:749,0
DA:750,0
DA:751,0
DA:752,0
DA:753,0
DA:754,0
DA:755,0
DA:756,0
DA:757,0
DA:758,0
DA:759,0
DA:760,0
DA:761,0
DA:762,0
DA:763,0
DA:764,0
DA:765,0
DA:766,0
DA:767,0
DA:768,0
DA:769,0
DA:773,0
DA:774,0
DA:775,0
DA:776,0
DA:777,0
DA:778,0
DA:779,0
DA:780,0
DA:781,0
DA:782,0
DA:787,0
DA:788,0
DA:789,0
DA:790,0
DA:791,0
DA:792,0
DA:793,0
DA:795,0
DA:796,0
DA:797,0
DA:798,0
DA:799,0
DA:800,0
DA:801,0
DA:802,0
DA:803,0
DA:804,0
DA:805,0
DA:806,0
DA:807,0
DA:808,0
DA:809,0
DA:810,0
DA:812,0
DA:813,0
DA:814,0
DA:815,0
DA:816,0
DA:817,0
DA:818,0
DA:821,0
DA:826,0
DA:827,0
DA:828,0
DA:829,0
DA:830,0
DA:831,0
DA:832,0
DA:834,0
DA:841,0
DA:842,0
DA:844,0
DA:847,0
DA:848,0
DA:849,0
DA:851,0
DA:852,0
DA:855,0
DA:856,0
DA:857,0
DA:858,0
DA:859,0
DA:860,0
DA:861,0
DA:866,0
DA:867,0
DA:868,0
DA:869,0
DA:870,0
DA:871,0
DA:872,0
DA:874,0
DA:875,0
DA:876,0
DA:877,0
DA:881,0
DA:882,0
DA:883,0
DA:884,0
DA:887,0
DA:888,0
DA:889,0
DA:890,0
DA:891,0
DA:892,0
DA:893,0
DA:896,0
DA:897,0
DA:898,0
DA:899,0
DA:900,0
DA:901,0
DA:902,0
DA:903,0
DA:904,0
DA:907,0
DA:908,0
DA:909,0
DA:910,0
DA:913,0
DA:914,0
DA:915,0
DA:916,0
DA:917,0
DA:918,0
DA:919,0
DA:920,0
DA:921,0
DA:922,0
DA:923,0
DA:926,0
DA:927,0
DA:928,0
DA:929,0
DA:930,0
DA:931,0
DA:932,0
DA:933,0
DA:934,0
DA:936,0
DA:937,0
DA:938,0
DA:939,0
DA:940,0
DA:941,0
DA:942,0
DA:943,0
DA:944,0
DA:945,0
DA:946,0
DA:948,0
DA:949,0
DA:950,0
DA:951,0
DA:952,0
DA:953,0
DA:954,0
DA:955,0
DA:956,0
DA:957,0
DA:958,0
DA:959,0
DA:961,0
DA:962,0
DA:963,0
DA:967,0
DA:968,0
DA:969,0
DA:971,0
DA:972,0
DA:974,0
DA:976,0
DA:977,0
DA:978,0
DA:979,0
DA:980,0
DA:981,0
DA:982,0
DA:983,0
DA:984,0
DA:985,0
DA:986,0
DA:987,0
DA:995,0
DA:996,0
DA:997,0
DA:999,0
DA:1000,0
DA:1001,0
DA:1003,0
DA:1005,0
DA:1006,0
DA:1007,0
DA:1008,0
DA:1009,0
DA:1010,0
DA:1011,0
DA:1012,0
DA:1013,0
DA:1014,0
DA:1015,0
DA:1016,0
DA:1017,0
DA:1019,0
DA:1020,0
DA:1026,0
DA:1027,0
DA:1028,0
DA:1030,0
DA:1031,0
DA:1032,0
DA:1033,0
DA:1034,0
DA:1035,0
DA:1037,0
DA:1038,0
DA:1039,0
DA:1040,0
DA:1041,0
DA:1042,0
DA:1043,0
DA:1044,0
DA:1045,0
DA:1046,0
DA:1047,0
DA:1048,0
DA:1049,0
LF:800
LH:0
BRDA:1,0,0,0
BRF:1
BRH:0
end_of_record
TN:
SF:src\mcp-tools.ts
FN:16,always
FN:73,condition
FN:79,condition
FN:93,condition
FN:333,getMcpToolsForStack
FN:339,getAllMcpTools
FN:354,getToolsWithStackSplit
FNF:7
FNH:7
FNDA:189,always
FNDA:7,condition
FNDA:7,condition
FNDA:7,condition
FNDA:1,getMcpToolsForStack
FNDA:6,getAllMcpTools
FNDA:6,getToolsWithStackSplit
DA:16,1
DA:18,1
DA:19,1
DA:20,1
DA:21,1
DA:22,1
DA:23,1
DA:24,1
DA:25,1
DA:26,1
DA:27,1
DA:28,1
DA:29,1
DA:30,1
DA:31,1
DA:32,1
DA:33,1
DA:34,1
DA:35,1
DA:36,1
DA:37,1
DA:38,1
DA:39,1
DA:40,1
DA:41,1
DA:42,1
DA:43,1
DA:44,1
DA:45,1
DA:46,1
DA:47,1
DA:48,1
DA:49,1
DA:50,1
DA:51,1
DA:52,1
DA:53,1
DA:54,1
DA:55,1
DA:56,1
DA:57,1
DA:58,1
DA:59,1
DA:60,1
DA:61,1
DA:62,1
DA:63,1
DA:64,1
DA:65,1
DA:66,1
DA:67,1
DA:68,1
DA:69,1
DA:70,1
DA:71,1
DA:72,1
DA:73,1
DA:74,1
DA:75,1
DA:76,1
DA:77,1
DA:78,1
DA:79,1
DA:80,7
DA:81,7
DA:82,7
DA:83,1
DA:84,1
DA:85,1
DA:86,1
DA:87,1
DA:88,1
DA:89,1
DA:90,1
DA:91,1
DA:92,1
DA:93,1
DA:94,7
DA:95,7
DA:96,0
DA:97,0
DA:98,0
DA:99,0
DA:100,0
DA:101,0
DA:102,0
DA:103,0
DA:104,0
DA:105,0
DA:106,0
DA:107,0
DA:108,0
DA:109,0
DA:110,0
DA:111,7
DA:112,7
DA:113,1
DA:114,1
DA:115,1
DA:116,1
DA:117,1
DA:118,1
DA:119,1
DA:120,1
DA:121,1
DA:122,1
DA:123,1
DA:124,1
DA:125,1
DA:126,1
DA:127,1
DA:128,1
DA:129,1
DA:130,1
DA:131,1
DA:132,1
DA:133,1
DA:134,1
DA:135,1
DA:136,1
DA:137,1
DA:138,1
DA:139,1
DA:140,1
DA:141,1
DA:142,1
DA:143,1
DA:144,1
DA:145,1
DA:146,1
DA:147,1
DA:148,1
DA:149,1
DA:150,1
DA:151,1
DA:152,1
DA:153,1
DA:154,1
DA:155,1
DA:156,1
DA:157,1
DA:158,1
DA:159,1
DA:160,1
DA:161,1
DA:162,1
DA:163,1
DA:164,1
DA:165,1
DA:166,1
DA:167,1
DA:168,1
DA:169,1
DA:170,1
DA:171,1
DA:172,1
DA:173,1
DA:174,1
DA:175,1
DA:176,1
DA:177,1
DA:178,1
DA:179,1
DA:180,1
DA:181,1
DA:182,1
DA:183,1
DA:184,1
DA:185,1
DA:186,1
DA:187,1
DA:188,1
DA:189,1
DA:190,1
DA:191,1
DA:192,1
DA:193,1
DA:194,1
DA:195,1
DA:196,1
DA:197,1
DA:198,1
DA:199,1
DA:200,1
DA:201,1
DA:202,1
DA:203,1
DA:204,1
DA:205,1
DA:206,1
DA:207,1
DA:208,1
DA:209,1
DA:210,1
DA:211,1
DA:212,1
DA:213,1
DA:214,1
DA:215,1
DA:216,1
DA:217,1
DA:218,1
DA:219,1
DA:220,1
DA:221,1
DA:222,1
DA:223,1
DA:224,1
DA:225,1
DA:226,1
DA:227,1
DA:228,1
DA:229,1
DA:230,1
DA:231,1
DA:232,1
DA:233,1
DA:234,1
DA:235,1
DA:236,1
DA:237,1
DA:238,1
DA:239,1
DA:240,1
DA:241,1
DA:242,1
DA:243,1
DA:244,1
DA:245,1
DA:246,1
DA:247,1
DA:248,1
DA:249,1
DA:250,1
DA:251,1
DA:252,1
DA:253,1
DA:254,1
DA:255,1
DA:256,1
DA:257,1
DA:258,1
DA:259,1
DA:260,1
DA:261,1
DA:262,1
DA:263,1
DA:264,1
DA:265,1
DA:266,1
DA:267,1
DA:268,1
DA:270,1
DA:271,1
DA:272,1
DA:273,1
DA:274,1
DA:275,1
DA:277,1
DA:278,1
DA:279,1
DA:280,1
DA:281,1
DA:282,1
DA:284,1
DA:285,1
DA:286,1
DA:287,1
DA:288,1
DA:289,1
DA:291,1
DA:292,1
DA:293,1
DA:294,1
DA:295,1
DA:296,1
DA:297,1
DA:298,1
DA:299,1
DA:300,1
DA:301,1
DA:302,1
DA:304,1
DA:305,1
DA:306,1
DA:307,1
DA:308,1
DA:309,1
DA:311,1
DA:312,1
DA:313,1
DA:314,1
DA:315,1
DA:316,1
DA:318,1
DA:319,1
DA:320,1
DA:321,1
DA:322,1
DA:323,1
DA:325,1
DA:326,1
DA:327,1
DA:328,1
DA:329,1
DA:330,1
DA:331,1
DA:333,1
DA:334,1
DA:335,1
DA:336,1
DA:337,1
DA:339,1
DA:340,6
DA:341,6
DA:354,1
DA:355,6
DA:356,6
DA:358,6
DA:359,180
DA:360,164
DA:361,180
DA:362,16
DA:363,16
DA:364,180
DA:366,6
DA:367,6
LF:327
LH:312
BRDA:16,0,0,189
BRDA:73,1,0,7
BRDA:73,2,0,6
BRDA:79,3,0,7
BRDA:81,4,0,6
BRDA:93,5,0,7
BRDA:333,6,0,1
BRDA:335,7,0,30
BRDA:335,8,0,0
BRDA:336,9,0,27
BRDA:339,10,0,6
BRDA:340,11,0,180
BRDA:354,12,0,6
BRDA:358,13,0,180
BRDA:359,14,0,164
BRDA:361,15,0,16
BRF:16
BRH:15
end_of_record
TN:
SF:src\planner.ts
FN:23,exists
FN:27,detectRepoType
FN:45,decideAction
FN:95,buildOnboardingPlan
FN:136,formatOnboardingPlan
FNF:5
FNH:4
FNDA:50,exists
FNDA:2,detectRepoType
FNDA:42,decideAction
FNDA:2,buildOnboardingPlan
FNDA:0,formatOnboardingPlan
DA:1,1
DA:23,50
DA:24,50
DA:25,50
DA:27,2
DA:28,2
DA:29,2
DA:30,0
DA:31,0
DA:32,2
DA:33,2
DA:39,1
DA:40,1
DA:41,1
DA:42,1
DA:43,1
DA:45,42
DA:46,42
DA:47,42
DA:48,42
DA:49,42
DA:50,42
DA:51,42
DA:52,42
DA:54,42
DA:55,40
DA:56,40
DA:60,42
DA:61,1
DA:62,1
DA:63,1
DA:64,1
DA:65,1
DA:66,1
DA:67,1
DA:69,42
DA:70,0
DA:71,0
DA:72,0
DA:73,0
DA:74,0
DA:75,0
DA:76,0
DA:78,42
DA:79,1
DA:80,1
DA:81,1
DA:82,1
DA:83,1
DA:84,1
DA:85,1
DA:87,0
DA:88,0
DA:89,0
DA:90,0
DA:91,0
DA:92,0
DA:93,0
DA:95,1
DA:96,2
DA:97,2
DA:98,2
DA:99,2
DA:100,2
DA:101,2
DA:104,2
DA:105,2
DA:106,2
DA:107,2
DA:108,2
DA:109,2
DA:110,2
DA:111,2
DA:112,2
DA:113,2
DA:114,2
DA:115,2
DA:116,2
DA:117,2
DA:118,2
DA:119,2
DA:120,2
DA:123,2
DA:124,2
DA:125,2
DA:126,2
DA:128,2
DA:129,2
DA:130,2
DA:131,2
DA:132,2
DA:133,2
DA:134,2
DA:136,1
DA:137,0
DA:138,0
DA:139,0
DA:140,0
DA:141,0
DA:142,0
DA:143,0
DA:145,0
DA:146,0
DA:147,0
DA:148,0
DA:149,0
DA:150,0
DA:151,0
DA:152,0
DA:154,0
DA:155,0
DA:156,0
DA:157,0
DA:159,0
DA:160,0
DA:161,0
DA:162,0
DA:163,0
LF:118
LH:78
BRDA:23,0,0,50
BRDA:27,1,0,2
BRDA:28,2,0,0
BRDA:29,3,0,0
BRDA:45,4,0,42
BRDA:54,5,0,40
BRDA:56,6,0,2
BRDA:60,7,0,1
BRDA:60,8,0,1
BRDA:69,9,0,0
BRDA:76,10,0,1
BRDA:78,11,0,0
BRDA:78,12,0,1
BRDA:85,13,0,0
BRDA:95,14,0,2
BRDA:100,15,0,0
BRF:16
BRH:10
end_of_record
TN:
SF:src\profile.ts
FN:66,applyProfile
FN:74,describeProfile
FN:88,parseProfile
FNF:3
FNH:3
FNDA:5,applyProfile
FNDA:5,describeProfile
FNDA:7,parseProfile
DA:26,1
DA:28,1
DA:29,1
DA:30,1
DA:31,1
DA:32,1
DA:33,1
DA:34,1
DA:35,1
DA:36,1
DA:39,1
DA:40,1
DA:41,1
DA:42,1
DA:43,1
DA:44,1
DA:45,1
DA:46,1
DA:47,1
DA:50,1
DA:51,1
DA:52,1
DA:53,1
DA:54,1
DA:55,1
DA:56,1
DA:57,1
DA:58,1
DA:59,1
DA:66,1
DA:67,5
DA:68,5
DA:69,5
DA:74,1
DA:75,5
DA:76,5
DA:77,5
DA:78,5
DA:79,5
DA:80,5
DA:81,5
DA:82,5
DA:83,5
DA:84,5
DA:85,5
DA:88,1
DA:89,7
DA:90,4
DA:91,4
LF:49
LH:49
BRDA:66,0,0,5
BRDA:74,1,0,5
BRDA:77,2,0,2
BRDA:77,3,0,3
BRDA:78,4,0,3
BRDA:78,5,0,2
BRDA:79,6,0,3
BRDA:79,7,0,2
BRDA:80,8,0,3
BRDA:80,9,0,2
BRDA:81,10,0,3
BRDA:81,11,0,2
BRDA:88,12,0,7
BRDA:89,13,0,6
BRDA:89,14,0,5
BRDA:89,15,0,3
BRDA:89,16,0,4
BRF:17
BRH:17
end_of_record
TN:
SF:src\types.ts
FN:1,(empty-report)
FNF:1
FNH:1
FNDA:1,(empty-report)
LF:0
LH:0
BRDA:1,0,0,1
BRF:1
BRH:1
end_of_record
TN:
SF:src\updater.ts
FN:9,getToolVersion
FN:32,readInstalledConfig
FN:45,parseSemver
FN:50,compareSemver
FN:61,isNewer
FN:69,getLatestPublishedTagVersion
FN:102,getLatestResolvableVersion
FN:116,checkUpdateStatus
FN:141,printUpdateBanner
FN:172,pruneLegacyArtifacts
FNF:10
FNH:6
FNDA:28,getToolVersion
FNDA:0,readInstalledConfig
FNDA:2,parseSemver
FNDA:1,compareSemver
FNDA:0,isNewer
FNDA:1,getLatestPublishedTagVersion
FNDA:1,getLatestResolvableVersion
FNDA:0,checkUpdateStatus
FNDA:1,printUpdateBanner
FNDA:0,pruneLegacyArtifacts
DA:1,1
DA:6,1
DA:9,1
DA:10,28
DA:11,28
DA:12,28
DA:13,28
DA:14,28
DA:15,28
DA:16,0
DA:17,0
DA:18,28
DA:32,1
DA:34,0
DA:35,0
DA:36,0
DA:37,0
DA:38,0
DA:39,0
DA:40,0
DA:41,0
DA:42,0
DA:45,2
DA:46,2
DA:47,2
DA:48,2
DA:50,1
DA:51,1
DA:52,1
DA:54,1
DA:55,1
DA:56,0
DA:57,0
DA:58,0
DA:61,0
DA:62,0
DA:63,0
DA:64,0
DA:65,0
DA:66,0
DA:67,0
DA:69,1
DA:70,1
DA:71,1
DA:72,1
DA:73,1
DA:74,1
DA:75,1
DA:76,1
DA:77,1
DA:78,1
DA:80,1
DA:82,1
DA:83,1
DA:84,1
DA:85,1
DA:86,1
DA:87,2
DA:88,2
DA:89,1
DA:90,1
DA:92,1
DA:94,1
DA:95,1
DA:96,1
DA:97,1
DA:98,0
DA:99,0
DA:100,1
DA:102,1
DA:103,1
DA:104,1
DA:105,1
DA:106,1
DA:116,1
DA:117,0
DA:118,0
DA:119,0
DA:121,0
DA:122,0
DA:123,0
DA:124,0
DA:125,0
DA:126,0
DA:127,0
DA:128,0
DA:129,0
DA:131,0
DA:132,0
DA:133,0
DA:134,0
DA:135,0
DA:136,0
DA:137,0
DA:138,0
DA:139,0
DA:141,1
DA:142,1
DA:144,1
DA:146,1
DA:147,1
DA:148,1
DA:149,1
DA:150,1
DA:151,1
DA:152,1
DA:153,1
DA:154,1
DA:155,1
DA:156,1
DA:172,1
DA:173,0
DA:174,0
DA:175,0
DA:176,0
DA:177,0
DA:178,0
DA:180,0
DA:181,0
DA:183,0
DA:184,0
DA:185,0
DA:186,0
DA:187,0
DA:188,0
DA:189,0
DA:190,0
DA:191,0
DA:193,0
DA:194,0
DA:195,0
DA:196,0
DA:197,0
DA:198,0
DA:201,0
DA:202,0
DA:203,0
DA:204,0
DA:206,0
DA:208,0
DA:209,0
DA:210,0
DA:211,0
DA:212,0
DA:215,0
DA:216,0
DA:217,0
DA:218,0
DA:219,0
DA:221,0
DA:223,0
DA:224,0
DA:226,0
DA:227,0
DA:228,0
DA:229,0
DA:230,0
DA:231,0
DA:232,0
DA:233,0
DA:234,0
DA:235,0
DA:237,0
DA:238,0
DA:241,0
DA:242,0
DA:243,0
DA:245,0
DA:246,0
DA:247,0
DA:248,0
DA:249,0
DA:250,0
DA:251,0
DA:252,0
DA:254,0
DA:256,0
DA:257,0
DA:258,0
DA:259,0
LF:180
LH:67
BRDA:9,0,0,28
BRDA:14,1,0,0
BRDA:15,2,0,0
BRDA:45,3,0,2
BRDA:50,4,0,1
BRDA:54,5,0,0
BRDA:55,6,0,0
BRDA:55,7,0,0
BRDA:69,8,0,1
BRDA:80,9,0,0
BRDA:92,10,0,0
BRDA:97,11,0,0
BRDA:84,12,0,2
BRDA:86,13,0,2
BRDA:88,14,0,0
BRDA:90,15,0,2
BRDA:94,16,0,1
BRDA:95,17,0,0
BRDA:102,18,0,1
BRDA:104,19,0,0
BRDA:141,20,0,1
BRDA:142,21,0,0
BRDA:149,22,0,0
BRF:23
BRH:10
end_of_record
TN:
SF:src\user-blocks.ts
FN:76,extractUserBlocks
FN:106,extractAnchorLine
FN:120,mergeUserBlocks
FN:183,escapeRegex
FNF:4
FNH:4
FNDA:14,extractUserBlocks
FNDA:15,extractAnchorLine
FNDA:8,mergeUserBlocks
FNDA:8,escapeRegex
DA:30,1
DA:31,1
DA:34,1
DA:35,1
DA:76,1
DA:77,14
DA:79,14
DA:80,14
DA:82,14
DA:83,16
DA:84,16
DA:85,16
DA:87,16
DA:90,15
DA:91,15
DA:93,15
DA:94,15
DA:96,14
DA:97,14
DA:106,15
DA:107,15
DA:108,15
DA:109,15
DA:110,0
DA:111,15
DA:112,15
DA:120,1
DA:121,8
DA:123,8
DA:124,1
DA:125,1
DA:127,7
DA:128,7
DA:129,7
DA:131,8
DA:132,9
DA:133,9
DA:136,9
DA:137,4
DA:138,4
DA:139,4
DA:140,4
DA:141,4
DA:142,4
DA:143,4
DA:144,4
DA:147,9
DA:148,4
DA:150,4
DA:151,1
DA:152,1
DA:153,1
DA:154,1
DA:155,1
DA:156,4
DA:159,4
DA:160,4
DA:161,4
DA:162,4
DA:163,4
DA:164,4
DA:165,4
DA:167,4
DA:169,4
DA:170,4
DA:171,9
DA:172,9
DA:173,3
DA:174,1
DA:175,9
DA:176,9
DA:178,7
DA:179,7
DA:183,8
DA:184,8
DA:185,8
LF:76
LH:75
BRDA:76,0,0,14
BRDA:82,1,0,16
BRDA:87,2,0,1
BRDA:87,3,0,15
BRDA:106,4,0,15
BRDA:107,5,0,0
BRDA:109,6,0,5
BRDA:109,7,0,0
BRDA:120,8,0,8
BRDA:123,9,0,1
BRDA:125,10,0,7
BRDA:131,11,0,9
BRDA:136,12,0,4
BRDA:136,13,0,4
BRDA:144,14,0,5
BRDA:147,15,0,4
BRDA:150,16,0,1
BRDA:171,17,0,3
BRDA:171,18,0,1
BRDA:172,19,0,3
BRDA:173,20,0,1
BRDA:176,21,0,7
BRDA:183,22,0,8
BRF:23
BRH:21
end_of_record
TN:
SF:src\detectors\framework.ts
FN:14,readJson
FN:22,readFile
FN:30,allDeps
FN:34,detectFromPackageJson
FN:103,detectFromPython
FN:124,detectFromGo
FN:144,detectFromRust
FN:162,detectFromJava
FN:181,detectFromDotnet
FN:196,detectFromRuby
FN:209,detectFromBun
FN:214,detectFromDeno
FN:221,detectFromPhp
FN:237,detectBun
FN:255,detectDeno
FN:263,detectFrameworks
FNF:16
FNH:16
FNDA:48,readJson
FNDA:176,readFile
FNDA:14,allDeps
FNDA:16,detectFromPackageJson
FNDA:16,detectFromPython
FNDA:16,detectFromGo
FNDA:16,detectFromRust
FNDA:16,detectFromJava
FNDA:16,detectFromDotnet
FNDA:16,detectFromRuby
FNDA:16,detectFromBun
FNDA:16,detectFromDeno
FNDA:16,detectFromPhp
FNDA:16,detectBun
FNDA:16,detectDeno
FNDA:16,detectFrameworks
DA:1,1
DA:14,48
DA:15,48
DA:16,48
DA:17,48
DA:18,20
DA:19,20
DA:20,48
DA:22,176
DA:23,176
DA:24,176
DA:25,176
DA:26,175
DA:27,175
DA:28,176
DA:30,14
DA:31,14
DA:32,14
DA:34,16
DA:35,16
DA:36,16
DA:37,16
DA:39,14
DA:40,14
DA:42,16
DA:43,2
DA:44,16
DA:45,0
DA:46,0
DA:47,12
DA:48,0
DA:49,12
DA:50,2
DA:51,0
DA:52,2
DA:53,2
DA:54,2
DA:55,12
DA:56,0
DA:57,10
DA:58,0
DA:59,10
DA:60,0
DA:61,10
DA:62,0
DA:63,10
DA:64,0
DA:65,10
DA:66,0
DA:67,0
DA:68,10
DA:69,0
DA:70,0
DA:72,16
DA:73,0
DA:74,16
DA:75,1
DA:76,14
DA:77,0
DA:78,13
DA:79,0
DA:80,13
DA:81,0
DA:82,0
DA:84,16
DA:85,0
DA:86,0
DA:87,16
DA:88,1
DA:89,1
DA:90,16
DA:91,0
DA:92,0
DA:94,16
DA:95,0
DA:96,16
DA:97,0
DA:98,0
DA:100,14
DA:101,14
DA:103,16
DA:104,16
DA:105,16
DA:107,16
DA:109,16
DA:111,16
DA:112,0
DA:113,16
DA:114,0
DA:115,16
DA:116,0
DA:117,16
DA:118,0
DA:119,0
DA:121,16
DA:122,16
DA:124,16
DA:125,16
DA:126,16
DA:128,1
DA:129,10
DA:130,0
DA:131,10
DA:132,0
DA:133,1
DA:134,0
DA:135,1
DA:136,0
DA:137,1
DA:138,1
DA:139,1
DA:141,1
DA:142,1
DA:144,16
DA:145,16
DA:146,16
DA:148,0
DA:149,0
DA:150,0
DA:151,0
DA:152,0
DA:153,0
DA:154,0
DA:155,0
DA:156,0
DA:157,0
DA:159,0
DA:160,0
DA:162,16
DA:163,16
DA:164,16
DA:165,16
DA:167,16
DA:169,16
DA:170,0
DA:171,0
DA:172,0
DA:173,0
DA:174,0
DA:175,0
DA:177,0
DA:178,0
DA:179,0
DA:181,16
DA:182,16
DA:183,16
DA:184,16
DA:186,16
DA:188,16
DA:189,16
DA:190,0
DA:191,0
DA:193,0
DA:194,0
DA:196,16
DA:197,16
DA:198,16
DA:200,0
DA:201,0
DA:202,0
DA:203,0
DA:204,0
DA:206,0
DA:207,0
DA:209,16
DA:210,16
DA:211,0
DA:212,0
DA:214,16
DA:215,16
DA:216,16
DA:217,16
DA:218,0
DA:219,0
DA:221,16
DA:222,16
DA:223,16
DA:225,0
DA:226,0
DA:227,0
DA:228,0
DA:229,0
DA:230,0
DA:231,0
DA:232,0
DA:234,0
DA:235,0
DA:237,16
DA:239,16
DA:240,0
DA:241,0
DA:247,16
DA:248,16
DA:249,0
DA:250,0
DA:252,16
DA:253,16
DA:255,16
DA:256,16
DA:257,16
DA:258,0
DA:259,0
DA:260,16
DA:261,16
DA:263,1
DA:264,16
DA:265,16
DA:266,16
DA:267,16
DA:268,16
DA:269,16
DA:270,16
DA:271,16
DA:272,16
DA:273,16
DA:274,16
DA:275,16
DA:276,16
DA:277,16
DA:280,16
DA:281,16
DA:282,7
DA:283,7
DA:284,7
DA:285,16
DA:286,16
LF:226
LH:140
BRDA:14,0,0,48
BRDA:17,1,0,20
BRDA:22,2,0,176
BRDA:25,3,0,175
BRDA:30,4,0,14
BRDA:34,5,0,16
BRDA:37,6,0,2
BRDA:37,7,0,14
BRDA:42,8,0,2
BRDA:44,9,0,12
BRDA:44,10,0,0
BRDA:47,11,0,0
BRDA:49,12,0,2
BRDA:50,13,0,0
BRDA:55,14,0,10
BRDA:55,15,0,0
BRDA:57,16,0,0
BRDA:59,17,0,0
BRDA:61,18,0,0
BRDA:63,19,0,0
BRDA:65,20,0,0
BRDA:68,21,0,0
BRDA:70,22,0,14
BRDA:72,23,0,0
BRDA:74,24,0,14
BRDA:74,25,0,1
BRDA:76,26,0,13
BRDA:76,27,0,0
BRDA:78,28,0,0
BRDA:80,29,0,0
BRDA:84,30,0,0
BRDA:86,31,0,15
BRDA:86,32,0,14
BRDA:87,33,0,13
BRDA:87,34,0,1
BRDA:89,35,0,14
BRDA:90,36,0,0
BRDA:92,37,0,14
BRDA:94,38,0,0
BRDA:96,39,0,14
BRDA:96,40,0,0
BRDA:103,41,0,16
BRDA:107,42,0,0
BRDA:111,43,0,0
BRDA:113,44,0,0
BRDA:115,45,0,0
BRDA:117,46,0,0
BRDA:105,47,0,80
BRDA:124,48,0,16
BRDA:126,49,0,15
BRDA:126,50,0,10
BRDA:126,51,0,1
BRDA:129,52,0,0
BRDA:131,53,0,1
BRDA:131,54,0,0
BRDA:133,55,0,0
BRDA:135,56,0,0
BRDA:144,57,0,16
BRDA:146,58,0,0
BRDA:162,59,0,16
BRDA:167,60,0,0
BRDA:169,61,0,0
BRDA:181,62,0,16
BRDA:186,63,0,0
BRDA:188,64,0,0
BRDA:189,65,0,0
BRDA:189,66,0,0
BRDA:183,67,0,28
BRDA:184,68,0,28
BRDA:196,69,0,16
BRDA:198,70,0,0
BRDA:209,71,0,16
BRDA:210,72,0,0
BRDA:214,73,0,16
BRDA:217,74,0,0
BRDA:221,75,0,16
BRDA:223,76,0,0
BRDA:237,77,0,16
BRDA:239,78,0,0
BRDA:248,79,0,14
BRDA:248,80,0,0
BRDA:248,81,0,0
BRDA:255,82,0,16
BRDA:257,83,0,0
BRDA:257,84,0,64
BRDA:263,85,0,16
BRDA:281,86,0,7
BRDA:282,87,0,0
BRF:88
BRH:45
end_of_record
TN:
SF:src\detectors\freshness.ts
FN:92,hashFile
FN:101,hashDirectory
FN:135,captureContextSnapshot
FN:168,loadContextSnapshot
FN:179,writeContextSnapshot
FN:189,computeFreshnessReport
FN:315,formatFreshnessReport
FNF:7
FNH:6
FNDA:126,hashFile
FNDA:0,hashDirectory
FNDA:11,captureContextSnapshot
FNDA:12,loadContextSnapshot
FNDA:8,writeContextSnapshot
FNDA:9,computeFreshnessReport
FNDA:2,formatFreshnessReport
DA:1,1
DA:57,1
DA:58,1
DA:59,1
DA:60,1
DA:61,1
DA:62,1
DA:63,1
DA:64,1
DA:67,1
DA:68,1
DA:69,1
DA:70,1
DA:71,1
DA:72,1
DA:73,1
DA:74,1
DA:75,1
DA:76,1
DA:77,1
DA:78,1
DA:79,1
DA:80,1
DA:81,1
DA:82,1
DA:83,1
DA:84,1
DA:85,1
DA:86,1
DA:88,1
DA:92,126
DA:93,126
DA:94,126
DA:95,126
DA:96,126
DA:97,1
DA:98,1
DA:99,126
DA:101,0
DA:102,0
DA:103,0
DA:105,0
DA:106,0
DA:107,0
DA:108,0
DA:109,0
DA:110,0
DA:111,0
DA:112,0
DA:113,0
DA:114,0
DA:115,0
DA:116,0
DA:117,0
DA:118,0
DA:119,0
DA:120,0
DA:121,0
DA:122,0
DA:124,0
DA:125,0
DA:126,0
DA:127,0
DA:135,1
DA:136,11
DA:137,11
DA:138,66
DA:139,66
DA:141,11
DA:142,11
DA:143,198
DA:144,198
DA:145,11
DA:146,11
DA:147,198
DA:150,11
DA:151,11
DA:152,11
DA:153,0
DA:154,0
DA:155,0
DA:156,0
DA:158,11
DA:159,11
DA:160,11
DA:161,11
DA:162,11
DA:163,11
DA:164,11
DA:165,11
DA:168,1
DA:169,12
DA:170,12
DA:171,9
DA:172,9
DA:173,12
DA:174,1
DA:175,1
DA:176,12
DA:179,1
DA:180,8
DA:181,8
DA:182,8
DA:183,8
DA:189,1
DA:190,9
DA:193,9
DA:194,9
DA:195,9
DA:196,9
DA:197,8
DA:198,8
DA:199,8
DA:200,9
DA:202,9
DA:203,2
DA:204,2
DA:205,2
DA:206,2
DA:207,2
DA:208,2
DA:209,2
DA:210,2
DA:211,2
DA:212,2
DA:213,2
DA:214,2
DA:217,7
DA:218,7
DA:219,7
DA:221,9
DA:222,42
DA:223,42
DA:224,42
DA:225,38
DA:226,42
DA:227,4
DA:228,4
DA:229,42
DA:232,7
DA:233,7
DA:234,7
DA:236,7
DA:237,7
DA:238,7
DA:239,7
DA:240,7
DA:241,0
DA:242,7
DA:243,7
DA:244,7
DA:245,7
DA:246,5
DA:247,7
DA:248,2
DA:249,2
DA:250,7
DA:253,7
DA:254,7
DA:255,9
DA:258,9
DA:259,9
DA:260,3
DA:261,9
DA:262,3
DA:263,4
DA:264,1
DA:265,1
DA:268,7
DA:269,7
DA:271,9
DA:272,1
DA:273,1
DA:274,1
DA:275,1
DA:276,9
DA:277,2
DA:278,2
DA:279,2
DA:280,2
DA:281,6
DA:282,1
DA:283,1
DA:285,1
DA:286,1
DA:287,1
DA:289,9
DA:290,3
DA:291,3
DA:292,9
DA:293,1
DA:294,1
DA:295,9
DA:296,0
DA:297,0
DA:299,9
DA:300,3
DA:301,3
DA:303,7
DA:304,7
DA:305,7
DA:306,7
DA:307,7
DA:308,7
DA:309,7
DA:310,7
DA:311,7
DA:312,7
DA:315,1
DA:316,2
DA:317,2
DA:318,2
DA:319,2
DA:320,2
DA:321,2
DA:322,2
DA:324,2
DA:325,2
DA:326,2
DA:327,2
DA:328,2
DA:329,2
DA:331,2
DA:332,1
DA:333,1
DA:334,2
DA:335,1
DA:336,1
DA:337,2
DA:339,2
DA:340,1
DA:341,1
DA:342,1
DA:343,1
DA:344,1
DA:345,1
DA:347,2
DA:348,0
DA:349,0
DA:350,0
DA:351,0
DA:352,0
DA:353,0
DA:355,2
DA:356,2
DA:357,2
DA:358,3
DA:359,3
DA:360,2
DA:361,2
DA:363,2
DA:364,2
LF:252
LH:214
BRDA:92,0,0,126
BRDA:96,1,0,1
BRDA:135,2,0,11
BRDA:137,3,0,66
BRDA:142,4,0,198
BRDA:144,5,0,11
BRDA:152,6,0,0
BRDA:168,7,0,12
BRDA:170,8,0,3
BRDA:170,9,0,9
BRDA:173,10,0,1
BRDA:179,11,0,8
BRDA:189,12,0,9
BRDA:196,13,0,8
BRDA:198,14,0,0
BRDA:200,15,0,0
BRDA:202,16,0,2
BRDA:214,17,0,7
BRDA:221,18,0,42
BRDA:224,19,0,38
BRDA:226,20,0,4
BRDA:229,21,0,7
BRDA:238,22,0,0
BRDA:240,23,0,0
BRDA:240,24,0,0
BRDA:245,25,0,5
BRDA:247,26,0,2
BRDA:255,27,0,0
BRDA:259,28,0,3
BRDA:261,29,0,4
BRDA:261,30,0,3
BRDA:263,31,0,1
BRDA:265,32,0,7
BRDA:271,33,0,3
BRDA:271,34,0,1
BRDA:276,35,0,6
BRDA:276,36,0,2
BRDA:281,37,0,4
BRDA:281,38,0,1
BRDA:287,39,0,7
BRDA:289,40,0,3
BRDA:291,41,0,7
BRDA:292,42,0,1
BRDA:294,43,0,7
BRDA:295,44,0,0
BRDA:297,45,0,7
BRDA:299,46,0,3
BRDA:299,47,0,3
BRDA:301,48,0,7
BRDA:289,49,0,3
BRDA:292,50,0,4
BRDA:295,51,0,4
BRDA:315,52,0,2
BRDA:331,53,0,1
BRDA:334,54,0,1
BRDA:339,55,0,1
BRDA:347,56,0,0
BRDA:357,57,0,3
BRF:58
BRH:49
end_of_record
TN:
SF:src\detectors\graph.ts
FN:16,collectSourceFiles
FN:37,parseImports
FN:78,parseExports
FN:100,resolveImportPath
FN:135,buildDependencyGraph
FN:174,getTransitiveDependents
FNF:6
FNH:2
FNDA:10,collectSourceFiles
FNDA:0,parseImports
FNDA:0,parseExports
FNDA:0,resolveImportPath
FNDA:10,buildDependencyGraph
FNDA:0,getTransitiveDependents
DA:1,1
DA:5,1
DA:6,1
DA:7,1
DA:8,1
DA:9,1
DA:11,1
DA:12,1
DA:13,1
DA:14,1
DA:16,10
DA:17,10
DA:18,10
DA:19,10
DA:20,10
DA:21,10
DA:22,0
DA:23,0
DA:24,0
DA:25,0
DA:26,0
DA:27,0
DA:28,0
DA:29,0
DA:30,0
DA:31,0
DA:32,10
DA:33,10
DA:34,10
DA:35,10
DA:37,0
DA:38,0
DA:39,0
DA:41,0
DA:42,0
DA:43,0
DA:44,0
DA:45,0
DA:46,0
DA:47,0
DA:48,0
DA:49,0
DA:50,0
DA:51,0
DA:52,0
DA:53,0
DA:55,0
DA:56,0
DA:57,0
DA:58,0
DA:59,0
DA:60,0
DA:61,0
DA:63,0
DA:64,0
DA:65,0
DA:66,0
DA:67,0
DA:68,0
DA:70,0
DA:71,0
DA:72,0
DA:73,0
DA:75,0
DA:76,0
DA:78,0
DA:79,0
DA:81,0
DA:82,0
DA:83,0
DA:84,0
DA:85,0
DA:86,0
DA:87,0
DA:88,0
DA:89,0
DA:90,0
DA:91,0
DA:92,0
DA:93,0
DA:94,0
DA:95,0
DA:97,0
DA:98,0
DA:100,0
DA:101,0
DA:103,0
DA:104,0
DA:105,0
DA:106,0
DA:107,0
DA:109,0
DA:110,0
DA:111,0
DA:112,0
DA:115,0
DA:116,0
DA:117,0
DA:118,0
DA:119,0
DA:120,0
DA:121,0
DA:124,0
DA:125,0
DA:126,0
DA:127,0
DA:128,0
DA:129,0
DA:130,0
DA:132,0
DA:133,0
DA:135,1
DA:136,10
DA:137,10
DA:139,10
DA:140,0
DA:141,0
DA:143,10
DA:144,0
DA:145,0
DA:146,0
DA:148,0
DA:150,0
DA:151,0
DA:152,0
DA:153,0
DA:154,0
DA:155,0
DA:156,0
DA:157,0
DA:158,0
DA:159,0
DA:160,0
DA:161,0
DA:162,0
DA:163,0
DA:164,0
DA:165,0
DA:167,10
DA:168,10
DA:169,10
DA:170,10
DA:171,10
DA:172,10
DA:174,1
DA:175,0
DA:176,0
DA:177,0
DA:178,0
DA:179,0
DA:180,0
DA:182,0
DA:183,0
DA:184,0
DA:186,0
DA:187,0
DA:189,0
DA:190,0
DA:191,0
DA:192,0
DA:193,0
DA:194,0
DA:195,0
DA:197,0
DA:198,0
DA:199,0
LF:166
LH:32
BRDA:16,0,0,10
BRDA:21,1,0,0
BRDA:33,2,0,0
BRDA:135,3,0,10
BRDA:139,4,0,0
BRDA:143,5,0,0
BRF:6
BRH:2
end_of_record
TN:
SF:src\detectors\language.ts
FN:48,walkDir
FN:65,detectLanguages
FNF:2
FNH:2
FNDA:20,walkDir
FNDA:16,detectLanguages
DA:1,1
DA:5,1
DA:6,1
DA:7,1
DA:8,1
DA:9,1
DA:10,1
DA:11,1
DA:12,1
DA:13,1
DA:14,1
DA:15,1
DA:16,1
DA:17,1
DA:18,1
DA:19,1
DA:20,1
DA:21,1
DA:22,1
DA:23,1
DA:24,1
DA:25,1
DA:26,1
DA:27,1
DA:28,1
DA:29,1
DA:30,1
DA:31,1
DA:32,1
DA:33,1
DA:34,1
DA:35,1
DA:36,1
DA:37,1
DA:39,1
DA:40,1
DA:41,1
DA:42,1
DA:43,1
DA:44,1
DA:45,1
DA:46,1
DA:48,20
DA:49,20
DA:50,20
DA:51,20
DA:52,20
DA:53,44
DA:54,44
DA:55,43
DA:56,44
DA:57,4
DA:58,44
DA:59,39
DA:60,39
DA:61,44
DA:62,20
DA:63,20
DA:65,1
DA:66,16
DA:67,16
DA:69,16
DA:70,39
DA:71,39
DA:72,38
DA:73,38
DA:74,39
DA:75,37
DA:76,37
DA:77,37
DA:79,16
DA:81,16
DA:82,16
DA:83,20
DA:84,20
DA:85,20
DA:86,20
DA:87,16
DA:88,16
DA:89,16
LF:80
LH:80
BRDA:48,0,0,20
BRDA:49,1,0,0
BRDA:52,2,0,44
BRDA:53,3,0,0
BRDA:54,4,0,1
BRDA:54,5,0,43
BRDA:56,6,0,4
BRDA:58,7,0,39
BRDA:65,8,0,16
BRDA:69,9,0,39
BRDA:71,10,0,1
BRDA:71,11,0,38
BRDA:73,12,0,1
BRDA:73,13,0,37
BRDA:74,14,0,20
BRDA:74,15,0,37
BRDA:79,16,0,1
BRDA:79,17,0,20
BRDA:82,18,0,20
BRDA:88,19,0,5
BRF:20
BRH:18
end_of_record
TN:
SF:src\detectors\patterns.ts
FN:5,exists
FN:9,readJson
FN:17,detectPackageManager
FN:33,detectTestFramework
FN:54,detectLinter
FN:67,detectFormatter
FN:77,detectBundler
FN:94,detectCiCd
FN:105,detectNamingConvention
FN:122,detectPatterns
FNF:10
FNH:10
FNDA:1819,exists
FNDA:90,readJson
FNDA:30,detectPackageManager
FNDA:30,detectTestFramework
FNDA:30,detectLinter
FNDA:30,detectFormatter
FNDA:30,detectBundler
FNDA:30,detectCiCd
FNDA:30,detectNamingConvention
FNDA:30,detectPatterns
DA:1,1
DA:5,1819
DA:6,1819
DA:7,1819
DA:9,90
DA:10,90
DA:11,90
DA:12,90
DA:13,30
DA:14,30
DA:15,90
DA:17,30
DA:18,30
DA:19,30
DA:20,30
DA:21,30
DA:22,30
DA:23,30
DA:24,30
DA:25,30
DA:26,30
DA:27,30
DA:28,30
DA:29,30
DA:30,7
DA:31,7
DA:33,30
DA:34,30
DA:35,30
DA:36,30
DA:37,30
DA:38,20
DA:39,20
DA:40,19
DA:41,18
DA:42,18
DA:43,18
DA:44,18
DA:45,20
DA:47,30
DA:48,30
DA:49,30
DA:51,24
DA:52,24
DA:54,30
DA:55,30
DA:56,30
DA:57,30
DA:58,30
DA:59,30
DA:60,30
DA:61,30
DA:62,30
DA:63,30
DA:64,30
DA:65,30
DA:67,30
DA:68,30
DA:69,30
DA:70,30
DA:71,30
DA:72,30
DA:73,30
DA:74,30
DA:75,30
DA:77,30
DA:78,30
DA:79,30
DA:80,6
DA:81,6
DA:82,6
DA:83,6
DA:84,6
DA:85,6
DA:86,6
DA:87,6
DA:88,6
DA:89,30
DA:90,30
DA:91,30
DA:92,30
DA:94,30
DA:95,30
DA:96,30
DA:97,30
DA:98,30
DA:99,30
DA:100,30
DA:101,30
DA:102,30
DA:103,30
DA:105,30
DA:106,30
DA:107,30
DA:108,30
DA:109,30
DA:110,30
DA:112,30
DA:113,30
DA:114,30
DA:115,30
DA:116,30
DA:118,0
DA:119,14
DA:120,14
DA:122,1
DA:123,30
DA:125,30
DA:126,30
DA:127,25
DA:129,30
DA:130,30
DA:132,30
DA:133,30
DA:134,30
DA:135,30
DA:136,30
DA:137,30
DA:138,30
DA:139,30
DA:140,30
DA:141,30
DA:142,30
DA:143,30
DA:144,30
DA:145,30
DA:146,30
DA:147,30
DA:148,30
DA:149,30
DA:150,30
LF:131
LH:130
BRDA:5,0,0,1819
BRDA:9,1,0,90
BRDA:12,2,0,30
BRDA:17,3,0,30
BRDA:18,4,0,1
BRDA:18,5,0,29
BRDA:19,6,0,3
BRDA:19,7,0,26
BRDA:20,8,0,1
BRDA:20,9,0,25
BRDA:21,10,0,15
BRDA:21,11,0,10
BRDA:22,12,0,0
BRDA:22,13,0,10
BRDA:23,14,0,12
BRDA:23,15,0,3
BRDA:23,16,0,7
BRDA:24,17,0,0
BRDA:24,18,0,7
BRDA:25,19,0,0
BRDA:25,20,0,7
BRDA:26,21,0,0
BRDA:26,22,0,7
BRDA:27,23,0,0
BRDA:27,24,0,7
BRDA:28,25,0,0
BRDA:28,26,0,7
BRDA:29,27,0,0
BRDA:29,28,0,7
BRDA:33,29,0,30
BRDA:37,30,0,20
BRDA:39,31,0,19
BRDA:39,32,0,3
BRDA:39,33,0,17
BRDA:40,34,0,3
BRDA:40,35,0,18
BRDA:40,36,0,14
BRDA:41,37,0,0
BRDA:41,38,0,14
BRDA:42,39,0,0
BRDA:42,40,0,14
BRDA:43,41,0,0
BRDA:43,42,0,14
BRDA:44,43,0,0
BRDA:45,44,0,24
BRDA:47,45,0,0
BRDA:47,46,0,24
BRDA:48,47,0,0
BRDA:48,48,0,24
BRDA:49,49,0,0
BRDA:49,50,0,24
BRDA:54,51,0,30
BRDA:57,52,0,0
BRDA:58,53,0,0
BRDA:59,54,0,0
BRDA:60,55,0,0
BRDA:61,56,0,0
BRDA:62,57,0,0
BRDA:63,58,0,0
BRDA:67,59,0,30
BRDA:69,60,0,0
BRDA:70,61,0,0
BRDA:71,62,0,0
BRDA:72,63,0,0
BRDA:73,64,0,0
BRDA:77,65,0,30
BRDA:79,66,0,20
BRDA:79,67,0,6
BRDA:81,68,0,0
BRDA:82,69,0,0
BRDA:83,70,0,0
BRDA:84,71,0,0
BRDA:85,72,0,0
BRDA:86,73,0,0
BRDA:87,74,0,0
BRDA:89,75,0,0
BRDA:90,76,0,0
BRDA:94,77,0,30
BRDA:95,78,0,0
BRDA:96,79,0,0
BRDA:97,80,0,0
BRDA:98,81,0,0
BRDA:99,82,0,0
BRDA:100,83,0,0
BRDA:101,84,0,0
BRDA:105,85,0,30
BRDA:106,86,0,4
BRDA:106,87,0,26
BRDA:112,88,0,0
BRDA:113,89,0,0
BRDA:114,90,0,16
BRDA:114,91,0,14
BRDA:115,92,0,0
BRDA:116,93,0,0
BRDA:118,94,0,14
BRDA:109,95,0,52
BRDA:110,96,0,52
BRDA:114,97,0,36
BRDA:114,98,0,16
BRDA:115,99,0,18
BRDA:122,100,0,30
BRDA:126,101,0,25
BRDA:127,102,0,16
BRDA:127,103,0,19
BRDA:130,104,0,150
BRF:105
BRH:59
end_of_record
TN:
SF:src\generators\agents.ts
FN:20,toBulletList
FN:25,buildFrameworkRules
FN:49,buildAgentSpecs
FN:237,scanExistingAgents
FN:261,buildSequentialAgentSpecs
FN:357,injectReplacements
FN:372,generateAgentsWithOptions
FN:385,conceptCovered
FN:459,generateAgents
FNF:9
FNH:7
FNDA:5,toBulletList
FNDA:2,buildFrameworkRules
FNDA:1,buildAgentSpecs
FNDA:0,scanExistingAgents
FNDA:1,buildSequentialAgentSpecs
FNDA:6,injectReplacements
FNDA:1,generateAgentsWithOptions
FNDA:0,conceptCovered
FNDA:1,generateAgents
DA:1,1
DA:7,1
DA:20,5
DA:21,5
DA:22,4
DA:23,4
DA:25,2
DA:26,2
DA:27,2
DA:29,2
DA:30,0
DA:31,0
DA:32,0
DA:34,2
DA:35,0
DA:36,0
DA:38,2
DA:39,2
DA:40,2
DA:42,2
DA:43,0
DA:44,0
DA:46,2
DA:47,2
DA:49,1
DA:50,1
DA:51,1
DA:52,1
DA:53,1
DA:54,1
DA:55,1
DA:56,1
DA:57,1
DA:58,1
DA:59,1
DA:60,1
DA:61,1
DA:62,1
DA:64,1
DA:65,1
DA:66,1
DA:67,1
DA:68,1
DA:69,1
DA:71,1
DA:72,1
DA:73,1
DA:74,1
DA:75,1
DA:76,1
DA:77,1
DA:79,1
DA:80,1
DA:82,1
DA:83,1
DA:86,1
DA:87,1
DA:88,1
DA:89,1
DA:90,1
DA:91,1
DA:92,1
DA:93,1
DA:94,1
DA:95,1
DA:96,1
DA:97,1
DA:98,1
DA:99,1
DA:100,1
DA:101,1
DA:102,1
DA:103,1
DA:104,1
DA:105,1
DA:108,1
DA:109,1
DA:110,1
DA:111,1
DA:112,1
DA:113,1
DA:114,1
DA:115,1
DA:116,1
DA:117,1
DA:118,1
DA:119,1
DA:120,1
DA:121,1
DA:122,1
DA:123,1
DA:124,1
DA:125,1
DA:128,1
DA:129,1
DA:130,1
DA:131,1
DA:132,1
DA:133,1
DA:134,1
DA:135,1
DA:136,1
DA:137,1
DA:138,1
DA:139,1
DA:142,1
DA:143,0
DA:144,0
DA:145,0
DA:146,0
DA:147,0
DA:148,0
DA:149,0
DA:150,0
DA:151,0
DA:152,0
DA:153,0
DA:154,0
DA:155,0
DA:156,0
DA:157,0
DA:158,0
DA:159,0
DA:160,0
DA:161,0
DA:162,0
DA:163,0
DA:164,0
DA:167,1
DA:168,0
DA:169,0
DA:170,0
DA:171,0
DA:172,0
DA:173,0
DA:174,0
DA:175,0
DA:176,0
DA:177,0
DA:178,0
DA:179,0
DA:180,0
DA:181,0
DA:182,0
DA:183,0
DA:184,0
DA:185,0
DA:186,0
DA:187,0
DA:188,0
DA:189,0
DA:192,1
DA:193,0
DA:194,0
DA:195,0
DA:196,0
DA:197,0
DA:198,0
DA:199,0
DA:200,0
DA:201,0
DA:202,0
DA:203,0
DA:204,0
DA:205,0
DA:206,0
DA:207,0
DA:208,0
DA:209,0
DA:210,0
DA:211,0
DA:212,0
DA:213,0
DA:214,0
DA:215,0
DA:216,0
DA:218,1
DA:219,1
DA:237,1
DA:238,0
DA:239,0
DA:241,0
DA:242,0
DA:243,0
DA:245,0
DA:246,0
DA:248,0
DA:249,0
DA:250,0
DA:251,0
DA:252,0
DA:253,0
DA:254,0
DA:255,0
DA:256,0
DA:258,0
DA:259,0
DA:261,1
DA:262,1
DA:263,1
DA:264,1
DA:265,1
DA:266,1
DA:267,1
DA:269,1
DA:270,1
DA:272,1
DA:273,1
DA:274,1
DA:275,1
DA:276,1
DA:277,1
DA:279,1
DA:280,1
DA:281,1
DA:282,1
DA:283,1
DA:284,1
DA:285,1
DA:286,0
DA:287,1
DA:289,1
DA:290,0
DA:291,0
DA:292,0
DA:293,0
DA:294,0
DA:295,0
DA:296,0
DA:297,0
DA:299,1
DA:300,1
DA:301,0
DA:302,0
DA:303,0
DA:304,0
DA:305,0
DA:306,0
DA:307,0
DA:308,0
DA:311,1
DA:312,0
DA:313,0
DA:314,0
DA:316,1
DA:317,1
DA:318,1
DA:319,1
DA:320,1
DA:321,1
DA:322,1
DA:323,1
DA:324,1
DA:325,1
DA:327,1
DA:328,1
DA:329,1
DA:330,1
DA:331,1
DA:332,1
DA:333,1
DA:334,1
DA:336,1
DA:337,1
DA:338,1
DA:339,1
DA:340,1
DA:341,1
DA:342,1
DA:343,1
DA:345,1
DA:346,1
DA:347,1
DA:348,1
DA:349,1
DA:350,1
DA:351,1
DA:352,1
DA:354,1
DA:355,1
DA:357,6
DA:358,6
DA:359,6
DA:360,43
DA:361,43
DA:362,6
DA:363,6
DA:372,1
DA:373,1
DA:374,1
DA:375,1
DA:376,1
DA:377,1
DA:378,1
DA:381,1
DA:382,1
DA:383,0
DA:385,1
DA:386,0
DA:387,0
DA:390,1
DA:392,1
DA:393,1
DA:394,1
DA:395,1
DA:396,1
DA:397,1
DA:398,1
DA:399,1
DA:400,1
DA:401,1
DA:403,1
DA:404,6
DA:407,6
DA:410,6
DA:413,0
DA:415,0
DA:416,0
DA:417,0
DA:418,0
DA:419,0
DA:421,6
DA:422,0
DA:423,0
DA:424,0
DA:426,6
DA:429,6
DA:430,6
DA:431,6
DA:432,6
DA:434,6
DA:435,0
DA:436,0
DA:439,6
DA:443,6
DA:444,6
DA:445,0
DA:446,0
DA:447,0
DA:450,6
DA:452,6
DA:453,6
DA:454,6
DA:456,1
DA:457,1
DA:459,1
DA:460,1
DA:461,1
DA:462,1
DA:463,1
DA:464,1
DA:465,1
DA:466,1
DA:467,1
DA:468,1
DA:469,1
LF:356
LH:226
BRDA:20,0,0,5
BRDA:21,1,0,1
BRDA:21,2,0,4
BRDA:22,3,0,12
BRDA:25,4,0,2
BRDA:29,5,0,0
BRDA:34,6,0,0
BRDA:42,7,0,0
BRDA:49,8,0,1
BRDA:54,9,0,0
BRDA:61,10,0,0
BRDA:62,11,0,0
BRDA:68,12,0,0
BRDA:80,13,0,0
BRDA:122,14,0,0
BRDA:142,15,0,0
BRDA:167,16,0,0
BRDA:192,17,0,0
BRDA:77,18,0,5
BRDA:80,19,0,1
BRDA:261,20,0,1
BRDA:265,21,0,0
BRDA:267,22,0,0
BRDA:276,23,0,0
BRDA:285,24,0,0
BRDA:289,25,0,0
BRDA:299,26,0,0
BRDA:300,27,0,0
BRDA:311,28,0,0
BRDA:284,29,0,4
BRDA:319,30,0,4
BRDA:357,31,0,6
BRDA:359,32,0,43
BRDA:372,33,0,1
BRDA:382,34,0,0
BRDA:390,35,0,0
BRDA:394,36,0,0
BRDA:403,37,0,6
BRDA:407,38,0,0
BRDA:407,39,0,0
BRDA:410,40,0,0
BRDA:421,41,0,0
BRDA:434,42,0,0
BRDA:444,43,0,0
BRDA:444,44,0,0
BRDA:382,45,0,1
BRDA:459,46,0,1
BRDA:465,47,0,0
BRDA:466,48,0,0
BRF:49
BRH:17
end_of_record
TN:
SF:src\generators\context-docs.ts
FN:22,readAiOsConfig
FN:41,formatNodeLabel
FN:45,joinOrNone
FN:52,exists
FN:56,countMarkdownFiles
FN:73,detectExistingAiContext
FN:78,add
FN:112,generateExistingAiContextDoc
FN:178,generateStackDoc
FN:261,generateArchitectureDoc
FN:333,generateConventionsDoc
FN:390,generateContextBudgetDoc
FN:456,generateProtectedBlocksDoc
FN:523,generateMemoryDoc
FN:565,mergeSections
FN:567,parseSections
FN:601,generateContextDocs
FN:609,track
FN:610,shouldPreserve
FN:748,generateSessionContextCard
FNF:20
FNH:20
FNDA:10,readAiOsConfig
FNDA:72,formatNodeLabel
FNDA:36,joinOrNone
FNDA:164,exists
FNDA:20,countMarkdownFiles
FNDA:10,detectExistingAiContext
FNDA:6,add
FNDA:9,generateExistingAiContextDoc
FNDA:9,generateStackDoc
FNDA:9,generateArchitectureDoc
FNDA:9,generateConventionsDoc
FNDA:10,generateContextBudgetDoc
FNDA:10,generateProtectedBlocksDoc
FNDA:10,generateMemoryDoc
FNDA:2,mergeSections
FNDA:4,parseSections
FNDA:10,generateContextDocs
FNDA:120,track
FNDA:50,shouldPreserve
FNDA:9,generateSessionContextCard
DA:1,1
DA:8,1
DA:9,1
DA:10,1
DA:11,1
DA:12,1
DA:13,1
DA:14,1
DA:15,1
DA:16,1
DA:17,1
DA:18,1
DA:19,1
DA:22,1
DA:23,10
DA:24,10
DA:25,10
DA:26,10
DA:27,9
DA:28,9
DA:29,10
DA:41,72
DA:42,72
DA:43,72
DA:45,36
DA:46,36
DA:47,18
DA:48,36
DA:49,36
DA:50,36
DA:52,164
DA:53,164
DA:54,164
DA:56,20
DA:57,20
DA:58,0
DA:59,0
DA:60,0
DA:61,0
DA:62,0
DA:63,0
DA:64,0
DA:65,0
DA:66,0
DA:67,0
DA:68,0
DA:69,0
DA:70,0
DA:71,0
DA:73,10
DA:74,10
DA:75,10
DA:76,10
DA:78,10
DA:79,6
DA:80,6
DA:81,6
DA:83,10
DA:84,10
DA:85,10
DA:87,10
DA:88,10
DA:89,10
DA:91,10
DA:92,10
DA:93,10
DA:95,10
DA:96,10
DA:97,10
DA:99,10
DA:100,10
DA:101,10
DA:102,10
DA:104,10
DA:105,10
DA:106,10
DA:107,10
DA:109,10
DA:110,10
DA:112,9
DA:113,9
DA:114,9
DA:115,9
DA:116,9
DA:117,9
DA:118,9
DA:119,9
DA:120,9
DA:121,9
DA:122,9
DA:123,9
DA:124,9
DA:125,9
DA:126,9
DA:127,9
DA:128,9
DA:129,9
DA:130,9
DA:131,9
DA:133,9
DA:134,5
DA:135,9
DA:136,4
DA:137,6
DA:138,6
DA:139,4
DA:141,9
DA:142,9
DA:143,9
DA:144,9
DA:145,9
DA:146,9
DA:147,9
DA:148,9
DA:149,9
DA:150,9
DA:151,9
DA:153,9
DA:154,9
DA:155,9
DA:157,9
DA:158,9
DA:159,9
DA:160,9
DA:161,9
DA:162,9
DA:163,9
DA:164,9
DA:165,9
DA:166,9
DA:167,9
DA:168,9
DA:169,0
DA:170,0
DA:171,9
DA:172,9
DA:173,9
DA:175,9
DA:176,9
DA:178,9
DA:179,9
DA:180,9
DA:181,9
DA:182,9
DA:183,9
DA:184,9
DA:186,9
DA:187,9
DA:188,9
DA:190,9
DA:191,9
DA:192,9
DA:193,9
DA:194,0
DA:195,0
DA:196,0
DA:197,0
DA:198,0
DA:200,9
DA:201,9
DA:202,9
DA:203,9
DA:204,9
DA:205,9
DA:206,9
DA:207,9
DA:208,9
DA:209,9
DA:211,9
DA:212,9
DA:213,18
DA:214,18
DA:216,9
DA:217,0
DA:218,0
DA:219,0
DA:220,0
DA:221,0
DA:222,0
DA:223,0
DA:224,0
DA:225,0
DA:226,0
DA:227,0
DA:228,0
DA:229,0
DA:231,9
DA:232,9
DA:233,9
DA:234,9
DA:236,9
DA:237,9
DA:238,9
DA:239,9
DA:240,9
DA:242,9
DA:243,9
DA:244,9
DA:245,9
DA:246,9
DA:247,9
DA:248,9
DA:249,9
DA:250,9
DA:251,9
DA:252,9
DA:253,9
DA:254,9
DA:255,9
DA:256,9
DA:258,9
DA:259,9
DA:261,9
DA:262,9
DA:263,9
DA:264,9
DA:265,9
DA:266,9
DA:267,9
DA:268,9
DA:269,9
DA:271,9
DA:272,9
DA:273,0
DA:274,9
DA:275,9
DA:276,9
DA:278,9
DA:279,9
DA:280,9
DA:281,9
DA:282,9
DA:283,0
DA:284,0
DA:285,0
DA:286,9
DA:287,9
DA:288,9
DA:289,9
DA:291,9
DA:292,9
DA:293,0
DA:294,0
DA:295,0
DA:296,0
DA:297,9
DA:298,0
DA:299,0
DA:300,0
DA:301,9
DA:302,0
DA:303,0
DA:304,0
DA:305,9
DA:306,9
DA:307,9
DA:309,9
DA:310,9
DA:312,9
DA:313,9
DA:314,9
DA:315,9
DA:316,9
DA:317,9
DA:318,9
DA:319,9
DA:320,9
DA:321,9
DA:322,9
DA:323,9
DA:324,9
DA:325,9
DA:326,9
DA:327,9
DA:328,9
DA:330,9
DA:331,9
DA:333,9
DA:334,9
DA:335,9
DA:336,9
DA:337,9
DA:338,9
DA:339,9
DA:340,9
DA:341,9
DA:342,9
DA:344,9
DA:345,9
DA:346,9
DA:347,9
DA:348,9
DA:349,9
DA:351,9
DA:352,0
DA:353,0
DA:354,0
DA:355,0
DA:356,0
DA:358,9
DA:359,9
DA:360,9
DA:361,9
DA:362,9
DA:363,0
DA:364,0
DA:365,9
DA:366,0
DA:367,0
DA:368,9
DA:369,0
DA:370,0
DA:372,9
DA:373,9
DA:374,9
DA:375,9
DA:376,9
DA:377,9
DA:379,9
DA:380,0
DA:381,0
DA:382,0
DA:383,0
DA:384,0
DA:385,0
DA:387,9
DA:388,9
DA:390,10
DA:391,10
DA:392,10
DA:393,10
DA:394,10
DA:395,10
DA:396,10
DA:397,10
DA:398,10
DA:399,10
DA:400,10
DA:401,10
DA:402,10
DA:403,10
DA:404,10
DA:405,10
DA:406,10
DA:407,10
DA:408,10
DA:409,10
DA:410,10
DA:411,10
DA:412,10
DA:413,10
DA:414,10
DA:415,10
DA:416,10
DA:417,10
DA:418,10
DA:419,10
DA:420,10
DA:421,10
DA:422,10
DA:423,10
DA:424,10
DA:425,10
DA:426,10
DA:427,10
DA:428,10
DA:429,10
DA:430,10
DA:431,10
DA:432,10
DA:433,10
DA:434,10
DA:435,10
DA:436,10
DA:437,10
DA:438,10
DA:439,10
DA:440,10
DA:441,10
DA:442,10
DA:443,10
DA:444,10
DA:445,10
DA:446,10
DA:447,10
DA:448,10
DA:449,10
DA:450,10
DA:451,10
DA:453,10
DA:454,10
DA:456,10
DA:457,10
DA:458,10
DA:459,10
DA:460,10
DA:461,10
DA:462,10
DA:463,10
DA:464,10
DA:465,10
DA:466,10
DA:467,10
DA:468,10
DA:469,10
DA:470,10
DA:471,10
DA:472,10
DA:473,10
DA:474,10
DA:475,10
DA:476,10
DA:477,10
DA:478,10
DA:479,10
DA:480,10
DA:481,10
DA:482,10
DA:483,10
DA:484,10
DA:485,10
DA:486,10
DA:487,10
DA:488,10
DA:489,10
DA:490,10
DA:491,10
DA:492,10
DA:493,10
DA:494,10
DA:495,10
DA:496,10
DA:497,10
DA:498,10
DA:499,10
DA:500,10
DA:501,10
DA:502,10
DA:503,10
DA:504,10
DA:505,10
DA:506,10
DA:507,10
DA:508,10
DA:509,10
DA:510,10
DA:511,10
DA:512,10
DA:513,10
DA:514,10
DA:515,10
DA:516,10
DA:517,10
DA:518,10
DA:520,10
DA:521,10
DA:523,10
DA:524,10
DA:525,10
DA:526,10
DA:527,10
DA:528,10
DA:529,10
DA:530,10
DA:531,10
DA:532,10
DA:533,10
DA:534,10
DA:535,10
DA:536,10
DA:537,10
DA:538,10
DA:539,10
DA:540,10
DA:541,10
DA:542,10
DA:543,10
DA:544,10
DA:545,10
DA:546,10
DA:547,10
DA:548,10
DA:549,10
DA:550,10
DA:551,10
DA:552,10
DA:553,10
DA:554,10
DA:555,10
DA:556,10
DA:557,10
DA:558,10
DA:559,10
DA:560,10
DA:562,10
DA:563,10
DA:565,2
DA:566,2
DA:567,2
DA:568,4
DA:569,4
DA:570,4
DA:571,4
DA:572,126
DA:573,16
DA:574,16
DA:575,16
DA:576,126
DA:577,110
DA:578,110
DA:579,126
DA:580,4
DA:581,4
DA:582,4
DA:583,2
DA:584,2
DA:585,2
DA:586,2
DA:587,10
DA:588,10
DA:589,2
DA:590,10
DA:591,10
DA:592,2
DA:593,2
DA:601,1
DA:602,10
DA:603,10
DA:604,10
DA:605,10
DA:606,10
DA:608,10
DA:609,10
DA:610,10
DA:612,10
DA:615,10
DA:616,10
DA:617,10
DA:618,0
DA:619,0
DA:621,10
DA:622,10
DA:623,9
DA:624,9
DA:629,10
DA:630,10
DA:631,9
DA:632,9
DA:633,9
DA:635,10
DA:636,10
DA:637,9
DA:638,9
DA:639,9
DA:641,10
DA:643,10
DA:644,10
DA:645,9
DA:646,9
DA:648,10
DA:649,10
DA:650,10
DA:651,10
DA:653,10
DA:654,10
DA:655,10
DA:656,10
DA:658,10
DA:659,10
DA:660,9
DA:661,9
DA:662,9
DA:663,9
DA:664,9
DA:665,9
DA:666,9
DA:667,9
DA:668,9
DA:669,9
DA:670,9
DA:672,10
DA:673,10
DA:676,9
DA:677,9
DA:678,9
DA:679,9
DA:680,9
DA:681,9
DA:682,9
DA:683,9
DA:684,9
DA:685,9
DA:686,9
DA:687,9
DA:688,9
DA:689,9
DA:690,9
DA:691,9
DA:692,9
DA:693,9
DA:694,9
DA:695,9
DA:696,9
DA:697,9
DA:698,9
DA:699,9
DA:700,9
DA:701,9
DA:702,9
DA:703,9
DA:706,10
DA:707,10
DA:710,10
DA:711,10
DA:713,10
DA:714,10
DA:715,10
DA:716,10
DA:717,10
DA:718,10
DA:719,10
DA:720,10
DA:722,10
DA:723,10
DA:724,10
DA:725,10
DA:726,10
DA:727,10
DA:728,10
DA:729,10
DA:730,10
DA:731,10
DA:733,10
DA:734,10
DA:737,10
DA:738,10
DA:739,10
DA:740,9
DA:741,9
DA:742,10
DA:744,10
DA:745,10
DA:748,9
DA:749,9
DA:750,9
DA:751,9
DA:754,9
DA:755,9
DA:756,9
DA:758,9
DA:759,9
DA:760,9
DA:761,9
DA:762,9
DA:763,9
DA:764,9
DA:765,9
DA:768,9
DA:770,9
DA:772,9
DA:773,9
DA:774,9
DA:775,9
DA:776,9
DA:777,9
DA:778,9
DA:779,9
DA:780,9
DA:781,9
DA:782,9
DA:783,9
DA:784,9
DA:785,9
DA:786,9
DA:787,9
DA:788,9
DA:789,9
DA:790,9
DA:791,9
DA:792,9
DA:793,9
DA:794,9
DA:795,9
DA:796,9
DA:797,9
DA:798,9
DA:799,9
DA:800,9
DA:801,9
DA:802,9
DA:803,9
DA:804,9
DA:805,9
DA:806,9
DA:807,9
DA:808,9
DA:809,9
DA:810,9
DA:811,9
LF:699
LH:632
BRDA:22,0,0,10
BRDA:26,1,0,9
BRDA:41,2,0,72
BRDA:45,3,0,36
BRDA:46,4,0,18
BRDA:48,5,0,0
BRDA:48,6,0,18
BRDA:52,7,0,164
BRDA:56,8,0,20
BRDA:57,9,0,0
BRDA:73,10,0,10
BRDA:83,11,0,0
BRDA:84,12,0,0
BRDA:85,13,0,0
BRDA:89,14,0,0
BRDA:93,15,0,0
BRDA:95,16,0,2
BRDA:96,17,0,2
BRDA:97,18,0,2
BRDA:99,19,0,8
BRDA:99,20,0,0
BRDA:100,21,0,8
BRDA:100,22,0,0
BRDA:101,23,0,8
BRDA:101,24,0,0
BRDA:102,25,0,0
BRDA:104,26,0,0
BRDA:105,27,0,0
BRDA:106,28,0,0
BRDA:107,29,0,0
BRDA:76,30,0,60
BRDA:78,31,0,6
BRDA:112,32,0,9
BRDA:133,33,0,5
BRDA:135,34,0,4
BRDA:136,35,0,6
BRDA:168,36,0,0
BRDA:178,37,0,9
BRDA:193,38,0,0
BRDA:202,39,0,0
BRDA:203,40,0,0
BRDA:204,41,0,0
BRDA:205,42,0,0
BRDA:206,43,0,0
BRDA:207,44,0,0
BRDA:208,45,0,0
BRDA:209,46,0,0
BRDA:212,47,0,18
BRDA:216,48,0,0
BRDA:216,49,0,0
BRDA:248,50,0,0
BRDA:187,51,0,18
BRDA:233,52,0,9
BRDA:234,53,0,9
BRDA:246,54,0,9
BRDA:261,55,0,9
BRDA:272,56,0,0
BRDA:282,57,0,0
BRDA:292,58,0,0
BRDA:292,59,0,0
BRDA:297,60,0,0
BRDA:297,61,0,0
BRDA:301,62,0,0
BRDA:301,63,0,0
BRDA:316,64,0,9
BRDA:333,65,0,9
BRDA:351,66,0,0
BRDA:351,67,0,0
BRDA:351,68,0,0
BRDA:362,69,0,0
BRDA:365,70,0,0
BRDA:368,71,0,0
BRDA:379,72,0,0
BRDA:390,73,0,10
BRDA:456,74,0,10
BRDA:523,75,0,10
BRDA:565,76,0,2
BRDA:566,77,0,0
BRDA:585,78,0,0
BRDA:586,79,0,10
BRDA:587,80,0,8
BRDA:589,81,0,10
BRDA:590,82,0,8
BRDA:590,83,0,0
BRDA:567,84,0,4
BRDA:571,85,0,126
BRDA:572,86,0,16
BRDA:576,87,0,110
BRDA:601,88,0,10
BRDA:602,89,0,9
BRDA:602,90,0,1
BRDA:617,91,0,0
BRDA:617,92,0,0
BRDA:622,93,0,9
BRDA:630,94,0,6
BRDA:630,95,0,9
BRDA:632,96,0,1
BRDA:632,97,0,8
BRDA:636,98,0,6
BRDA:636,99,0,9
BRDA:638,100,0,1
BRDA:638,101,0,8
BRDA:644,102,0,9
BRDA:659,103,0,9
BRDA:673,104,0,9
BRDA:717,105,0,0
BRDA:722,106,0,1
BRDA:722,107,0,9
BRDA:723,108,0,1
BRDA:723,109,0,9
BRDA:724,110,0,1
BRDA:724,111,0,9
BRDA:725,112,0,1
BRDA:725,113,0,9
BRDA:726,114,0,1
BRDA:726,115,0,9
BRDA:727,116,0,1
BRDA:727,117,0,9
BRDA:728,118,0,1
BRDA:728,119,0,9
BRDA:729,120,0,1
BRDA:729,121,0,9
BRDA:730,122,0,1
BRDA:730,123,0,9
BRDA:739,124,0,9
BRDA:609,125,0,120
BRDA:610,126,0,50
BRDA:610,127,0,30
BRDA:700,128,0,18
BRDA:748,129,0,9
BRDA:749,130,0,0
BRDA:754,131,0,0
BRDA:755,132,0,0
BRDA:756,133,0,0
BRDA:760,134,0,0
BRDA:786,135,0,0
BRDA:770,136,0,18
BRDA:779,137,0,54
BRF:138
BRH:83
end_of_record
TN:
SF:src\generators\instructions.ts
FN:10,readTemplate
FN:18,readFrameworkTemplate
FN:22,buildStackSummary
FN:30,buildKeyFilesList
FN:34,buildBuildCommandsSection
FN:59,buildPersonaDirective
FN:65,fillTemplate
FN:99,enforceSizeCap
FN:116,generatePathSpecificInstructions
FN:228,buildPersistentRulesSection
FN:293,generateInstructions
FNF:11
FNH:11
FNDA:11,readTemplate
FNDA:1,readFrameworkTemplate
FNDA:10,buildStackSummary
FNDA:10,buildKeyFilesList
FNDA:10,buildBuildCommandsSection
FNDA:10,buildPersonaDirective
FNDA:10,fillTemplate
FNDA:10,enforceSizeCap
FNDA:10,generatePathSpecificInstructions
FNDA:10,buildPersistentRulesSection
FNDA:10,generateInstructions
DA:1,1
DA:7,1
DA:8,1
DA:10,11
DA:11,11
DA:12,11
DA:13,11
DA:14,0
DA:15,0
DA:16,11
DA:18,1
DA:19,1
DA:20,1
DA:22,10
DA:23,10
DA:24,10
DA:25,10
DA:26,10
DA:27,10
DA:28,10
DA:30,10
DA:31,10
DA:32,10
DA:34,10
DA:35,10
DA:36,10
DA:38,1
DA:39,1
DA:42,1
DA:43,10
DA:44,5
DA:45,5
DA:47,10
DA:48,4
DA:49,0
DA:50,0
DA:51,4
DA:53,10
DA:54,4
DA:55,4
DA:56,1
DA:57,1
DA:59,10
DA:60,10
DA:61,10
DA:62,9
DA:63,9
DA:65,10
DA:66,10
DA:67,10
DA:68,10
DA:69,10
DA:70,10
DA:71,10
DA:73,10
DA:74,10
DA:75,10
DA:76,10
DA:77,10
DA:78,10
DA:79,10
DA:80,10
DA:81,10
DA:82,10
DA:83,10
DA:84,10
DA:85,10
DA:86,10
DA:87,10
DA:88,10
DA:89,10
DA:99,10
DA:100,10
DA:101,10
DA:104,1
DA:105,10
DA:106,0
DA:107,0
DA:108,0
DA:111,1
DA:112,1
DA:113,1
DA:116,10
DA:117,10
DA:118,10
DA:119,10
DA:120,10
DA:121,10
DA:124,10
DA:125,10
DA:126,10
DA:127,0
DA:128,0
DA:129,0
DA:130,0
DA:131,0
DA:132,0
DA:133,0
DA:134,0
DA:135,0
DA:136,0
DA:137,0
DA:138,0
DA:139,0
DA:140,0
DA:141,0
DA:142,0
DA:143,0
DA:144,0
DA:145,0
DA:148,10
DA:149,10
DA:150,10
DA:151,0
DA:152,0
DA:153,0
DA:154,0
DA:155,0
DA:156,0
DA:157,0
DA:158,0
DA:159,0
DA:160,0
DA:161,0
DA:162,0
DA:163,0
DA:164,0
DA:165,0
DA:166,0
DA:167,0
DA:168,0
DA:169,0
DA:172,10
DA:173,10
DA:174,60
DA:175,60
DA:176,60
DA:177,60
DA:178,10
DA:179,10
DA:180,10
DA:181,0
DA:182,0
DA:183,0
DA:184,0
DA:185,0
DA:186,0
DA:187,0
DA:188,0
DA:189,0
DA:190,0
DA:191,0
DA:192,0
DA:193,0
DA:194,0
DA:195,0
DA:196,0
DA:197,0
DA:198,0
DA:199,0
DA:202,10
DA:203,10
DA:204,10
DA:205,0
DA:206,0
DA:207,0
DA:208,0
DA:209,0
DA:210,0
DA:211,0
DA:212,0
DA:213,0
DA:214,0
DA:215,0
DA:216,0
DA:217,0
DA:218,0
DA:219,0
DA:220,0
DA:221,0
DA:222,0
DA:224,10
DA:225,10
DA:228,10
DA:229,10
DA:230,10
DA:233,10
DA:234,0
DA:235,10
DA:236,0
DA:237,10
DA:238,0
DA:239,10
DA:240,0
DA:241,0
DA:243,10
DA:244,10
DA:245,40
DA:246,0
DA:247,0
DA:248,0
DA:249,40
DA:252,10
DA:253,10
DA:254,50
DA:255,0
DA:256,0
DA:257,0
DA:258,50
DA:261,10
DA:262,10
DA:263,40
DA:264,0
DA:265,0
DA:266,0
DA:267,40
DA:270,10
DA:271,0
DA:272,0
DA:275,10
DA:276,10
DA:277,10
DA:279,10
DA:280,10
DA:282,10
DA:283,10
DA:284,10
DA:285,10
DA:286,10
DA:287,10
DA:288,10
DA:289,10
DA:290,10
DA:293,1
DA:294,10
DA:295,10
DA:297,10
DA:300,10
DA:301,10
DA:302,1
DA:303,1
DA:305,10
DA:307,10
DA:310,10
DA:311,10
DA:312,10
DA:313,10
DA:314,10
DA:317,10
DA:319,10
DA:321,10
DA:324,10
DA:325,9
DA:326,9
DA:331,10
DA:333,10
DA:334,10
DA:335,10
DA:336,10
DA:337,10
DA:338,10
DA:339,10
DA:340,10
DA:341,10
DA:342,10
DA:343,10
DA:344,10
DA:345,10
DA:346,10
DA:347,10
DA:348,10
DA:349,10
DA:350,10
DA:351,10
DA:352,10
DA:353,10
DA:354,10
DA:355,10
DA:356,10
DA:357,10
DA:358,10
DA:359,10
DA:360,10
DA:361,10
DA:362,10
DA:363,10
DA:364,10
DA:365,10
DA:366,10
DA:367,10
DA:368,10
DA:369,10
DA:370,10
DA:371,10
DA:372,10
DA:373,10
DA:374,10
DA:375,10
DA:376,10
DA:377,10
DA:378,10
DA:379,10
DA:380,10
DA:381,10
DA:382,10
DA:383,10
DA:384,10
DA:385,10
DA:386,10
DA:387,10
DA:388,10
DA:389,10
DA:390,10
DA:391,10
DA:392,10
DA:393,10
DA:394,10
DA:395,10
DA:396,10
DA:397,10
DA:398,10
DA:399,10
DA:400,10
DA:401,10
DA:402,10
DA:403,10
DA:404,10
DA:405,10
DA:406,10
DA:407,10
DA:408,10
DA:409,10
DA:410,10
DA:411,10
DA:412,10
DA:413,10
DA:414,10
DA:415,10
DA:416,10
DA:417,10
DA:418,10
DA:419,10
DA:420,10
DA:422,10
DA:423,10
DA:425,10
DA:428,10
DA:429,10
DA:430,10
DA:431,10
DA:433,10
DA:434,10
LF:352
LH:254
BRDA:10,0,0,11
BRDA:13,1,0,0
BRDA:18,2,0,1
BRDA:22,3,0,10
BRDA:30,4,0,10
BRDA:31,5,0,20
BRDA:34,6,0,10
BRDA:36,7,0,2
BRDA:36,8,0,9
BRDA:36,9,0,1
BRDA:43,10,0,5
BRDA:44,11,0,4
BRDA:45,12,0,1
BRDA:47,13,0,4
BRDA:48,14,0,0
BRDA:48,15,0,0
BRDA:51,16,0,1
BRDA:53,17,0,4
BRDA:55,18,0,1
BRDA:36,19,0,4
BRDA:59,20,0,10
BRDA:60,21,0,1
BRDA:61,22,0,1
BRDA:61,23,0,9
BRDA:65,24,0,10
BRDA:66,25,0,9
BRDA:78,26,0,0
BRDA:66,27,0,1
BRDA:99,28,0,10
BRDA:101,29,0,9
BRDA:101,30,0,1
BRDA:105,31,0,0
BRDA:108,32,0,1
BRDA:116,33,0,10
BRDA:120,34,0,1
BRDA:120,35,0,9
BRDA:126,36,0,0
BRDA:150,37,0,0
BRDA:179,38,0,0
BRDA:180,39,0,0
BRDA:204,40,0,0
BRDA:125,41,0,60
BRDA:149,42,0,60
BRDA:173,43,0,60
BRDA:177,44,0,0
BRDA:175,45,0,60
BRDA:203,46,0,40
BRDA:228,47,0,10
BRDA:233,48,0,0
BRDA:235,49,0,0
BRDA:237,50,0,0
BRDA:239,51,0,0
BRDA:244,52,0,40
BRDA:245,53,0,0
BRDA:253,54,0,50
BRDA:254,55,0,0
BRDA:262,56,0,40
BRDA:263,57,0,0
BRDA:270,58,0,0
BRDA:280,59,0,0
BRDA:288,60,0,10
BRDA:293,61,0,10
BRDA:295,62,0,0
BRDA:301,63,0,1
BRDA:307,64,0,9
BRDA:310,65,0,0
BRDA:324,66,0,1
BRDA:324,67,0,9
BRDA:428,68,0,0
BRDA:305,69,0,1
BRF:70
BRH:47
end_of_record
TN:
SF:src\generators\mcp.ts
FN:30,writeMcpServerConfig
FN:56,generateMcpJson
FNF:2
FNH:2
FNDA:6,writeMcpServerConfig
FNDA:3,generateMcpJson
DA:1,1
DA:30,1
DA:31,6
DA:32,6
DA:33,6
DA:34,1
DA:35,1
DA:36,1
DA:37,1
DA:39,6
DA:40,6
DA:41,6
DA:42,6
DA:43,6
DA:44,6
DA:45,6
DA:46,6
DA:47,6
DA:48,6
DA:50,6
DA:51,6
DA:52,6
DA:53,6
DA:56,1
DA:58,3
DA:63,3
DA:66,3
DA:68,3
DA:70,2
DA:71,2
DA:72,3
DA:74,1
DA:75,1
DA:76,1
DA:80,3
DA:81,3
LF:36
LH:36
BRDA:30,0,0,6
BRDA:33,1,0,1
BRDA:36,2,0,0
BRDA:39,3,0,5
BRDA:42,4,0,1
BRDA:42,5,0,5
BRDA:43,6,0,1
BRDA:43,7,0,5
BRDA:44,8,0,1
BRDA:56,9,0,3
BRDA:58,10,0,1
BRDA:68,11,0,2
BRDA:72,12,0,1
BRF:13
BRH:12
end_of_record
TN:
SF:src\generators\prompts.ts
FN:20,buildPrompts
FN:416,generatePrompts
FNF:2
FNH:2
FNDA:1,buildPrompts
FNDA:1,generatePrompts
DA:1,1
DA:6,1
DA:20,1
DA:21,1
DA:22,1
DA:23,1
DA:24,1
DA:25,1
DA:26,1
DA:27,1
DA:28,1
DA:29,1
DA:30,1
DA:31,1
DA:32,1
DA:33,1
DA:34,1
DA:35,1
DA:36,1
DA:37,1
DA:38,1
DA:39,1
DA:40,1
DA:41,1
DA:43,1
DA:44,0
DA:45,0
DA:46,0
DA:47,0
DA:48,0
DA:55,0
DA:57,0
DA:58,0
DA:59,0
DA:60,0
DA:61,0
DA:69,0
DA:70,0
DA:72,1
DA:73,0
DA:74,0
DA:75,0
DA:76,0
DA:77,0
DA:84,0
DA:85,0
DA:87,1
DA:88,0
DA:89,0
DA:90,0
DA:91,0
DA:92,0
DA:99,0
DA:100,0
DA:102,1
DA:103,0
DA:104,0
DA:105,0
DA:106,0
DA:107,0
DA:113,0
DA:114,0
DA:116,1
DA:117,0
DA:118,0
DA:119,0
DA:120,0
DA:121,0
DA:128,0
DA:129,0
DA:131,1
DA:132,0
DA:133,0
DA:134,0
DA:135,0
DA:136,0
DA:142,0
DA:143,0
DA:145,1
DA:146,0
DA:147,0
DA:148,0
DA:149,0
DA:150,0
DA:156,0
DA:157,0
DA:159,1
DA:160,0
DA:161,0
DA:162,0
DA:163,0
DA:164,0
DA:170,0
DA:171,0
DA:173,1
DA:174,0
DA:175,0
DA:176,0
DA:177,0
DA:178,0
DA:184,0
DA:185,0
DA:187,1
DA:188,0
DA:189,0
DA:190,0
DA:191,0
DA:192,0
DA:198,0
DA:199,0
DA:201,1
DA:202,0
DA:203,0
DA:204,0
DA:205,0
DA:206,0
DA:214,0
DA:215,0
DA:217,1
DA:218,0
DA:219,0
DA:220,0
DA:221,0
DA:222,0
DA:230,0
DA:231,0
DA:233,1
DA:234,0
DA:235,0
DA:236,0
DA:237,0
DA:238,0
DA:245,0
DA:246,0
DA:248,1
DA:249,0
DA:250,0
DA:251,0
DA:252,0
DA:253,0
DA:260,0
DA:261,0
DA:263,1
DA:264,0
DA:265,0
DA:266,0
DA:267,0
DA:268,0
DA:276,0
DA:277,0
DA:280,1
DA:281,1
DA:282,1
DA:283,1
DA:284,1
DA:292,1
DA:294,1
DA:295,1
DA:296,1
DA:297,1
DA:298,1
DA:306,1
DA:308,1
DA:309,1
DA:310,1
DA:311,1
DA:312,1
DA:320,1
DA:322,1
DA:323,1
DA:324,1
DA:325,1
DA:326,1
DA:334,1
DA:336,1
DA:337,1
DA:338,1
DA:339,1
DA:340,1
DA:355,1
DA:357,1
DA:358,1
DA:359,1
DA:360,1
DA:361,1
DA:372,1
DA:375,1
DA:376,1
DA:377,1
DA:378,1
DA:379,1
DA:387,1
DA:389,1
DA:390,1
DA:391,1
DA:392,1
DA:393,1
DA:397,1
DA:403,1
DA:405,1
DA:406,1
DA:416,1
DA:417,1
DA:418,1
DA:420,1
DA:421,1
DA:422,0
DA:423,0
DA:424,0
DA:426,0
DA:427,0
DA:429,1
DA:430,1
DA:432,1
DA:433,1
DA:434,1
DA:435,8
DA:436,8
DA:437,8
DA:438,8
DA:439,8
DA:440,8
DA:442,8
DA:443,0
DA:444,0
DA:445,0
DA:446,8
DA:448,1
DA:449,1
DA:450,0
DA:451,0
DA:452,0
DA:453,0
DA:454,0
DA:455,0
DA:457,1
DA:459,1
DA:460,1
DA:461,1
LF:239
LH:114
BRDA:20,0,0,1
BRDA:43,1,0,0
BRDA:72,2,0,0
BRDA:87,3,0,0
BRDA:102,4,0,0
BRDA:116,5,0,0
BRDA:131,6,0,0
BRDA:145,7,0,0
BRDA:159,8,0,0
BRDA:173,9,0,0
BRDA:187,10,0,0
BRDA:201,11,0,0
BRDA:217,12,0,0
BRDA:233,13,0,0
BRDA:248,14,0,0
BRDA:263,15,0,0
BRDA:397,16,0,0
BRDA:397,17,0,0
BRDA:41,18,0,1
BRDA:416,19,0,1
BRDA:421,20,0,0
BRDA:434,21,0,8
BRDA:440,22,0,0
BRDA:442,23,0,0
BRDA:442,24,0,0
BRDA:449,25,0,0
BRDA:457,26,0,0
BRDA:448,27,0,8
BRF:28
BRH:5
end_of_record
TN:
SF:src\generators\skills.ts
FN:16,buildSkillSpecs
FN:26,add
FN:150,generateSkillsWithOptions
FN:222,generateSkills
FN:239,getBundledSkillSourceDir
FN:248,deployBundledSkills
FNF:6
FNH:4
FNDA:1,buildSkillSpecs
FNDA:1,add
FNDA:4,generateSkillsWithOptions
FNDA:4,generateSkills
FNDA:0,getBundledSkillSourceDir
FNDA:0,deployBundledSkills
DA:1,1
DA:7,1
DA:8,1
DA:16,1
DA:17,1
DA:18,1
DA:19,1
DA:20,1
DA:21,1
DA:22,1
DA:24,1
DA:26,1
DA:27,1
DA:28,1
DA:29,1
DA:30,1
DA:31,1
DA:32,1
DA:33,1
DA:34,1
DA:35,1
DA:38,1
DA:39,0
DA:40,0
DA:43,1
DA:45,1
DA:46,2
DA:47,1
DA:48,1
DA:49,1
DA:50,0
DA:51,1
DA:52,1
DA:53,1
DA:54,1
DA:57,1
DA:58,0
DA:59,0
DA:60,0
DA:61,0
DA:62,0
DA:65,1
DA:66,0
DA:67,0
DA:68,0
DA:69,0
DA:70,0
DA:73,1
DA:74,0
DA:75,0
DA:76,0
DA:77,0
DA:78,0
DA:79,0
DA:80,0
DA:81,0
DA:82,0
DA:85,1
DA:86,0
DA:87,0
DA:88,0
DA:89,0
DA:90,0
DA:93,1
DA:94,0
DA:95,0
DA:98,1
DA:99,0
DA:100,0
DA:103,1
DA:104,0
DA:105,0
DA:108,1
DA:109,0
DA:110,0
DA:113,1
DA:114,0
DA:115,0
DA:118,1
DA:119,0
DA:120,0
DA:123,1
DA:124,0
DA:125,0
DA:128,1
DA:129,0
DA:130,0
DA:133,1
DA:134,0
DA:135,0
DA:138,1
DA:139,0
DA:140,0
DA:142,1
DA:143,1
DA:150,4
DA:151,4
DA:152,4
DA:153,4
DA:154,4
DA:155,4
DA:156,4
DA:158,4
DA:161,3
DA:162,2
DA:163,2
DA:164,2
DA:165,2
DA:166,2
DA:168,2
DA:169,2
DA:170,2
DA:171,2
DA:172,2
DA:173,3
DA:174,3
DA:176,1
DA:177,1
DA:179,1
DA:180,1
DA:183,1
DA:184,0
DA:185,0
DA:186,0
DA:188,1
DA:190,1
DA:191,2
DA:192,2
DA:195,1
DA:197,1
DA:198,1
DA:199,1
DA:203,4
DA:204,0
DA:205,0
DA:206,0
DA:207,0
DA:208,0
DA:209,0
DA:210,0
DA:211,0
DA:213,0
DA:214,0
DA:215,0
DA:216,0
DA:217,0
DA:219,1
DA:220,1
DA:222,4
DA:223,4
DA:224,4
DA:225,4
DA:226,4
DA:227,4
DA:228,4
DA:229,4
DA:230,4
DA:231,4
DA:235,1
DA:236,1
DA:237,1
DA:239,0
DA:241,0
DA:242,0
DA:248,0
DA:249,0
DA:250,0
DA:251,0
DA:252,0
DA:254,0
DA:255,0
DA:256,0
DA:258,0
DA:259,0
DA:260,0
DA:262,0
DA:263,0
DA:264,0
DA:266,0
DA:267,0
DA:268,0
DA:269,0
DA:271,0
DA:272,0
LF:184
LH:98
BRDA:16,0,0,1
BRDA:38,1,0,0
BRDA:49,2,0,0
BRDA:57,3,0,0
BRDA:65,4,0,0
BRDA:73,5,0,0
BRDA:85,6,0,0
BRDA:93,7,0,0
BRDA:98,8,0,0
BRDA:103,9,0,0
BRDA:108,10,0,0
BRDA:113,11,0,0
BRDA:118,12,0,0
BRDA:123,13,0,0
BRDA:128,14,0,0
BRDA:133,15,0,0
BRDA:138,16,0,0
BRDA:19,17,0,1
BRDA:21,18,0,1
BRDA:21,19,0,5
BRDA:22,20,0,1
BRDA:22,21,0,4
BRDA:26,22,0,1
BRDA:38,23,0,1
BRDA:43,24,0,1
BRDA:43,25,0,1
BRDA:45,26,0,2
BRDA:108,27,0,1
BRDA:113,28,0,1
BRDA:123,29,0,1
BRDA:128,30,0,1
BRDA:133,31,0,1
BRDA:138,32,0,1
BRDA:150,33,0,4
BRDA:158,34,0,3
BRDA:161,35,0,2
BRDA:161,36,0,2
BRDA:174,37,0,1
BRDA:183,38,0,0
BRDA:183,39,0,0
BRDA:190,40,0,2
BRDA:203,41,0,0
BRDA:203,42,0,0
BRDA:217,43,0,1
BRDA:162,44,0,2
BRDA:222,45,0,4
BRDA:228,46,0,0
BRDA:229,47,0,0
BRF:48
BRH:26
end_of_record
TN:
SF:src\generators\utils.ts
FN:10,setVerboseMode
FN:24,writeIfChanged
FN:48,findUnresolvedPlaceholders
FN:59,applyFallbacks
FN:76,getManifestPath
FN:80,readManifest
FN:93,writeManifest
FN:115,makeFileDiff
FN:122,recordResult
FN:133,toRepoRelative
FN:138,sha256
FN:148,resolveTemplatesDir
FNF:12
FNH:2
FNDA:0,setVerboseMode
FNDA:137,writeIfChanged
FNDA:0,findUnresolvedPlaceholders
FNDA:0,applyFallbacks
FNDA:0,getManifestPath
FNDA:0,readManifest
FNDA:0,writeManifest
FNDA:0,makeFileDiff
FNDA:0,recordResult
FNDA:0,toRepoRelative
FNDA:0,sha256
FNDA:4,resolveTemplatesDir
DA:1,1
DA:7,1
DA:10,1
DA:11,0
DA:12,0
DA:24,1
DA:25,137
DA:27,137
DA:28,11
DA:29,11
DA:30,7
DA:31,7
DA:32,7
DA:33,11
DA:35,130
DA:36,137
DA:37,130
DA:38,130
DA:42,1
DA:48,1
DA:49,0
DA:50,0
DA:51,0
DA:52,0
DA:59,1
DA:60,0
DA:61,0
DA:62,0
DA:63,0
DA:74,1
DA:76,1
DA:77,0
DA:78,0
DA:80,1
DA:81,0
DA:82,0
DA:83,0
DA:84,0
DA:85,0
DA:86,0
DA:87,0
DA:93,1
DA:94,0
DA:95,0
DA:96,0
DA:97,0
DA:98,0
DA:100,0
DA:101,0
DA:102,0
DA:103,0
DA:104,0
DA:105,0
DA:115,1
DA:116,0
DA:117,0
DA:122,1
DA:123,0
DA:124,0
DA:125,0
DA:126,0
DA:127,0
DA:128,0
DA:133,1
DA:134,0
DA:135,0
DA:138,1
DA:139,0
DA:140,0
DA:148,1
DA:149,4
DA:150,4
DA:151,4
DA:152,4
DA:154,4
DA:155,4
DA:156,4
DA:157,4
DA:158,4
DA:161,0
DA:162,0
LF:81
LH:37
BRDA:24,0,0,137
BRDA:27,1,0,11
BRDA:29,2,0,7
BRDA:30,3,0,0
BRDA:33,4,0,130
BRDA:36,5,0,0
BRDA:36,6,0,130
BRDA:148,7,0,4
BRDA:158,8,0,0
BRF:9
BRH:6
end_of_record
TN:
SF:src\generators\workflows.ts
FN:9,generateWorkflows
FN:11,track
FN:24,getUpdateCheckWorkflowContent
FNF:3
FNH:3
FNDA:4,generateWorkflows
FNDA:3,track
FNDA:3,getUpdateCheckWorkflowContent
DA:1,1
DA:9,1
DA:10,4
DA:11,4
DA:12,3
DA:13,3
DA:14,3
DA:16,4
DA:17,3
DA:18,3
DA:19,3
DA:21,4
DA:22,4
DA:24,3
DA:25,3
DA:100,3
LF:16
LH:16
BRDA:9,0,0,4
BRDA:16,1,0,1
BRDA:16,2,0,3
BRDA:11,3,0,3
BRDA:24,4,0,3
BRF:5
BRH:5
end_of_record
TN:
SF:src\mcp-server\index.ts
FN:1,(empty-report)
FNF:1
FNH:0
FNDA:0,(empty-report)
DA:1,0
DA:14,0
DA:15,0
DA:48,0
DA:82,0
DA:83,0
DA:84,0
DA:85,0
DA:86,0
DA:88,0
DA:89,0
DA:91,0
DA:92,0
DA:93,0
DA:94,0
DA:96,0
DA:97,0
DA:98,0
DA:99,0
DA:101,0
DA:102,0
DA:103,0
DA:104,0
DA:106,0
DA:107,0
DA:109,0
DA:110,0
DA:112,0
DA:113,0
DA:114,0
DA:115,0
DA:116,0
DA:117,0
DA:118,0
DA:119,0
DA:120,0
DA:121,0
DA:122,0
DA:123,0
DA:124,0
DA:125,0
DA:126,0
DA:127,0
DA:128,0
DA:129,0
DA:130,0
DA:131,0
DA:132,0
DA:133,0
DA:134,0
DA:135,0
DA:136,0
DA:137,0
DA:138,0
DA:139,0
DA:140,0
DA:141,0
DA:142,0
DA:143,0
DA:144,0
DA:145,0
DA:146,0
DA:147,0
DA:148,0
DA:149,0
DA:150,0
DA:151,0
DA:152,0
DA:153,0
DA:154,0
DA:155,0
DA:156,0
DA:157,0
DA:158,0
DA:159,0
DA:160,0
DA:161,0
DA:162,0
DA:163,0
DA:164,0
DA:165,0
DA:166,0
DA:167,0
DA:168,0
DA:169,0
DA:170,0
DA:171,0
DA:172,0
DA:173,0
DA:174,0
DA:175,0
DA:176,0
DA:177,0
DA:178,0
DA:179,0
DA:180,0
DA:181,0
DA:182,0
DA:183,0
DA:184,0
DA:185,0
DA:186,0
DA:187,0
DA:188,0
DA:189,0
DA:190,0
DA:191,0
DA:192,0
DA:193,0
DA:194,0
DA:195,0
DA:196,0
DA:197,0
DA:198,0
DA:199,0
DA:200,0
DA:201,0
DA:202,0
DA:203,0
DA:204,0
DA:205,0
DA:206,0
DA:207,0
DA:208,0
DA:209,0
DA:210,0
DA:211,0
DA:212,0
DA:213,0
DA:214,0
DA:215,0
DA:216,0
DA:217,0
DA:218,0
DA:219,0
DA:220,0
DA:221,0
DA:222,0
DA:223,0
DA:224,0
DA:225,0
DA:227,0
DA:228,0
DA:229,0
DA:231,0
DA:232,0
DA:234,0
DA:235,0
DA:236,0
DA:237,0
DA:238,0
DA:239,0
DA:240,0
DA:241,0
DA:242,0
DA:244,0
DA:245,0
DA:246,0
DA:250,0
DA:251,0
DA:252,0
DA:253,0
DA:254,0
DA:257,0
DA:258,0
DA:259,0
DA:260,0
DA:262,0
DA:263,0
DA:264,0
DA:266,0
DA:276,0
DA:277,0
DA:278,0
DA:279,0
DA:280,0
DA:281,0
DA:282,0
DA:283,0
DA:285,0
DA:287,0
DA:288,0
DA:289,0
DA:290,0
DA:291,0
DA:292,0
DA:293,0
DA:294,0
DA:296,0
DA:297,0
DA:298,0
DA:299,0
DA:300,0
DA:301,0
DA:302,0
DA:303,0
DA:304,0
DA:305,0
DA:308,0
DA:309,0
DA:310,0
DA:311,0
DA:312,0
DA:314,0
DA:315,0
DA:316,0
DA:317,0
DA:318,0
DA:319,0
DA:325,0
DA:330,0
DA:331,0
DA:333,0
DA:335,0
DA:336,0
DA:337,0
DA:338,0
DA:339,0
DA:341,0
DA:342,0
DA:343,0
DA:344,0
DA:345,0
DA:346,0
DA:347,0
DA:349,0
DA:350,0
DA:351,0
DA:352,0
DA:353,0
DA:354,0
DA:355,0
DA:357,0
DA:359,0
DA:360,0
DA:361,0
DA:362,0
DA:363,0
DA:364,0
DA:365,0
DA:366,0
DA:367,0
DA:368,0
DA:370,0
DA:371,0
DA:372,0
DA:374,0
DA:375,0
DA:376,0
DA:377,0
DA:378,0
DA:380,0
DA:382,0
DA:383,0
DA:384,0
DA:386,0
DA:387,0
DA:388,0
DA:389,0
DA:390,0
DA:391,0
DA:392,0
DA:393,0
DA:394,0
DA:396,0
DA:397,0
DA:398,0
DA:399,0
DA:401,0
DA:402,0
DA:403,0
DA:404,0
DA:406,0
DA:407,0
DA:408,0
DA:409,0
DA:410,0
LF:277
LH:0
BRDA:1,0,0,0
BRF:1
BRH:0
end_of_record
TN:
SF:src\mcp-server\tool-definitions.ts
FN:21,getAllMcpTools
FN:35,getActiveToolsForProject
FNF:2
FNH:2
FNDA:3,getAllMcpTools
FNDA:3,getActiveToolsForProject
DA:1,1
DA:21,1
DA:22,3
DA:23,90
DA:24,90
DA:25,90
DA:26,3
DA:27,3
DA:35,1
DA:36,3
DA:37,3
DA:38,1
DA:39,1
DA:41,2
DA:42,2
DA:43,2
DA:44,3
DA:45,0
DA:46,0
DA:49,3
DA:50,1
DA:51,1
DA:52,1
DA:53,1
DA:54,1
DA:55,1
DA:56,1
DA:57,1
DA:58,1
DA:61,1
DA:62,1
DA:63,2
DA:64,2
DA:65,2
DA:66,1
DA:67,1
DA:69,0
DA:70,0
LF:38
LH:34
BRDA:21,0,0,3
BRDA:22,1,0,90
BRDA:35,2,0,3
BRDA:37,3,0,1
BRDA:39,4,0,2
BRDA:44,5,0,0
BRDA:46,6,0,2
BRDA:49,7,0,2
BRDA:49,8,0,1
BRDA:67,9,0,0
BRDA:52,10,0,1
BRDA:62,11,0,2
BRF:12
BRH:10
end_of_record
TN:
SF:src\mcp-server\utils.ts
FN:11,getProjectRoot
FN:15,readAiOsFile
FN:104,getMemoryFilePath
FN:108,getMemoryDirPath
FN:112,getMemoryLockFilePath
FN:116,getSessionMemoryDirPath
FN:120,getSessionLockFilePath
FN:124,getActivePlanPath
FN:128,getCheckpointLogPath
FN:132,getFailureLedgerPath
FN:136,getCompactContextPath
FN:140,getRuntimeStatePath
FN:144,ensureMemoryStore
FN:156,ensureSessionMemoryStore
FN:174,writeTextAtomic
FN:180,readJsonlFile
FN:194,readRuntimeState
FN:226,writeRuntimeState
FN:230,normalizeFailureText
FN:234,sleepSync
FN:245,_releaseLockOnExit
FN:265,_releaseSessionLockOnExit
FN:274,withSessionLock
FN:316,withMemoryLock
FN:372,normalizeWhitespace
FN:376,normalizeMemoryText
FN:385,readMemoryConfig
FN:409,jaccardSimilarity
FN:421,normalizeTags
FN:425,buildMemoryKey
FN:429,buildFingerprint
FN:433,toIsoDate
FN:438,ageInDays
FN:444,canonicalizeEntry
FN:479,sortByRecencyDesc
FN:485,applyStalePolicy
FN:531,markNearDuplicates
FN:567,dedupeEntries
FN:585,serializeEntries
FN:589,writeMemoryEntriesAtomic
FN:600,trimJsonlFileToCap
FN:607,readMemoryEntries
FN:636,recoverMalformedMemoryIfNeeded
FN:641,getMemoryGuidelines
FN:646,getRepoMemory
FN:704,rememberRepoFact
FN:778,getActivePlan
FN:816,upsertActivePlan
FN:865,appendCheckpoint
FN:896,closeCheckpoint
FN:933,recordFailurePattern
FN:1006,compactSessionContext
FN:1090,recordToolCallAndRunWatchdog
FN:1136,setWatchdogThreshold
FN:1158,resetSessionState
FN:1210,syncHostedMemory
FN:1258,pruneMemory
FN:1327,runMemoryMaintenance
FN:1368,searchFiles
FN:1389,buildFileTree
FN:1414,getPrismaSchema
FN:1425,getTrpcProcedures
FN:1445,getApiRoutes
FN:1567,getEnvVars
FN:1628,getPackageInfo
FN:1705,getFileSummary
FN:1765,getImpactOfChange
FN:1828,getDependencyChain
FN:1881,checkForUpdates
FN:1941,getSessionContext
FN:1991,getRecommendations
FN:2001,suggestImprovements
FN:2070,getContextFreshness
FNF:73
FNH:52
FNDA:0,getProjectRoot
FNDA:0,readAiOsFile
FNDA:318,getMemoryFilePath
FNDA:1369,getMemoryDirPath
FNDA:11,getMemoryLockFilePath
FNDA:1069,getSessionMemoryDirPath
FNDA:130,getSessionLockFilePath
FNDA:7,getActivePlanPath
FNDA:375,getCheckpointLogPath
FNDA:267,getFailureLedgerPath
FNDA:3,getCompactContextPath
FNDA:26,getRuntimeStatePath
FNDA:289,ensureMemoryStore
FNDA:261,ensureSessionMemoryStore
FNDA:29,writeTextAtomic
FNDA:6,readJsonlFile
FNDA:12,readRuntimeState
FNDA:12,writeRuntimeState
FNDA:16,normalizeFailureText
FNDA:0,sleepSync
FNDA:0,_releaseLockOnExit
FNDA:0,_releaseSessionLockOnExit
FNDA:130,withSessionLock
FNDA:11,withMemoryLock
FNDA:446,normalizeWhitespace
FNDA:368,normalizeMemoryText
FNDA:17,readMemoryConfig
FNDA:2,jaccardSimilarity
FNDA:40,normalizeTags
FNDA:138,buildMemoryKey
FNDA:39,buildFingerprint
FNDA:85,toIsoDate
FNDA:44,ageInDays
FNDA:39,canonicalizeEntry
FNDA:74,sortByRecencyDesc
FNDA:21,applyStalePolicy
FNDA:17,markNearDuplicates
FNDA:21,dedupeEntries
FNDA:12,serializeEntries
FNDA:12,writeMemoryEntriesAtomic
FNDA:112,trimJsonlFileToCap
FNDA:9,readMemoryEntries
FNDA:4,recoverMalformedMemoryIfNeeded
FNDA:0,getMemoryGuidelines
FNDA:4,getRepoMemory
FNDA:4,rememberRepoFact
FNDA:1,getActivePlan
FNDA:3,upsertActivePlan
FNDA:108,appendCheckpoint
FNDA:1,closeCheckpoint
FNDA:3,recordFailurePattern
FNDA:1,compactSessionContext
FNDA:11,recordToolCallAndRunWatchdog
FNDA:1,setWatchdogThreshold
FNDA:2,resetSessionState
FNDA:1,syncHostedMemory
FNDA:7,pruneMemory
FNDA:1,runMemoryMaintenance
FNDA:0,searchFiles
FNDA:0,buildFileTree
FNDA:0,getPrismaSchema
FNDA:0,getTrpcProcedures
FNDA:0,getApiRoutes
FNDA:0,getEnvVars
FNDA:0,getPackageInfo
FNDA:0,getFileSummary
FNDA:0,getImpactOfChange
FNDA:0,getDependencyChain
FNDA:0,checkForUpdates
FNDA:0,getSessionContext
FNDA:0,getRecommendations
FNDA:0,suggestImprovements
FNDA:0,getContextFreshness
DA:1,1
DA:8,1
DA:9,1
DA:11,1
DA:12,0
DA:13,0
DA:15,1
DA:16,0
DA:17,0
DA:18,0
DA:19,0
DA:20,0
DA:21,0
DA:93,1
DA:94,1
DA:95,1
DA:96,1
DA:97,1
DA:98,1
DA:99,1
DA:100,1
DA:101,1
DA:102,1
DA:104,318
DA:105,318
DA:106,318
DA:108,1369
DA:109,1369
DA:110,1369
DA:112,11
DA:113,11
DA:114,11
DA:116,1069
DA:117,1069
DA:118,1069
DA:120,130
DA:121,130
DA:122,130
DA:124,7
DA:125,7
DA:126,7
DA:128,375
DA:129,375
DA:130,375
DA:132,267
DA:133,267
DA:134,267
DA:136,3
DA:137,3
DA:138,3
DA:140,26
DA:141,26
DA:142,26
DA:144,289
DA:145,289
DA:146,289
DA:147,0
DA:148,0
DA:150,289
DA:151,289
DA:152,0
DA:153,0
DA:154,289
DA:156,261
DA:157,261
DA:158,261
DA:159,261
DA:160,9
DA:161,9
DA:163,261
DA:164,261
DA:165,9
DA:166,9
DA:168,261
DA:169,261
DA:170,9
DA:171,9
DA:172,261
DA:174,29
DA:175,29
DA:176,29
DA:177,29
DA:178,29
DA:180,6
DA:181,6
DA:182,6
DA:183,6
DA:184,6
DA:185,4
DA:186,4
DA:187,4
DA:189,0
DA:190,4
DA:191,6
DA:192,6
DA:194,12
DA:195,12
DA:196,12
DA:197,12
DA:198,12
DA:199,12
DA:200,12
DA:201,12
DA:203,12
DA:205,10
DA:206,10
DA:207,10
DA:208,10
DA:209,0
DA:211,12
DA:212,12
DA:213,12
DA:214,10
DA:215,0
DA:216,12
DA:217,12
DA:218,10
DA:219,0
DA:220,12
DA:221,12
DA:222,0
DA:223,0
DA:224,12
DA:226,12
DA:227,12
DA:228,12
DA:230,16
DA:231,16
DA:232,16
DA:234,0
DA:235,0
DA:236,0
DA:237,0
DA:238,0
DA:243,1
DA:245,0
DA:246,0
DA:247,0
DA:248,0
DA:249,0
DA:251,0
DA:252,0
DA:253,0
DA:254,0
DA:257,1
DA:263,1
DA:265,0
DA:266,0
DA:267,0
DA:268,0
DA:269,0
DA:270,0
DA:272,1
DA:274,130
DA:275,130
DA:276,130
DA:277,130
DA:278,130
DA:280,130
DA:281,130
DA:282,130
DA:283,130
DA:284,130
DA:285,0
DA:287,0
DA:288,0
DA:289,0
DA:290,0
DA:291,0
DA:292,0
DA:293,0
DA:295,0
DA:296,0
DA:297,130
DA:299,130
DA:302,0
DA:303,0
DA:305,130
DA:307,130
DA:308,130
DA:309,130
DA:310,130
DA:311,130
DA:312,130
DA:313,130
DA:314,130
DA:316,11
DA:317,11
DA:318,11
DA:319,11
DA:320,11
DA:322,11
DA:323,12
DA:324,12
DA:325,12
DA:326,12
DA:327,1
DA:328,0
DA:329,0
DA:333,1
DA:334,1
DA:335,1
DA:336,1
DA:337,1
DA:338,1
DA:339,1
DA:341,0
DA:343,0
DA:344,0
DA:345,12
DA:347,11
DA:348,0
DA:349,0
DA:351,11
DA:353,11
DA:354,11
DA:355,11
DA:356,11
DA:358,11
DA:359,11
DA:360,11
DA:362,0
[...]
DA:829,0
DA:831,3
DA:832,3
DA:833,3
DA:834,3
DA:835,3
DA:836,3
DA:838,3
DA:839,3
DA:840,3
DA:841,3
DA:842,3
DA:843,0
DA:844,3
DA:846,3
DA:847,3
DA:848,3
DA:849,3
DA:850,3
DA:851,3
DA:852,3
DA:853,3
DA:854,3
DA:855,3
DA:857,3
DA:858,3
DA:859,3
DA:860,3
DA:861,0
DA:862,0
DA:863,3
DA:865,1
DA:866,108
DA:867,108
DA:868,0
DA:869,0
DA:871,108
DA:872,108
DA:873,108
DA:874,108
DA:875,108
DA:876,108
DA:877,108
DA:878,108
DA:879,108
DA:880,108
DA:881,108
DA:883,108
DA:884,108
DA:885,108
DA:886,108
DA:887,108
DA:888,108
DA:889,108
DA:890,108
DA:891,108
DA:892,0
DA:893,0
DA:894,108
DA:896,1
DA:897,1
DA:898,1
DA:899,0
DA:900,0
DA:902,1
DA:903,1
DA:904,1
DA:905,1
DA:906,1
DA:907,1
DA:909,1
DA:910,0
DA:911,0
DA:913,1
DA:914,1
DA:915,1
DA:916,1
DA:918,1
DA:919,1
DA:920,1
DA:921,1
DA:922,1
DA:923,1
DA:925,1
DA:926,1
DA:927,1
DA:928,1
DA:929,0
DA:930,0
DA:931,1
DA:933,1
DA:934,3
DA:935,3
DA:936,3
DA:937,3
DA:938,3
DA:939,3
DA:940,3
DA:941,3
DA:942,3
DA:943,3
DA:944,3
DA:946,3
DA:947,0
DA:948,0
DA:950,3
DA:951,3
DA:952,3
DA:954,3
DA:955,3
DA:956,3
DA:957,3
DA:958,3
DA:960,3
DA:961,3
DA:962,3
DA:963,3
DA:964,3
DA:965,3
DA:967,3
DA:968,1
DA:969,1
DA:970,1
DA:971,1
DA:972,3
DA:974,3
DA:975,1
DA:976,1
DA:977,1
DA:978,1
DA:979,1
DA:980,1
DA:981,1
DA:983,2
DA:984,2
DA:985,2
DA:986,2
DA:987,2
DA:988,2
DA:989,2
DA:990,2
DA:991,2
DA:992,2
DA:993,2
DA:994,2
DA:996,2
DA:997,2
DA:998,2
DA:999,2
DA:1000,3
DA:1001,3
DA:1002,0
DA:1003,0
DA:1004,3
DA:1006,1
DA:1007,1
DA:1008,1
DA:1009,1
DA:1011,1
DA:1012,1
DA:1013,1
DA:1014,1
DA:1016,1
DA:1017,1
DA:1018,0
DA:1020,1
DA:1021,1
DA:1022,1
DA:1024,1
DA:1025,1
DA:1026,1
DA:1028,1
DA:1029,1
DA:1030,1
DA:1031,1
DA:1032,1
DA:1033,1
DA:1034,1
DA:1036,1
DA:1037,0
DA:1038,1
DA:1039,1
DA:1040,1
DA:1041,1
DA:1042,1
DA:1043,1
DA:1044,1
DA:1045,1
DA:1046,0
DA:1047,1
DA:1048,1
DA:1049,1
DA:1050,1
DA:1052,1
DA:1053,1
DA:1054,1
DA:1055,0
DA:1056,1
DA:1057,1
DA:1058,1
DA:1059,1
DA:1060,1
DA:1061,1
DA:1062,1
DA:1064,1
DA:1065,1
DA:1066,0
DA:1067,1
DA:1068,1
DA:1069,1
DA:1070,1
DA:1071,1
DA:1072,1
DA:1073,1
DA:1075,1
DA:1076,1
DA:1077,1
DA:1078,1
DA:1079,0
DA:1080,0
DA:1082,1
DA:1083,1
DA:1084,1
DA:1085,1
DA:1086,0
DA:1087,0
DA:1088,1
DA:1090,1
DA:1091,11
DA:1092,11
DA:1093,11
DA:1095,11
DA:1096,11
DA:1097,11
DA:1098,11
DA:1100,11
DA:1101,11
DA:1103,11
DA:1104,9
DA:1105,9
DA:1106,9
DA:1108,2
DA:1109,2
DA:1110,2
DA:1111,2
DA:1112,2
DA:1113,2
DA:1114,2
DA:1115,2
DA:1117,2
DA:1118,2
DA:1119,2
DA:1121,2
DA:1122,2
DA:1124,2
DA:1125,11
DA:1126,11
DA:1127,0
DA:1128,0
DA:1129,11
DA:1136,1
DA:1137,1
DA:1138,1
DA:1139,1
DA:1140,1
DA:1141,1
DA:1142,1
DA:1143,1
DA:1144,1
DA:1145,1
DA:1146,1
DA:1147,1
DA:1148,0
DA:1149,0
DA:1150,1
DA:1158,1
DA:1159,2
DA:1160,2
DA:1161,2
DA:1162,2
DA:1164,2
DA:1165,2
DA:1166,1
DA:1167,1
DA:1168,1
DA:1170,2
DA:1171,2
DA:1172,2
DA:1173,2
DA:1174,2
DA:1176,2
DA:1177,2
DA:1178,2
DA:1179,2
DA:1180,2
DA:1182,2
DA:1183,2
DA:1184,0
DA:1185,0
DA:1186,0
DA:1188,2
DA:1189,2
DA:1190,0
DA:1191,0
DA:1192,0
DA:1194,2
DA:1195,0
DA:1196,0
DA:1198,2
DA:1199,2
DA:1200,2
DA:1201,0
DA:1202,0
DA:1203,2
DA:1210,1
DA:1211,1
DA:1212,1
DA:1214,1
DA:1215,1
DA:1216,1
DA:1217,1
DA:1218,1
DA:1219,1
DA:1220,1
DA:1221,1
DA:1222,1
DA:1223,1
DA:1224,1
DA:1225,1
DA:1227,1
DA:1228,0
DA:1229,0
DA:1230,0
DA:1231,0
DA:1232,0
DA:1233,0
DA:1234,0
DA:1235,0
DA:1236,0
DA:1238,1
DA:1239,1
DA:1240,1
DA:1241,1
DA:1242,1
DA:1243,1
DA:1244,1
DA:1245,1
DA:1246,1
DA:1247,1
DA:1249,1
DA:1250,1
DA:1258,1
DA:1259,7
DA:1260,7
DA:1261,7
DA:1262,7
DA:1263,7
DA:1264,7
DA:1266,7
DA:1267,7
DA:1268,7
DA:1269,13
DA:1270,13
DA:1271,13
DA:1272,13
DA:1273,0
DA:1274,13
DA:1275,0
DA:1276,0
DA:1277,13
DA:1279,7
DA:1280,7
DA:1282,7
DA:1283,7
DA:1284,7
DA:1286,7
DA:1287,7
DA:1289,7
DA:1291,7
DA:1292,7
DA:1293,7
DA:1294,7
DA:1295,7
DA:1296,7
DA:1297,7
DA:1298,7
DA:1300,7
DA:1301,7
DA:1302,7
DA:1303,7
DA:1304,7
DA:1305,7
DA:1306,7
DA:1307,7
DA:1308,7
DA:1310,7
DA:1311,0
DA:1312,0
DA:1314,7
DA:1316,7
DA:1317,7
DA:1318,7
DA:1319,0
DA:1320,0
DA:1321,7
DA:1327,1
DA:1328,1
DA:1329,1
DA:1330,1
DA:1331,1
DA:1333,1
DA:1334,1
DA:1335,1
DA:1336,2
DA:1337,2
DA:1338,2
DA:1339,2
DA:1340,0
DA:1341,2
DA:1342,0
DA:1343,0
DA:1344,2
DA:1346,1
DA:1347,1
DA:1349,1
DA:1350,1
DA:1351,1
DA:1353,1
DA:1354,1
DA:1356,1
DA:1357,1
DA:1358,1
DA:1359,1
DA:1360,1
DA:1361,1
DA:1362,1
DA:1363,1
DA:1364,1
DA:1368,1
DA:1369,0
DA:1370,0
DA:1371,0
DA:1372,0
DA:1373,0
DA:1374,0
DA:1375,0
DA:1376,0
DA:1377,0
DA:1378,0
DA:1379,0
DA:1380,0
DA:1381,0
DA:1383,1
DA:1384,1
DA:1385,1
DA:1386,1
DA:1387,1
DA:1389,1
DA:1390,0
DA:1391,0
DA:1392,0
DA:1393,0
DA:1394,0
DA:1395,0
DA:1396,0
DA:1397,0
DA:1398,0
DA:1399,0
DA:1400,0
DA:1402,0
DA:1403,0
DA:1404,0
DA:1405,0
DA:1406,0
DA:1407,0
DA:1408,0
DA:1409,0
DA:1410,0
DA:1411,0
DA:1412,0
DA:1414,1
DA:1415,0
DA:1416,0
DA:1417,0
DA:1418,0
DA:1419,0
DA:1420,0
DA:1421,0
DA:1422,0
DA:1423,0
DA:1425,1
DA:1426,0
DA:1427,0
DA:1428,0
DA:1429,0
DA:1430,0
DA:1431,0
DA:1432,0
DA:1433,0
DA:1434,0
DA:1435,0
DA:1436,0
DA:1437,0
DA:1438,0
DA:1439,0
DA:1440,0
DA:1441,0
DA:1442,0
DA:1443,0
DA:1445,1
DA:1446,0
DA:1448,0
DA:1449,0
DA:1450,0
DA:1451,0
DA:1452,0
DA:1455,0
DA:1456,0
DA:1457,0
DA:1458,0
DA:1459,0
DA:1460,0
DA:1461,0
DA:1462,0
DA:1463,0
DA:1464,0
DA:1466,0
DA:1467,0
DA:1468,0
DA:1469,0
DA:1470,0
DA:1471,0
DA:1472,0
DA:1473,0
DA:1474,0
DA:1476,0
DA:1477,0
DA:1478,0
DA:1479,0
DA:1480,0
DA:1483,0
DA:1484,0
DA:1485,0
DA:1486,0
DA:1487,0
DA:1488,0
DA:1489,0
DA:1490,0
DA:1491,0
DA:1492,0
DA:1493,0
DA:1494,0
DA:1495,0
DA:1496,0
DA:1497,0
DA:1498,0
DA:1499,0
DA:1500,0
DA:1501,0
DA:1502,0
DA:1503,0
DA:1504,0
DA:1505,0
DA:1506,0
DA:1507,0
DA:1508,0
DA:1509,0
DA:1510,0
DA:1511,0
DA:1512,0
DA:1513,0
DA:1514,0
DA:1515,0
DA:1516,0
DA:1517,0
DA:1518,0
DA:1520,0
DA:1521,0
DA:1522,0
DA:1523,0
DA:1525,0
DA:1526,0
DA:1527,0
DA:1528,0
DA:1529,0
DA:1530,0
DA:1531,0
DA:1533,0
DA:1534,0
DA:1535,0
DA:1536,0
DA:1537,0
DA:1538,0
DA:1539,0
DA:1540,0
DA:1541,0
DA:1542,0
DA:1543,0
DA:1545,0
DA:1546,0
DA:1547,0
DA:1549,0
DA:1550,0
DA:1551,0
DA:1552,0
DA:1553,0
DA:1554,0
DA:1555,0
DA:1556,0
DA:1557,0
DA:1559,0
DA:1560,0
DA:1562,0
DA:1563,0
DA:1564,0
DA:1565,0
DA:1567,1
DA:1568,0
DA:1569,0
DA:1571,0
DA:1572,0
DA:1573,0
DA:1574,0
DA:1575,0
DA:1576,0
DA:1579,0
DA:1580,0
DA:1581,0
DA:1582,0
DA:1583,0
DA:1584,0
DA:1585,0
DA:1586,0
DA:1587,0
DA:1589,0
DA:1590,0
DA:1591,0
DA:1592,0
DA:1593,0
DA:1594,0
DA:1595,0
DA:1596,0
DA:1597,0
DA:1598,0
DA:1599,0
DA:1601,0
DA:1602,0
DA:1603,0
DA:1604,0
DA:1605,0
DA:1607,0
DA:1608,0
DA:1610,0
DA:1612,0
DA:1613,0
DA:1614,0
DA:1615,0
DA:1616,0
DA:1617,0
DA:1619,0
DA:1620,0
DA:1621,0
DA:1622,0
DA:1623,0
DA:1625,0
DA:1626,0
DA:1628,1
DA:1629,0
DA:1632,0
DA:1633,0
DA:1634,0
DA:1641,0
DA:1643,0
DA:1644,0
DA:1645,0
DA:1647,0
DA:1648,0
DA:1649,0
DA:1650,0
DA:1651,0
DA:1652,0
DA:1653,0
DA:1656,0
DA:1657,0
DA:1658,0
DA:1659,0
DA:1660,0
DA:1661,0
DA:1662,0
DA:1663,0
DA:1664,0
DA:1665,0
DA:1668,0
DA:1669,0
DA:1670,0
DA:1671,0
DA:1672,0
DA:1673,0
DA:1674,0
DA:1675,0
DA:1676,0
DA:1677,0
DA:1678,0
DA:1679,0
DA:1682,0
DA:1683,0
DA:1684,0
DA:1685,0
DA:1686,0
DA:1687,0
DA:1690,0
DA:1691,0
DA:1692,0
DA:1693,0
DA:1694,0
DA:1695,0
DA:1696,0
DA:1698,0
DA:1699,0
DA:1700,0
DA:1702,0
DA:1703,0
DA:1705,1
DA:1706,0
DA:1707,0
DA:1708,0
DA:1709,0
DA:1710,0
DA:1711,0
DA:1712,0
DA:1714,0
DA:1716,0
DA:1717,0
DA:1718,0
DA:1719,0
DA:1721,0
DA:1722,0
DA:1723,0
DA:1724,0
DA:1726,0
DA:1727,0
DA:1728,0
DA:1729,0
DA:1731,0
DA:1732,0
DA:1733,0
DA:1734,0
DA:1736,0
DA:1737,0
DA:1738,0
DA:1739,0
DA:1740,0
DA:1742,0
DA:1743,0
DA:1744,0
DA:1745,0
DA:1746,0
DA:1747,0
DA:1748,0
DA:1749,0
DA:1750,0
DA:1751,0
DA:1754,0
DA:1755,0
DA:1756,0
DA:1757,0
DA:1759,0
DA:1760,0
DA:1761,0
DA:1762,0
DA:1763,0
DA:1765,1
DA:1766,0
DA:1767,0
DA:1768,0
DA:1769,0
DA:1770,0
DA:1771,0
DA:1773,0
DA:1774,0
DA:1775,0
DA:1776,0
DA:1777,0
DA:1778,0
DA:1781,0
DA:1783,0
DA:1784,0
DA:1786,0
DA:1787,0
DA:1788,0
DA:1789,0
DA:1790,0
DA:1791,0
DA:1792,0
DA:1793,0
DA:1794,0
DA:1797,0
DA:1798,0
DA:1799,0
DA:1800,0
DA:1801,0
DA:1802,0
DA:1803,0
DA:1804,0
DA:1805,0
DA:1807,0
DA:1808,0
DA:1810,0
DA:1811,0
DA:1812,0
DA:1813,0
DA:1814,0
DA:1815,0
DA:1816,0
DA:1817,0
DA:1818,0
DA:1819,0
DA:1820,0
DA:1821,0
DA:1822,0
DA:1823,0
DA:1825,0
DA:1826,0
DA:1828,1
DA:1829,0
DA:1830,0
DA:1831,0
DA:1832,0
DA:1833,0
DA:1834,0
DA:1836,0
DA:1837,0
DA:1838,0
DA:1839,0
DA:1840,0
DA:1841,0
DA:1843,0
DA:1844,0
DA:1845,0
DA:1846,0
DA:1847,0
DA:1849,0
DA:1850,0
DA:1851,0
DA:1852,0
DA:1853,0
DA:1855,0
DA:1856,0
DA:1857,0
DA:1858,0
DA:1859,0
DA:1860,0
DA:1861,0
DA:1862,0
DA:1863,0
DA:1865,0
DA:1866,0
DA:1868,0
DA:1869,0
DA:1870,0
DA:1871,0
DA:1872,0
DA:1873,0
DA:1874,0
DA:1875,0
DA:1876,0
DA:1878,0
DA:1879,0
DA:1881,1
DA:1882,0
DA:1883,0
DA:1884,0
DA:1885,0
DA:1886,0
DA:1887,0
DA:1889,0
DA:1890,0
DA:1891,0
DA:1892,0
DA:1896,0
DA:1897,0
DA:1898,0
DA:1899,0
DA:1900,0
DA:1902,0
DA:1903,0
DA:1904,0
DA:1905,0
DA:1906,0
DA:1907,0
DA:1908,0
DA:1910,0
DA:1912,0
DA:1913,0
DA:1914,0
DA:1915,0
DA:1916,0
DA:1917,0
DA:1918,0
DA:1920,0
DA:1921,0
DA:1922,0
DA:1923,0
DA:1924,0
DA:1925,0
DA:1926,0
DA:1927,0
DA:1928,0
DA:1929,0
DA:1930,0
DA:1931,0
DA:1932,0
DA:1933,0
DA:1934,0
DA:1936,0
DA:1937,0
DA:1941,1
DA:1942,0
DA:1943,0
DA:1944,0
DA:1945,0
DA:1946,0
DA:1947,0
DA:1948,0
DA:1949,0
DA:1950,0
DA:1951,0
DA:1952,0
DA:1953,0
DA:1954,0
DA:1955,0
DA:1956,0
DA:1957,0
DA:1958,0
DA:1959,0
DA:1960,0
DA:1961,0
DA:1962,0
DA:1963,0
DA:1965,0
DA:1966,0
DA:1967,0
DA:1968,0
DA:1970,0
DA:1971,0
DA:1972,0
DA:1973,0
DA:1974,0
DA:1975,0
DA:1976,0
DA:1977,0
DA:1978,0
DA:1979,0
DA:1981,0
DA:1982,0
DA:1983,0
DA:1984,0
DA:1985,0
DA:1986,0
DA:1987,0
DA:1991,1
DA:1992,0
DA:1993,0
DA:1994,0
DA:1995,0
DA:1996,0
DA:1997,0
DA:2001,1
DA:2002,0
DA:2005,0
DA:2006,0
DA:2007,0
DA:2008,0
DA:2009,0
DA:2012,0
DA:2013,0
DA:2014,0
DA:2017,0
DA:2018,0
DA:2019,0
DA:2022,0
DA:2023,0
DA:2024,0
DA:2025,0
DA:2026,0
DA:2027,0
DA:2028,0
DA:2029,0
DA:2030,0
DA:2033,0
DA:2034,0
DA:2035,0
DA:2036,0
DA:2039,0
DA:2040,0
DA:2041,0
DA:2042,0
DA:2046,0
DA:2047,0
DA:2048,0
DA:2049,0
DA:2050,0
DA:2051,0
DA:2052,0
DA:2054,0
DA:2055,0
DA:2057,0
DA:2058,0
DA:2059,0
DA:2061,0
DA:2062,0
DA:2063,0
DA:2064,0
DA:2065,0
DA:2066,0
DA:2070,1
DA:2071,0
DA:2072,0
DA:2073,0
LF:1615
LH:892
BRDA:8,0,0,0
BRDA:104,1,0,318
BRDA:108,2,0,1369
BRDA:112,3,0,11
BRDA:116,4,0,1069
BRDA:120,5,0,130
BRDA:124,6,0,7
BRDA:128,7,0,375
BRDA:132,8,0,267
BRDA:136,9,0,3
BRDA:140,10,0,26
BRDA:144,11,0,289
BRDA:146,12,0,0
BRDA:151,13,0,0
BRDA:156,14,0,261
BRDA:159,15,0,9
BRDA:164,16,0,9
BRDA:169,17,0,9
BRDA:174,18,0,29
BRDA:180,19,0,6
BRDA:181,20,0,0
BRDA:184,21,0,4
BRDA:187,22,0,0
BRDA:182,23,0,10
BRDA:194,24,0,12
BRDA:203,25,0,2
BRDA:203,26,0,10
BRDA:207,27,0,10
BRDA:208,28,0,0
BRDA:212,29,0,10
BRDA:212,30,0,0
BRDA:213,31,0,10
BRDA:214,32,0,0
BRDA:217,33,0,10
BRDA:217,34,0,10
BRDA:218,35,0,0
BRDA:221,36,0,0
BRDA:226,37,0,12
BRDA:230,38,0,16
BRDA:274,39,0,130
BRDA:284,40,0,0
BRDA:299,41,0,0
BRDA:311,42,0,0
BRDA:312,43,0,0
BRDA:316,44,0,11
BRDA:322,45,0,12
BRDA:326,46,0,1
BRDA:327,47,0,0
BRDA:339,48,0,0
BRDA:347,49,0,0
BRDA:360,50,0,0
BRDA:366,51,0,0
BRDA:372,52,0,446
BRDA:376,53,0,368
BRDA:385,54,0,17
BRDA:390,55,0,2
BRDA:390,56,0,2
BRDA:391,57,0,0
BRDA:394,58,0,0
BRDA:395,59,0,2
BRDA:398,60,0,15
BRDA:409,61,0,2
BRDA:412,62,0,0
BRDA:414,63,0,28
BRDA:415,64,0,26
BRDA:421,65,0,40
BRDA:422,66,0,14
BRDA:425,67,0,138
BRDA:429,68,0,39
BRDA:433,69,0,85
BRDA:434,70,0,0
BRDA:435,71,0,0
BRDA:438,72,0,44
BRDA:440,73,0,0
BRDA:444,74,0,39
BRDA:445,75,0,0
BRDA:446,76,0,0
BRDA:447,77,0,0
BRDA:450,78,0,0
BRDA:454,79,0,38
BRDA:454,80,0,1
BRDA:456,81,0,0
BRDA:459,82,0,0
BRDA:460,83,0,3
BRDA:460,84,0,36
BRDA:473,85,0,3
BRDA:473,86,0,36
BRDA:474,87,0,0
BRDA:475,88,0,0
BRDA:459,89,0,9
BRDA:479,90,0,74
BRDA:480,91,0,1
BRDA:481,92,0,1
BRDA:485,93,0,21
BRDA:486,94,0,4
BRDA:488,95,0,49
BRDA:490,96,0,47
BRDA:495,97,0,47
BRDA:498,98,0,49
BRDA:499,99,0,5
BRDA:499,100,0,44
BRDA:504,101,0,0
BRDA:512,102,0,49
BRDA:513,103,0,5
BRDA:513,104,0,44
BRDA:514,105,0,2
BRDA:514,106,0,6
BRDA:531,107,0,17
BRDA:533,108,0,35
BRDA:535,109,0,33
BRDA:541,110,0,33
BRDA:546,111,0,32
BRDA:547,112,0,2
BRDA:551,113,0,0
BRDA:552,114,0,0
BRDA:543,115,0,35
BRDA:567,116,0,21
BRDA:571,117,0,49
BRDA:572,118,0,0
BRDA:572,119,0,0
BRDA:576,120,0,0
BRDA:585,121,0,12
BRDA:586,122,0,10
BRDA:586,123,0,2
BRDA:586,124,0,20
BRDA:589,125,0,12
BRDA:600,126,0,112
BRDA:601,127,0,0
BRDA:603,128,0,107
BRDA:603,129,0,5
BRDA:607,130,0,9
BRDA:615,131,0,21
BRDA:619,132,0,20
BRDA:619,133,0,0
BRDA:621,134,0,1
BRDA:611,135,0,30
BRDA:636,136,0,4
BRDA:637,137,0,3
BRDA:637,138,0,1
BRDA:646,139,0,4
BRDA:648,140,0,2
BRDA:649,141,0,2
BRDA:650,142,0,0
BRDA:664,143,0,0
BRDA:679,144,0,0
BRDA:683,145,0,6
BRDA:685,146,0,2
BRDA:685,147,0,4
BRDA:688,148,0,0
BRDA:689,149,0,0
BRDA:692,150,0,2
BRDA:695,151,0,0
BRDA:653,152,0,9
BRDA:654,153,0,3
BRDA:654,154,0,0
BRDA:655,155,0,6
BRDA:655,156,0,3
BRDA:668,157,0,9
BRDA:704,158,0,4
BRDA:707,159,0,0
BRDA:773,160,0,0
BRDA:712,161,0,4
BRDA:720,162,0,0
BRDA:721,163,0,2
BRDA:725,164,0,0
BRDA:739,165,0,1
BRDA:748,166,0,0
BRDA:751,167,0,3
BRDA:754,168,0,0
BRDA:760,169,0,3
BRDA:767,170,0,0
BRDA:769,171,0,3
BRDA:721,172,0,7
BRDA:735,173,0,11
BRDA:738,174,0,1
BRDA:738,175,0,0
BRDA:778,176,0,1
BRDA:782,177,0,0
BRDA:802,178,0,0
BRDA:811,179,0,0
BRDA:816,180,0,3
BRDA:827,181,0,0
BRDA:832,182,0,0
BRDA:833,183,0,1
BRDA:860,184,0,0
BRDA:835,185,0,3
BRDA:839,186,0,3
BRDA:842,187,0,0
BRDA:850,188,0,2
BRDA:850,189,0,1
BRDA:851,190,0,2
BRDA:851,191,0,1
BRDA:852,192,0,2
BRDA:852,193,0,1
BRDA:865,194,0,108
BRDA:867,195,0,0
BRDA:872,196,0,0
BRDA:877,197,0,2
BRDA:877,198,0,106
BRDA:878,199,0,2
BRDA:878,200,0,106
BRDA:880,201,0,0
BRDA:891,202,0,0
BRDA:884,203,0,108
BRDA:896,204,0,1
BRDA:898,205,0,0
BRDA:928,206,0,0
BRDA:903,207,0,1
BRDA:909,208,0,0
BRDA:921,209,0,0
BRDA:925,210,0,0
BRDA:907,211,0,1
BRDA:925,212,0,1
BRDA:933,213,0,3
BRDA:946,214,0,0
BRDA:950,215,0,2
BRDA:950,216,0,0
BRDA:951,217,0,0
BRDA:1001,218,0,0
BRDA:955,219,0,3
BRDA:974,220,0,1
BRDA:979,221,0,0
BRDA:981,222,0,2
BRDA:967,223,0,1
BRDA:979,224,0,1
BRDA:998,225,0,2
BRDA:1006,226,0,1
BRDA:1085,227,0,0
BRDA:1008,228,0,1
BRDA:1017,229,0,0
BRDA:1036,230,0,0
BRDA:1045,231,0,0
BRDA:1054,232,0,0
BRDA:1065,233,0,0
BRDA:1078,234,0,0
BRDA:1053,235,0,1
BRDA:1090,236,0,11
BRDA:1126,237,0,0
BRDA:1092,238,0,11
BRDA:1103,239,0,9
BRDA:1106,240,0,2
BRDA:1136,241,0,1
BRDA:1147,242,0,0
BRDA:1139,243,0,1
BRDA:1158,244,0,2
BRDA:1200,245,0,0
BRDA:1160,246,0,2
BRDA:1165,247,0,1
BRDA:1183,248,0,0
BRDA:1189,249,0,0
BRDA:1194,250,0,0
BRDA:1210,251,0,1
BRDA:1227,252,0,0
BRDA:1258,253,0,7
BRDA:1318,254,0,0
BRDA:1260,255,0,7
BRDA:1268,256,0,13
BRDA:1272,257,0,0
BRDA:1274,258,0,0
BRDA:1310,259,0,0
BRDA:1264,260,0,20
BRDA:1286,261,0,13
BRDA:1287,262,0,13
BRDA:1327,263,0,1
BRDA:1335,264,0,2
BRDA:1339,265,0,0
BRDA:1341,266,0,0
BRDA:1331,267,0,3
BRDA:1353,268,0,2
BRDA:1354,269,0,2
BRF:270
BRH:173
end_of_record
TN:
SF:src\recommendations\cli-compat.ts
FN:32,detectSkillsCliMode
FN:61,buildSkillsInstallCommand
FN:77,isLegacySkillCommand
FNF:3
FNH:2
FNDA:0,detectSkillsCliMode
FNDA:21,buildSkillsInstallCommand
FNDA:7,isLegacySkillCommand
DA:1,1
DA:32,1
DA:33,0
DA:34,0
DA:35,0
DA:39,0
DA:40,0
DA:41,0
DA:42,0
DA:43,0
DA:45,0
DA:46,0
DA:47,0
DA:61,1
DA:62,21
DA:63,21
DA:64,21
DA:65,21
DA:66,18
DA:67,18
DA:68,18
DA:70,3
DA:71,3
DA:77,1
DA:78,7
DA:79,7
LF:26
LH:15
BRDA:61,0,0,21
BRDA:65,1,0,18
BRDA:66,2,0,16
BRDA:66,3,0,2
BRDA:68,4,0,3
BRDA:77,5,0,7
BRF:6
BRH:6
end_of_record
TN:
SF:src\recommendations\index.ts
FN:23,collectRecommendations
FN:30,applyRec
FN:85,generateRecommendationsDoc
FN:203,getSkillsGapReport
FN:238,generateRecommendations
FN:247,buildRecommendationsText
FNF:6
FNH:4
FNDA:40,collectRecommendations
FNDA:104,applyRec
FNDA:8,generateRecommendationsDoc
FNDA:0,getSkillsGapReport
FNDA:0,generateRecommendations
FNDA:8,buildRecommendationsText
DA:1,1
DA:23,1
DA:24,40
DA:25,40
DA:26,40
DA:27,40
DA:28,40
DA:30,40
DA:31,104
DA:32,6
DA:33,6
DA:34,6
DA:35,104
DA:36,72
DA:37,69
DA:38,69
DA:39,69
DA:40,72
DA:41,104
DA:42,136
DA:43,114
DA:44,114
DA:45,67
DA:46,67
DA:47,114
DA:48,47
DA:49,47
DA:50,47
DA:51,114
DA:52,136
DA:53,104
DA:54,0
DA:55,0
DA:56,0
DA:57,104
DA:60,40
DA:61,21
DA:62,21
DA:63,21
DA:66,40
DA:67,5
DA:68,5
DA:69,5
DA:72,40
DA:73,40
DA:74,40
DA:75,40
DA:78,40
DA:79,40
DA:80,40
DA:82,40
DA:83,40
DA:85,8
DA:86,8
DA:87,8
DA:88,8
DA:89,8
DA:90,8
DA:91,8
DA:93,8
DA:94,8
DA:95,8
DA:96,8
DA:97,8
DA:98,8
DA:99,8
DA:100,8
DA:101,8
DA:102,8
DA:103,8
DA:104,8
DA:105,8
DA:106,8
DA:108,8
DA:109,0
DA:110,0
DA:111,0
DA:112,0
DA:113,0
DA:114,0
DA:115,0
DA:116,0
DA:117,0
DA:118,0
DA:119,0
DA:120,0
DA:121,0
DA:122,0
DA:123,0
DA:124,0
DA:125,0
DA:126,0
DA:128,8
DA:129,8
DA:130,8
DA:131,14
DA:132,14
DA:133,8
DA:134,8
DA:135,8
DA:136,8
DA:137,14
DA:138,14
DA:139,8
DA:140,8
DA:141,8
DA:144,8
DA:145,3
DA:146,3
DA:147,9
DA:148,9
DA:149,3
DA:150,3
DA:151,3
DA:152,3
DA:153,9
DA:154,9
DA:155,9
DA:156,3
DA:157,3
DA:158,3
DA:159,3
DA:160,3
DA:161,3
DA:162,3
DA:163,3
DA:165,8
DA:166,0
DA:167,0
DA:168,0
DA:169,0
DA:170,0
DA:171,0
DA:174,8
DA:175,8
DA:176,8
DA:177,8
DA:178,8
DA:179,13
DA:180,13
DA:181,8
DA:182,8
DA:183,8
DA:184,8
DA:185,13
DA:186,13
DA:187,8
DA:188,8
DA:189,8
DA:190,0
DA:191,0
DA:192,0
DA:193,8
DA:194,8
DA:196,8
DA:197,8
DA:199,8
DA:200,8
DA:203,1
DA:204,0
DA:206,0
DA:207,0
DA:208,0
DA:209,0
DA:211,0
DA:212,0
DA:213,0
DA:217,0
DA:218,0
DA:219,0
DA:220,0
DA:221,0
DA:222,0
DA:224,0
DA:226,0
DA:227,0
DA:228,0
DA:229,0
DA:231,0
DA:233,0
DA:234,0
DA:235,0
DA:238,1
DA:239,0
DA:240,0
DA:241,0
DA:242,0
DA:243,0
DA:244,0
DA:247,1
DA:248,8
DA:249,8
DA:250,8
LF:193
LH:134
BRDA:23,0,0,40
BRDA:60,1,0,21
BRDA:62,2,0,19
BRDA:66,3,0,5
BRDA:30,4,0,104
BRDA:31,5,0,7
BRDA:31,6,0,6
BRDA:35,7,0,42
BRDA:35,8,0,72
BRDA:36,9,0,69
BRDA:41,10,0,40
BRDA:41,11,0,136
BRDA:42,12,0,114
BRDA:44,13,0,67
BRDA:47,14,0,47
BRDA:48,15,0,40
BRDA:53,16,0,0
BRDA:53,17,0,0
BRDA:85,18,0,8
BRDA:108,19,0,0
BRDA:130,20,0,14
BRDA:136,21,0,14
BRDA:144,22,0,3
BRDA:146,23,0,9
BRDA:152,24,0,9
BRDA:153,25,0,6
BRDA:153,26,0,3
BRDA:165,27,0,0
BRDA:178,28,0,13
BRDA:184,29,0,13
BRDA:189,30,0,0
BRDA:157,31,0,9
BRDA:160,32,0,3
BRDA:188,33,0,13
BRDA:247,34,0,8
BRF:35
BRH:30
end_of_record
TN:
SF:src\recommendations\registry.ts
FNF:0
FNH:0
DA:27,1
DA:28,1
DA:29,1
DA:30,1
DA:31,1
DA:32,1
DA:33,1
DA:34,1
DA:35,1
DA:36,1
DA:37,1
DA:38,1
DA:39,1
DA:40,1
DA:41,1
DA:42,1
DA:43,1
DA:44,1
DA:45,1
DA:46,1
DA:47,1
DA:48,1
DA:49,1
DA:50,1
DA:51,1
DA:52,1
DA:53,1
DA:54,1
DA:55,1
DA:56,1
DA:57,1
DA:58,1
DA:59,1
DA:60,1
DA:61,1
DA:62,1
DA:63,1
DA:64,1
DA:65,1
DA:66,1
DA:67,1
DA:68,1
DA:69,1
DA:70,1
DA:71,1
DA:72,1
DA:73,1
DA:74,1
DA:75,1
DA:76,1
DA:77,1
DA:78,1
DA:79,1
DA:80,1
DA:81,1
DA:82,1
DA:83,1
DA:84,1
DA:85,1
DA:86,1
DA:87,1
DA:88,1
DA:89,1
DA:90,1
DA:91,1
DA:92,1
DA:93,1
DA:94,1
DA:95,1
DA:96,1
DA:97,1
DA:98,1
DA:99,1
DA:100,1
DA:101,1
DA:102,1
DA:103,1
DA:104,1
DA:105,1
DA:106,1
DA:107,1
DA:108,1
DA:109,1
DA:110,1
DA:111,1
DA:112,1
DA:113,1
DA:114,1
DA:115,1
DA:116,1
DA:117,1
DA:118,1
DA:119,1
DA:120,1
DA:121,1
DA:122,1
DA:123,1
DA:124,1
DA:127,1
DA:128,1
DA:129,1
DA:130,1
DA:131,1
DA:132,1
DA:133,1
DA:134,1
DA:135,1
DA:136,1
DA:137,1
DA:138,1
DA:139,1
DA:140,1
DA:141,1
DA:142,1
DA:143,1
DA:144,1
DA:145,1
DA:146,1
DA:147,1
DA:148,1
DA:149,1
DA:150,1
DA:151,1
DA:152,1
DA:153,1
DA:154,1
DA:155,1
DA:156,1
DA:157,1
DA:158,1
DA:159,1
DA:160,1
DA:161,1
DA:162,1
DA:163,1
DA:164,1
DA:165,1
DA:166,1
DA:167,1
DA:168,1
DA:169,1
DA:170,1
DA:171,1
DA:172,1
DA:173,1
DA:174,1
DA:175,1
DA:176,1
DA:177,1
DA:178,1
DA:179,1
DA:180,1
DA:181,1
DA:182,1
DA:183,1
DA:184,1
DA:185,1
DA:186,1
DA:187,1
DA:188,1
DA:189,1
DA:190,1
DA:191,1
DA:192,1
DA:193,1
DA:194,1
DA:195,1
DA:196,1
DA:197,1
DA:198,1
DA:201,1
DA:202,1
DA:203,1
DA:204,1
DA:205,1
DA:206,1
DA:207,1
DA:208,1
DA:209,1
DA:210,1
DA:211,1
DA:212,1
DA:213,1
DA:214,1
DA:215,1
DA:216,1
DA:217,1
DA:218,1
DA:219,1
DA:220,1
DA:221,1
DA:222,1
DA:223,1
DA:224,1
DA:225,1
DA:226,1
DA:227,1
DA:228,1
DA:229,1
DA:230,1
DA:231,1
DA:232,1
DA:233,1
DA:234,1
DA:237,1
DA:238,1
DA:239,1
DA:240,1
DA:241,1
DA:242,1
DA:243,1
DA:244,1
DA:245,1
DA:246,1
LF:214
LH:214
BRF:0
BRH:0
end_of_record
